CRITICAL - 2022-12-20 00:26:35 --> Call to undefined method App\Models\frontend\NotificationsShow_model::saveNotiStatus
in SYSTEMPATH\Model.php on line 774.
 1 APPPATH\Controllers\frontend\Notifications.php(81): CodeIgniter\Model->__call('saveNotiStatus', [...])
 2 SYSTEMPATH\CodeIgniter.php(927): App\Controllers\frontend\Notifications->readAllStatus()
 3 SYSTEMPATH\CodeIgniter.php(482): CodeIgniter\CodeIgniter->runController(Object(App\Controllers\frontend\Notifications))
 4 SYSTEMPATH\CodeIgniter.php(351): CodeIgniter\CodeIgniter->handleRequest(null, Object(Config\Cache), false)
 5 FCPATH\index.php(67): CodeIgniter\CodeIgniter->run()
CRITICAL - 2022-12-20 00:26:40 --> Call to undefined method App\Models\frontend\NotificationsShow_model::saveNotiStatus
in SYSTEMPATH\Model.php on line 774.
 1 APPPATH\Controllers\frontend\Notifications.php(81): CodeIgniter\Model->__call('saveNotiStatus', [...])
 2 SYSTEMPATH\CodeIgniter.php(927): App\Controllers\frontend\Notifications->readAllStatus()
 3 SYSTEMPATH\CodeIgniter.php(482): CodeIgniter\CodeIgniter->runController(Object(App\Controllers\frontend\Notifications))
 4 SYSTEMPATH\CodeIgniter.php(351): CodeIgniter\CodeIgniter->handleRequest(null, Object(Config\Cache), false)
 5 FCPATH\index.php(67): CodeIgniter\CodeIgniter->run()
CRITICAL - 2022-12-20 00:26:50 --> Call to undefined method App\Models\frontend\NotificationsShow_model::saveNotiStatus
in SYSTEMPATH\Model.php on line 774.
 1 APPPATH\Controllers\frontend\Notifications.php(81): CodeIgniter\Model->__call('saveNotiStatus', [...])
 2 SYSTEMPATH\CodeIgniter.php(927): App\Controllers\frontend\Notifications->readAllStatus()
 3 SYSTEMPATH\CodeIgniter.php(482): CodeIgniter\CodeIgniter->runController(Object(App\Controllers\frontend\Notifications))
 4 SYSTEMPATH\CodeIgniter.php(351): CodeIgniter\CodeIgniter->handleRequest(null, Object(Config\Cache), false)
 5 FCPATH\index.php(67): CodeIgniter\CodeIgniter->run()
CRITICAL - 2022-12-20 00:26:59 --> Call to undefined method App\Models\frontend\NotificationsShow_model::saveNotiStatus
in SYSTEMPATH\Model.php on line 774.
 1 APPPATH\Controllers\frontend\Notifications.php(81): CodeIgniter\Model->__call('saveNotiStatus', [...])
 2 SYSTEMPATH\CodeIgniter.php(927): App\Controllers\frontend\Notifications->readAllStatus()
 3 SYSTEMPATH\CodeIgniter.php(482): CodeIgniter\CodeIgniter->runController(Object(App\Controllers\frontend\Notifications))
 4 SYSTEMPATH\CodeIgniter.php(351): CodeIgniter\CodeIgniter->handleRequest(null, Object(Config\Cache), false)
 5 FCPATH\index.php(67): CodeIgniter\CodeIgniter->run()
CRITICAL - 2022-12-20 00:27:09 --> Call to undefined method App\Models\frontend\NotificationsShow_model::saveNotiStatus
in SYSTEMPATH\Model.php on line 774.
 1 APPPATH\Controllers\frontend\Notifications.php(81): CodeIgniter\Model->__call('saveNotiStatus', [...])
 2 SYSTEMPATH\CodeIgniter.php(927): App\Controllers\frontend\Notifications->readAllStatus()
 3 SYSTEMPATH\CodeIgniter.php(482): CodeIgniter\CodeIgniter->runController(Object(App\Controllers\frontend\Notifications))
 4 SYSTEMPATH\CodeIgniter.php(351): CodeIgniter\CodeIgniter->handleRequest(null, Object(Config\Cache), false)
 5 FCPATH\index.php(67): CodeIgniter\CodeIgniter->run()
CRITICAL - 2022-12-20 00:27:19 --> Call to undefined method App\Models\frontend\NotificationsShow_model::saveNotiStatus
in SYSTEMPATH\Model.php on line 774.
 1 APPPATH\Controllers\frontend\Notifications.php(81): CodeIgniter\Model->__call('saveNotiStatus', [...])
 2 SYSTEMPATH\CodeIgniter.php(927): App\Controllers\frontend\Notifications->readAllStatus()
 3 SYSTEMPATH\CodeIgniter.php(482): CodeIgniter\CodeIgniter->runController(Object(App\Controllers\frontend\Notifications))
 4 SYSTEMPATH\CodeIgniter.php(351): CodeIgniter\CodeIgniter->handleRequest(null, Object(Config\Cache), false)
 5 FCPATH\index.php(67): CodeIgniter\CodeIgniter->run()
CRITICAL - 2022-12-20 00:27:29 --> Call to undefined method App\Models\frontend\NotificationsShow_model::saveNotiStatus
in SYSTEMPATH\Model.php on line 774.
 1 APPPATH\Controllers\frontend\Notifications.php(81): CodeIgniter\Model->__call('saveNotiStatus', [...])
 2 SYSTEMPATH\CodeIgniter.php(927): App\Controllers\frontend\Notifications->readAllStatus()
 3 SYSTEMPATH\CodeIgniter.php(482): CodeIgniter\CodeIgniter->runController(Object(App\Controllers\frontend\Notifications))
 4 SYSTEMPATH\CodeIgniter.php(351): CodeIgniter\CodeIgniter->handleRequest(null, Object(Config\Cache), false)
 5 FCPATH\index.php(67): CodeIgniter\CodeIgniter->run()
CRITICAL - 2022-12-20 00:27:39 --> Undefined variable $data
in APPPATH\Controllers\frontend\Notifications.php on line 74.
 1 APPPATH\Controllers\frontend\Notifications.php(74): CodeIgniter\Debug\Exceptions->errorHandler(2, 'Undefined variable $data', 'APPPATH\\Controllers\\frontend\\Notifications.php', 74)
 2 SYSTEMPATH\CodeIgniter.php(927): App\Controllers\frontend\Notifications->readAllStatus()
 3 SYSTEMPATH\CodeIgniter.php(482): CodeIgniter\CodeIgniter->runController(Object(App\Controllers\frontend\Notifications))
 4 SYSTEMPATH\CodeIgniter.php(351): CodeIgniter\CodeIgniter->handleRequest(null, Object(Config\Cache), false)
 5 FCPATH\index.php(67): CodeIgniter\CodeIgniter->run()
CRITICAL - 2022-12-20 00:28:23 --> syntax error, unexpected token "="
in APPPATH\Controllers\frontend\Notifications.php on line 86.
 1 SYSTEMPATH\Autoloader\Autoloader.php(259): CodeIgniter\Autoloader\Autoloader->includeFile('APPPATH\\Controllers\\frontend\\Notifications.php')
 2 SYSTEMPATH\Autoloader\Autoloader.php(237): CodeIgniter\Autoloader\Autoloader->loadInNamespace('App\\Controllers\\frontend\\Notifications')
 3 [internal function]: CodeIgniter\Autoloader\Autoloader->loadClass('App\\Controllers\\frontend\\Notifications')
 4 SYSTEMPATH\CodeIgniter.php(877): class_exists('\\App\\Controllers\\frontend\\Notifications', true)
 5 SYSTEMPATH\CodeIgniter.php(469): CodeIgniter\CodeIgniter->startController()
 6 SYSTEMPATH\CodeIgniter.php(351): CodeIgniter\CodeIgniter->handleRequest(null, Object(Config\Cache), false)
 7 FCPATH\index.php(67): CodeIgniter\CodeIgniter->run()
CRITICAL - 2022-12-20 00:34:25 --> Attempt to read property "id" on null
in APPPATH\Controllers\frontend\Page.php on line 49.
 1 APPPATH\Controllers\frontend\Page.php(49): CodeIgniter\Debug\Exceptions->errorHandler(2, 'Attempt to read property "id" on null', 'APPPATH\\Controllers\\frontend\\Page.php', 49)
 2 SYSTEMPATH\CodeIgniter.php(927): App\Controllers\frontend\Page->index('read')
 3 SYSTEMPATH\CodeIgniter.php(482): CodeIgniter\CodeIgniter->runController(Object(App\Controllers\frontend\Page))
 4 SYSTEMPATH\CodeIgniter.php(351): CodeIgniter\CodeIgniter->handleRequest(null, Object(Config\Cache), false)
 5 FCPATH\index.php(67): CodeIgniter\CodeIgniter->run()
CRITICAL - 2022-12-20 00:34:42 --> Attempt to read property "id" on null
in APPPATH\Controllers\frontend\Page.php on line 49.
 1 APPPATH\Controllers\frontend\Page.php(49): CodeIgniter\Debug\Exceptions->errorHandler(2, 'Attempt to read property "id" on null', 'APPPATH\\Controllers\\frontend\\Page.php', 49)
 2 SYSTEMPATH\CodeIgniter.php(927): App\Controllers\frontend\Page->index('read')
 3 SYSTEMPATH\CodeIgniter.php(482): CodeIgniter\CodeIgniter->runController(Object(App\Controllers\frontend\Page))
 4 SYSTEMPATH\CodeIgniter.php(351): CodeIgniter\CodeIgniter->handleRequest(null, Object(Config\Cache), false)
 5 FCPATH\index.php(67): CodeIgniter\CodeIgniter->run()
CRITICAL - 2022-12-20 00:34:51 --> Attempt to read property "id" on null
in APPPATH\Controllers\frontend\Page.php on line 49.
 1 APPPATH\Controllers\frontend\Page.php(49): CodeIgniter\Debug\Exceptions->errorHandler(2, 'Attempt to read property "id" on null', 'APPPATH\\Controllers\\frontend\\Page.php', 49)
 2 SYSTEMPATH\CodeIgniter.php(927): App\Controllers\frontend\Page->index('read')
 3 SYSTEMPATH\CodeIgniter.php(482): CodeIgniter\CodeIgniter->runController(Object(App\Controllers\frontend\Page))
 4 SYSTEMPATH\CodeIgniter.php(351): CodeIgniter\CodeIgniter->handleRequest(null, Object(Config\Cache), false)
 5 FCPATH\index.php(67): CodeIgniter\CodeIgniter->run()
CRITICAL - 2022-12-20 00:35:38 --> Call to undefined method App\Models\frontend\NotificationsShow_model::saveNotiStatus
in SYSTEMPATH\Model.php on line 774.
 1 APPPATH\Controllers\frontend\Notifications.php(115): CodeIgniter\Model->__call('saveNotiStatus', [...])
 2 SYSTEMPATH\CodeIgniter.php(927): App\Controllers\frontend\Notifications->read()
 3 SYSTEMPATH\CodeIgniter.php(482): CodeIgniter\CodeIgniter->runController(Object(App\Controllers\frontend\Notifications))
 4 SYSTEMPATH\CodeIgniter.php(351): CodeIgniter\CodeIgniter->handleRequest(null, Object(Config\Cache), false)
 5 FCPATH\index.php(67): CodeIgniter\CodeIgniter->run()
CRITICAL - 2022-12-20 00:35:46 --> Call to undefined method App\Models\frontend\NotificationsShow_model::saveNotiStatus
in SYSTEMPATH\Model.php on line 774.
 1 APPPATH\Controllers\frontend\Notifications.php(115): CodeIgniter\Model->__call('saveNotiStatus', [...])
 2 SYSTEMPATH\CodeIgniter.php(927): App\Controllers\frontend\Notifications->read()
 3 SYSTEMPATH\CodeIgniter.php(482): CodeIgniter\CodeIgniter->runController(Object(App\Controllers\frontend\Notifications))
 4 SYSTEMPATH\CodeIgniter.php(351): CodeIgniter\CodeIgniter->handleRequest(null, Object(Config\Cache), false)
 5 FCPATH\index.php(67): CodeIgniter\CodeIgniter->run()
CRITICAL - 2022-12-20 00:48:41 --> Call to undefined method App\Models\frontend\NotificationsShow_model::saveNotiStatus
in SYSTEMPATH\Model.php on line 774.
 1 APPPATH\Controllers\frontend\Notifications.php(117): CodeIgniter\Model->__call('saveNotiStatus', [...])
 2 SYSTEMPATH\CodeIgniter.php(927): App\Controllers\frontend\Notifications->read()
 3 SYSTEMPATH\CodeIgniter.php(482): CodeIgniter\CodeIgniter->runController(Object(App\Controllers\frontend\Notifications))
 4 SYSTEMPATH\CodeIgniter.php(351): CodeIgniter\CodeIgniter->handleRequest(null, Object(Config\Cache), false)
 5 FCPATH\index.php(67): CodeIgniter\CodeIgniter->run()
