CRITICAL - 2022-12-02 09:45:56 --> Cannot redeclare showCategories() (previously declared in C:\xampp\htdocs\ci4shop2\app\Helpers\common_helper.php:190)
in APPPATH\Views\manage\contents\shopproduct\add_shop_product_view.php on line 157.
 1 [internal function]: CodeIgniter\Debug\Exceptions->shutdownHandler()
CRITICAL - 2022-12-02 09:48:12 --> Undefined variable $test
in APPPATH\Views\manage\contents\shopproduct\add_shop_product_view.php on line 149.
 1 APPPATH\Views\manage\contents\shopproduct\add_shop_product_view.php(149): CodeIgniter\Debug\Exceptions->errorHandler(2, 'Undefined variable $test', 'APPPATH\\Views\\manage\\contents\\shopproduct\\add_shop_product_view.php', 149)
 2 SYSTEMPATH\View\View.php(213): include('APPPATH\\Views\\manage\\contents\\shopproduct\\add_shop_product_view.php')
 3 SYSTEMPATH\View\View.php(216): CodeIgniter\View\View->CodeIgniter\View\{closure}()
 4 SYSTEMPATH\Common.php(1134): CodeIgniter\View\View->render('/manage/contents/shopproduct/add_shop_product_view', [], true)
 5 APPPATH\Views\manage\layout.php(58): view('/manage/contents/shopproduct/add_shop_product_view', [...])
 6 SYSTEMPATH\View\View.php(213): include('APPPATH\\Views\\manage\\layout.php')
 7 SYSTEMPATH\View\View.php(216): CodeIgniter\View\View->CodeIgniter\View\{closure}()
 8 SYSTEMPATH\Common.php(1134): CodeIgniter\View\View->render('manage/layout', [], true)
 9 APPPATH\Controllers\manage\ShopProduct.php(55): view('manage/layout', [...])
10 SYSTEMPATH\CodeIgniter.php(927): App\Controllers\manage\ShopProduct->add()
11 SYSTEMPATH\CodeIgniter.php(482): CodeIgniter\CodeIgniter->runController(Object(App\Controllers\manage\ShopProduct))
12 SYSTEMPATH\CodeIgniter.php(351): CodeIgniter\CodeIgniter->handleRequest(null, Object(Config\Cache), false)
13 FCPATH\index.php(67): CodeIgniter\CodeIgniter->run()
CRITICAL - 2022-12-02 10:17:47 --> Undefined variable $test
in APPPATH\Views\manage\contents\shopcategory\add_shopcategory_view.php on line 44.
 1 APPPATH\Views\manage\contents\shopcategory\add_shopcategory_view.php(44): CodeIgniter\Debug\Exceptions->errorHandler(2, 'Undefined variable $test', 'APPPATH\\Views\\manage\\contents\\shopcategory\\add_shopcategory_view.php', 44)
 2 SYSTEMPATH\View\View.php(213): include('APPPATH\\Views\\manage\\contents\\shopcategory\\add_shopcategory_view.php')
 3 SYSTEMPATH\View\View.php(216): CodeIgniter\View\View->CodeIgniter\View\{closure}()
 4 SYSTEMPATH\Common.php(1134): CodeIgniter\View\View->render('/manage/contents/shopcategory/add_shopcategory_view', [], true)
 5 APPPATH\Views\manage\layout.php(58): view('/manage/contents/shopcategory/add_shopcategory_view', [...])
 6 SYSTEMPATH\View\View.php(213): include('APPPATH\\Views\\manage\\layout.php')
 7 SYSTEMPATH\View\View.php(216): CodeIgniter\View\View->CodeIgniter\View\{closure}()
 8 SYSTEMPATH\Common.php(1134): CodeIgniter\View\View->render('manage/layout', [], true)
 9 APPPATH\Controllers\manage\ShopCategory.php(54): view('manage/layout', [...])
10 SYSTEMPATH\CodeIgniter.php(927): App\Controllers\manage\ShopCategory->add()
11 SYSTEMPATH\CodeIgniter.php(482): CodeIgniter\CodeIgniter->runController(Object(App\Controllers\manage\ShopCategory))
12 SYSTEMPATH\CodeIgniter.php(351): CodeIgniter\CodeIgniter->handleRequest(null, Object(Config\Cache), false)
13 FCPATH\index.php(67): CodeIgniter\CodeIgniter->run()
CRITICAL - 2022-12-02 10:24:18 --> foreach() argument must be of type array|object, string given
in APPPATH\Helpers\common_helper.php on line 192.
 1 APPPATH\Helpers\common_helper.php(192): CodeIgniter\Debug\Exceptions->errorHandler(2, 'foreach() argument must be of type array|object, string given', 'APPPATH\\Helpers\\common_helper.php', 192)
 2 APPPATH\Helpers\common_helper.php(231): showCategories('0', [...], '1', '— ')
 3 APPPATH\Views\manage\contents\shopcategory\edit_shopcategory_view.php(47): showShopCategories('0', [...])
 4 SYSTEMPATH\View\View.php(213): include('APPPATH\\Views\\manage\\contents\\shopcategory\\edit_shopcategory_view.php')
 5 SYSTEMPATH\View\View.php(216): CodeIgniter\View\View->CodeIgniter\View\{closure}()
 6 SYSTEMPATH\Common.php(1134): CodeIgniter\View\View->render('/manage/contents/shopcategory/edit_shopcategory_view', [], true)
 7 APPPATH\Views\manage\layout.php(58): view('/manage/contents/shopcategory/edit_shopcategory_view', [...])
 8 SYSTEMPATH\View\View.php(213): include('APPPATH\\Views\\manage\\layout.php')
 9 SYSTEMPATH\View\View.php(216): CodeIgniter\View\View->CodeIgniter\View\{closure}()
10 SYSTEMPATH\Common.php(1134): CodeIgniter\View\View->render('manage/layout', [], true)
11 APPPATH\Controllers\manage\ShopCategory.php(129): view('manage/layout', [...])
12 SYSTEMPATH\CodeIgniter.php(927): App\Controllers\manage\ShopCategory->edit('1')
13 SYSTEMPATH\CodeIgniter.php(482): CodeIgniter\CodeIgniter->runController(Object(App\Controllers\manage\ShopCategory))
14 SYSTEMPATH\CodeIgniter.php(351): CodeIgniter\CodeIgniter->handleRequest(null, Object(Config\Cache), false)
15 FCPATH\index.php(67): CodeIgniter\CodeIgniter->run()
CRITICAL - 2022-12-02 10:28:17 --> foreach() argument must be of type array|object, string given
in APPPATH\Helpers\common_helper.php on line 192.
 1 APPPATH\Helpers\common_helper.php(192): CodeIgniter\Debug\Exceptions->errorHandler(2, 'foreach() argument must be of type array|object, string given', 'APPPATH\\Helpers\\common_helper.php', 192)
 2 APPPATH\Helpers\common_helper.php(231): showCategories('0', [...], '1', '— ')
 3 APPPATH\Views\manage\contents\shopcategory\edit_shopcategory_view.php(47): showShopCategories('0', [...])
 4 SYSTEMPATH\View\View.php(213): include('APPPATH\\Views\\manage\\contents\\shopcategory\\edit_shopcategory_view.php')
 5 SYSTEMPATH\View\View.php(216): CodeIgniter\View\View->CodeIgniter\View\{closure}()
 6 SYSTEMPATH\Common.php(1134): CodeIgniter\View\View->render('/manage/contents/shopcategory/edit_shopcategory_view', [], true)
 7 APPPATH\Views\manage\layout.php(58): view('/manage/contents/shopcategory/edit_shopcategory_view', [...])
 8 SYSTEMPATH\View\View.php(213): include('APPPATH\\Views\\manage\\layout.php')
 9 SYSTEMPATH\View\View.php(216): CodeIgniter\View\View->CodeIgniter\View\{closure}()
10 SYSTEMPATH\Common.php(1134): CodeIgniter\View\View->render('manage/layout', [], true)
11 APPPATH\Controllers\manage\ShopCategory.php(129): view('manage/layout', [...])
12 SYSTEMPATH\CodeIgniter.php(927): App\Controllers\manage\ShopCategory->edit('1')
13 SYSTEMPATH\CodeIgniter.php(482): CodeIgniter\CodeIgniter->runController(Object(App\Controllers\manage\ShopCategory))
14 SYSTEMPATH\CodeIgniter.php(351): CodeIgniter\CodeIgniter->handleRequest(null, Object(Config\Cache), false)
15 FCPATH\index.php(67): CodeIgniter\CodeIgniter->run()
CRITICAL - 2022-12-02 10:38:58 --> foreach() argument must be of type array|object, string given
in APPPATH\Helpers\common_helper.php on line 192.
 1 APPPATH\Helpers\common_helper.php(192): CodeIgniter\Debug\Exceptions->errorHandler(2, 'foreach() argument must be of type array|object, string given', 'APPPATH\\Helpers\\common_helper.php', 192)
 2 APPPATH\Helpers\common_helper.php(231): showCategories('0', [...], '1', '— ')
 3 APPPATH\Views\manage\contents\shopcategory\edit_shopcategory_view.php(47): showShopCategories('0', [...])
 4 SYSTEMPATH\View\View.php(213): include('APPPATH\\Views\\manage\\contents\\shopcategory\\edit_shopcategory_view.php')
 5 SYSTEMPATH\View\View.php(216): CodeIgniter\View\View->CodeIgniter\View\{closure}()
 6 SYSTEMPATH\Common.php(1134): CodeIgniter\View\View->render('/manage/contents/shopcategory/edit_shopcategory_view', [], true)
 7 APPPATH\Views\manage\layout.php(58): view('/manage/contents/shopcategory/edit_shopcategory_view', [...])
 8 SYSTEMPATH\View\View.php(213): include('APPPATH\\Views\\manage\\layout.php')
 9 SYSTEMPATH\View\View.php(216): CodeIgniter\View\View->CodeIgniter\View\{closure}()
10 SYSTEMPATH\Common.php(1134): CodeIgniter\View\View->render('manage/layout', [], true)
11 APPPATH\Controllers\manage\ShopCategory.php(129): view('manage/layout', [...])
12 SYSTEMPATH\CodeIgniter.php(927): App\Controllers\manage\ShopCategory->edit('1')
13 SYSTEMPATH\CodeIgniter.php(482): CodeIgniter\CodeIgniter->runController(Object(App\Controllers\manage\ShopCategory))
14 SYSTEMPATH\CodeIgniter.php(351): CodeIgniter\CodeIgniter->handleRequest(null, Object(Config\Cache), false)
15 FCPATH\index.php(67): CodeIgniter\CodeIgniter->run()
CRITICAL - 2022-12-02 10:40:49 --> foreach() argument must be of type array|object, string given
in APPPATH\Helpers\common_helper.php on line 192.
 1 APPPATH\Helpers\common_helper.php(192): CodeIgniter\Debug\Exceptions->errorHandler(2, 'foreach() argument must be of type array|object, string given', 'APPPATH\\Helpers\\common_helper.php', 192)
 2 APPPATH\Helpers\common_helper.php(231): showCategories('0', [...], '1', '— ')
 3 APPPATH\Views\manage\contents\shopcategory\edit_shopcategory_view.php(47): showShopCategories('0', [...])
 4 SYSTEMPATH\View\View.php(213): include('APPPATH\\Views\\manage\\contents\\shopcategory\\edit_shopcategory_view.php')
 5 SYSTEMPATH\View\View.php(216): CodeIgniter\View\View->CodeIgniter\View\{closure}()
 6 SYSTEMPATH\Common.php(1134): CodeIgniter\View\View->render('/manage/contents/shopcategory/edit_shopcategory_view', [], true)
 7 APPPATH\Views\manage\layout.php(58): view('/manage/contents/shopcategory/edit_shopcategory_view', [...])
 8 SYSTEMPATH\View\View.php(213): include('APPPATH\\Views\\manage\\layout.php')
 9 SYSTEMPATH\View\View.php(216): CodeIgniter\View\View->CodeIgniter\View\{closure}()
10 SYSTEMPATH\Common.php(1134): CodeIgniter\View\View->render('manage/layout', [], true)
11 APPPATH\Controllers\manage\ShopCategory.php(129): view('manage/layout', [...])
12 SYSTEMPATH\CodeIgniter.php(927): App\Controllers\manage\ShopCategory->edit('1')
13 SYSTEMPATH\CodeIgniter.php(482): CodeIgniter\CodeIgniter->runController(Object(App\Controllers\manage\ShopCategory))
14 SYSTEMPATH\CodeIgniter.php(351): CodeIgniter\CodeIgniter->handleRequest(null, Object(Config\Cache), false)
15 FCPATH\index.php(67): CodeIgniter\CodeIgniter->run()
