CRITICAL - 2022-11-30 00:02:10 --> Cannot use object of type stdClass as array
in APPPATH\Controllers\manage\BaseController.php on line 102.
 1 APPPATH\Controllers\manage\BaseController.php(51): App\Controllers\manage\BaseController->permission()
 2 SYSTEMPATH\CodeIgniter.php(890): App\Controllers\manage\BaseController->initController(Object(CodeIgniter\HTTP\IncomingRequest), Object(CodeIgniter\HTTP\Response), Object(CodeIgniter\Log\Logger))
 3 SYSTEMPATH\CodeIgniter.php(473): CodeIgniter\CodeIgniter->createController()
 4 SYSTEMPATH\CodeIgniter.php(351): CodeIgniter\CodeIgniter->handleRequest(null, Object(Config\Cache), false)
 5 FCPATH\index.php(67): CodeIgniter\CodeIgniter->run()
CRITICAL - 2022-11-30 00:02:25 --> Cannot use object of type stdClass as array
in APPPATH\Controllers\manage\BaseController.php on line 102.
 1 APPPATH\Controllers\manage\BaseController.php(51): App\Controllers\manage\BaseController->permission()
 2 SYSTEMPATH\CodeIgniter.php(890): App\Controllers\manage\BaseController->initController(Object(CodeIgniter\HTTP\IncomingRequest), Object(CodeIgniter\HTTP\Response), Object(CodeIgniter\Log\Logger))
 3 SYSTEMPATH\CodeIgniter.php(473): CodeIgniter\CodeIgniter->createController()
 4 SYSTEMPATH\CodeIgniter.php(351): CodeIgniter\CodeIgniter->handleRequest(null, Object(Config\Cache), false)
 5 FCPATH\index.php(67): CodeIgniter\CodeIgniter->run()
CRITICAL - 2022-11-30 00:02:33 --> Cannot use object of type stdClass as array
in APPPATH\Controllers\manage\BaseController.php on line 102.
 1 APPPATH\Controllers\manage\BaseController.php(51): App\Controllers\manage\BaseController->permission()
 2 SYSTEMPATH\CodeIgniter.php(890): App\Controllers\manage\BaseController->initController(Object(CodeIgniter\HTTP\IncomingRequest), Object(CodeIgniter\HTTP\Response), Object(CodeIgniter\Log\Logger))
 3 SYSTEMPATH\CodeIgniter.php(473): CodeIgniter\CodeIgniter->createController()
 4 SYSTEMPATH\CodeIgniter.php(351): CodeIgniter\CodeIgniter->handleRequest(null, Object(Config\Cache), false)
 5 FCPATH\index.php(67): CodeIgniter\CodeIgniter->run()
CRITICAL - 2022-11-30 00:04:48 --> Cannot use object of type stdClass as array
in APPPATH\Controllers\manage\BaseController.php on line 102.
 1 APPPATH\Controllers\manage\BaseController.php(51): App\Controllers\manage\BaseController->permission()
 2 SYSTEMPATH\CodeIgniter.php(890): App\Controllers\manage\BaseController->initController(Object(CodeIgniter\HTTP\IncomingRequest), Object(CodeIgniter\HTTP\Response), Object(CodeIgniter\Log\Logger))
 3 SYSTEMPATH\CodeIgniter.php(473): CodeIgniter\CodeIgniter->createController()
 4 SYSTEMPATH\CodeIgniter.php(351): CodeIgniter\CodeIgniter->handleRequest(null, Object(Config\Cache), false)
 5 FCPATH\index.php(67): CodeIgniter\CodeIgniter->run()
CRITICAL - 2022-11-30 00:05:03 --> Cannot use object of type stdClass as array
in APPPATH\Controllers\manage\BaseController.php on line 102.
 1 APPPATH\Controllers\manage\BaseController.php(51): App\Controllers\manage\BaseController->permission()
 2 SYSTEMPATH\CodeIgniter.php(890): App\Controllers\manage\BaseController->initController(Object(CodeIgniter\HTTP\IncomingRequest), Object(CodeIgniter\HTTP\Response), Object(CodeIgniter\Log\Logger))
 3 SYSTEMPATH\CodeIgniter.php(473): CodeIgniter\CodeIgniter->createController()
 4 SYSTEMPATH\CodeIgniter.php(351): CodeIgniter\CodeIgniter->handleRequest(null, Object(Config\Cache), false)
 5 FCPATH\index.php(67): CodeIgniter\CodeIgniter->run()
CRITICAL - 2022-11-30 00:05:21 --> Cannot use object of type stdClass as array
in APPPATH\Controllers\manage\BaseController.php on line 103.
 1 APPPATH\Controllers\manage\BaseController.php(51): App\Controllers\manage\BaseController->permission()
 2 SYSTEMPATH\CodeIgniter.php(890): App\Controllers\manage\BaseController->initController(Object(CodeIgniter\HTTP\IncomingRequest), Object(CodeIgniter\HTTP\Response), Object(CodeIgniter\Log\Logger))
 3 SYSTEMPATH\CodeIgniter.php(473): CodeIgniter\CodeIgniter->createController()
 4 SYSTEMPATH\CodeIgniter.php(351): CodeIgniter\CodeIgniter->handleRequest(null, Object(Config\Cache), false)
 5 FCPATH\index.php(67): CodeIgniter\CodeIgniter->run()
CRITICAL - 2022-11-30 00:05:39 --> Cannot use object of type stdClass as array
in APPPATH\Controllers\manage\BaseController.php on line 103.
 1 APPPATH\Controllers\manage\BaseController.php(51): App\Controllers\manage\BaseController->permission()
 2 SYSTEMPATH\CodeIgniter.php(890): App\Controllers\manage\BaseController->initController(Object(CodeIgniter\HTTP\IncomingRequest), Object(CodeIgniter\HTTP\Response), Object(CodeIgniter\Log\Logger))
 3 SYSTEMPATH\CodeIgniter.php(473): CodeIgniter\CodeIgniter->createController()
 4 SYSTEMPATH\CodeIgniter.php(351): CodeIgniter\CodeIgniter->handleRequest(null, Object(Config\Cache), false)
 5 FCPATH\index.php(67): CodeIgniter\CodeIgniter->run()
CRITICAL - 2022-11-30 01:49:45 --> Attempt to read property "permission" on null
in APPPATH\Controllers\manage\BaseController.php on line 100.
 1 APPPATH\Controllers\manage\BaseController.php(100): CodeIgniter\Debug\Exceptions->errorHandler(2, 'Attempt to read property "permission" on null', 'APPPATH\\Controllers\\manage\\BaseController.php', 100)
 2 APPPATH\Controllers\manage\BaseController.php(51): App\Controllers\manage\BaseController->permission()
 3 SYSTEMPATH\CodeIgniter.php(890): App\Controllers\manage\BaseController->initController(Object(CodeIgniter\HTTP\IncomingRequest), Object(CodeIgniter\HTTP\Response), Object(CodeIgniter\Log\Logger))
 4 SYSTEMPATH\CodeIgniter.php(473): CodeIgniter\CodeIgniter->createController()
 5 SYSTEMPATH\CodeIgniter.php(351): CodeIgniter\CodeIgniter->handleRequest(null, Object(Config\Cache), false)
 6 FCPATH\index.php(67): CodeIgniter\CodeIgniter->run()
CRITICAL - 2022-11-30 01:57:21 --> Attempt to read property "nicename" on null
in APPPATH\Views\manage\contents\profile\edit_user_view.php on line 18.
 1 APPPATH\Views\manage\contents\profile\edit_user_view.php(18): CodeIgniter\Debug\Exceptions->errorHandler(2, 'Attempt to read property "nicename" on null', 'APPPATH\\Views\\manage\\contents\\profile\\edit_user_view.php', 18)
 2 SYSTEMPATH\View\View.php(213): include('APPPATH\\Views\\manage\\contents\\profile\\edit_user_view.php')
 3 SYSTEMPATH\View\View.php(216): CodeIgniter\View\View->CodeIgniter\View\{closure}()
 4 SYSTEMPATH\Common.php(1134): CodeIgniter\View\View->render('/manage/contents/profile/edit_user_view', [], true)
 5 APPPATH\Views\manage\layout.php(57): view('/manage/contents/profile/edit_user_view', [...])
 6 SYSTEMPATH\View\View.php(213): include('APPPATH\\Views\\manage\\layout.php')
 7 SYSTEMPATH\View\View.php(216): CodeIgniter\View\View->CodeIgniter\View\{closure}()
 8 SYSTEMPATH\Common.php(1134): CodeIgniter\View\View->render('manage/layout', [], true)
 9 APPPATH\Controllers\manage\Profile.php(31): view('manage/layout', [...])
10 SYSTEMPATH\CodeIgniter.php(927): App\Controllers\manage\Profile->index()
11 SYSTEMPATH\CodeIgniter.php(482): CodeIgniter\CodeIgniter->runController(Object(App\Controllers\manage\Profile))
12 SYSTEMPATH\CodeIgniter.php(351): CodeIgniter\CodeIgniter->handleRequest(null, Object(Config\Cache), false)
13 FCPATH\index.php(67): CodeIgniter\CodeIgniter->run()
CRITICAL - 2022-11-30 01:57:56 --> Attempt to read property "nicename" on null
in APPPATH\Views\manage\contents\profile\edit_user_view.php on line 18.
 1 APPPATH\Views\manage\contents\profile\edit_user_view.php(18): CodeIgniter\Debug\Exceptions->errorHandler(2, 'Attempt to read property "nicename" on null', 'APPPATH\\Views\\manage\\contents\\profile\\edit_user_view.php', 18)
 2 SYSTEMPATH\View\View.php(213): include('APPPATH\\Views\\manage\\contents\\profile\\edit_user_view.php')
 3 SYSTEMPATH\View\View.php(216): CodeIgniter\View\View->CodeIgniter\View\{closure}()
 4 SYSTEMPATH\Common.php(1134): CodeIgniter\View\View->render('/manage/contents/profile/edit_user_view', [], true)
 5 APPPATH\Views\manage\layout.php(57): view('/manage/contents/profile/edit_user_view', [...])
 6 SYSTEMPATH\View\View.php(213): include('APPPATH\\Views\\manage\\layout.php')
 7 SYSTEMPATH\View\View.php(216): CodeIgniter\View\View->CodeIgniter\View\{closure}()
 8 SYSTEMPATH\Common.php(1134): CodeIgniter\View\View->render('manage/layout', [], true)
 9 APPPATH\Controllers\manage\Profile.php(31): view('manage/layout', [...])
10 SYSTEMPATH\CodeIgniter.php(927): App\Controllers\manage\Profile->index()
11 SYSTEMPATH\CodeIgniter.php(482): CodeIgniter\CodeIgniter->runController(Object(App\Controllers\manage\Profile))
12 SYSTEMPATH\CodeIgniter.php(351): CodeIgniter\CodeIgniter->handleRequest(null, Object(Config\Cache), false)
13 FCPATH\index.php(67): CodeIgniter\CodeIgniter->run()
CRITICAL - 2022-11-30 01:58:00 --> Attempt to read property "nicename" on null
in APPPATH\Views\manage\contents\profile\edit_user_view.php on line 18.
 1 APPPATH\Views\manage\contents\profile\edit_user_view.php(18): CodeIgniter\Debug\Exceptions->errorHandler(2, 'Attempt to read property "nicename" on null', 'APPPATH\\Views\\manage\\contents\\profile\\edit_user_view.php', 18)
 2 SYSTEMPATH\View\View.php(213): include('APPPATH\\Views\\manage\\contents\\profile\\edit_user_view.php')
 3 SYSTEMPATH\View\View.php(216): CodeIgniter\View\View->CodeIgniter\View\{closure}()
 4 SYSTEMPATH\Common.php(1134): CodeIgniter\View\View->render('/manage/contents/profile/edit_user_view', [], true)
 5 APPPATH\Views\manage\layout.php(57): view('/manage/contents/profile/edit_user_view', [...])
 6 SYSTEMPATH\View\View.php(213): include('APPPATH\\Views\\manage\\layout.php')
 7 SYSTEMPATH\View\View.php(216): CodeIgniter\View\View->CodeIgniter\View\{closure}()
 8 SYSTEMPATH\Common.php(1134): CodeIgniter\View\View->render('manage/layout', [], true)
 9 APPPATH\Controllers\manage\Profile.php(31): view('manage/layout', [...])
10 SYSTEMPATH\CodeIgniter.php(927): App\Controllers\manage\Profile->index()
11 SYSTEMPATH\CodeIgniter.php(482): CodeIgniter\CodeIgniter->runController(Object(App\Controllers\manage\Profile))
12 SYSTEMPATH\CodeIgniter.php(351): CodeIgniter\CodeIgniter->handleRequest(null, Object(Config\Cache), false)
13 FCPATH\index.php(67): CodeIgniter\CodeIgniter->run()
CRITICAL - 2022-11-30 02:01:38 --> Attempt to read property "nicename" on null
in APPPATH\Views\manage\contents\profile\edit_user_view.php on line 19.
 1 APPPATH\Views\manage\contents\profile\edit_user_view.php(19): CodeIgniter\Debug\Exceptions->errorHandler(2, 'Attempt to read property "nicename" on null', 'APPPATH\\Views\\manage\\contents\\profile\\edit_user_view.php', 19)
 2 SYSTEMPATH\View\View.php(213): include('APPPATH\\Views\\manage\\contents\\profile\\edit_user_view.php')
 3 SYSTEMPATH\View\View.php(216): CodeIgniter\View\View->CodeIgniter\View\{closure}()
 4 SYSTEMPATH\Common.php(1134): CodeIgniter\View\View->render('/manage/contents/profile/edit_user_view', [], true)
 5 APPPATH\Views\manage\layout.php(57): view('/manage/contents/profile/edit_user_view', [...])
 6 SYSTEMPATH\View\View.php(213): include('APPPATH\\Views\\manage\\layout.php')
 7 SYSTEMPATH\View\View.php(216): CodeIgniter\View\View->CodeIgniter\View\{closure}()
 8 SYSTEMPATH\Common.php(1134): CodeIgniter\View\View->render('manage/layout', [], true)
 9 APPPATH\Controllers\manage\Profile.php(31): view('manage/layout', [...])
10 SYSTEMPATH\CodeIgniter.php(927): App\Controllers\manage\Profile->index()
11 SYSTEMPATH\CodeIgniter.php(482): CodeIgniter\CodeIgniter->runController(Object(App\Controllers\manage\Profile))
12 SYSTEMPATH\CodeIgniter.php(351): CodeIgniter\CodeIgniter->handleRequest(null, Object(Config\Cache), false)
13 FCPATH\index.php(67): CodeIgniter\CodeIgniter->run()
CRITICAL - 2022-11-30 02:01:47 --> Attempt to read property "nicename" on null
in APPPATH\Views\manage\contents\profile\edit_user_view.php on line 19.
 1 APPPATH\Views\manage\contents\profile\edit_user_view.php(19): CodeIgniter\Debug\Exceptions->errorHandler(2, 'Attempt to read property "nicename" on null', 'APPPATH\\Views\\manage\\contents\\profile\\edit_user_view.php', 19)
 2 SYSTEMPATH\View\View.php(213): include('APPPATH\\Views\\manage\\contents\\profile\\edit_user_view.php')
 3 SYSTEMPATH\View\View.php(216): CodeIgniter\View\View->CodeIgniter\View\{closure}()
 4 SYSTEMPATH\Common.php(1134): CodeIgniter\View\View->render('/manage/contents/profile/edit_user_view', [], true)
 5 APPPATH\Views\manage\layout.php(57): view('/manage/contents/profile/edit_user_view', [...])
 6 SYSTEMPATH\View\View.php(213): include('APPPATH\\Views\\manage\\layout.php')
 7 SYSTEMPATH\View\View.php(216): CodeIgniter\View\View->CodeIgniter\View\{closure}()
 8 SYSTEMPATH\Common.php(1134): CodeIgniter\View\View->render('manage/layout', [], true)
 9 APPPATH\Controllers\manage\Profile.php(31): view('manage/layout', [...])
10 SYSTEMPATH\CodeIgniter.php(927): App\Controllers\manage\Profile->index()
11 SYSTEMPATH\CodeIgniter.php(482): CodeIgniter\CodeIgniter->runController(Object(App\Controllers\manage\Profile))
12 SYSTEMPATH\CodeIgniter.php(351): CodeIgniter\CodeIgniter->handleRequest(null, Object(Config\Cache), false)
13 FCPATH\index.php(67): CodeIgniter\CodeIgniter->run()
CRITICAL - 2022-11-30 02:02:50 --> Attempt to read property "permission" on null
in APPPATH\Views\manage\contents\permission\permission_view.php on line 4.
 1 APPPATH\Views\manage\contents\permission\permission_view.php(4): CodeIgniter\Debug\Exceptions->errorHandler(2, 'Attempt to read property "permission" on null', 'APPPATH\\Views\\manage\\contents\\permission\\permission_view.php', 4)
 2 SYSTEMPATH\View\View.php(213): include('APPPATH\\Views\\manage\\contents\\permission\\permission_view.php')
 3 SYSTEMPATH\View\View.php(216): CodeIgniter\View\View->CodeIgniter\View\{closure}()
 4 SYSTEMPATH\Common.php(1134): CodeIgniter\View\View->render('/manage/contents/permission/permission_view', [], true)
 5 APPPATH\Views\manage\layout.php(57): view('/manage/contents/permission/permission_view', [...])
 6 SYSTEMPATH\View\View.php(213): include('APPPATH\\Views\\manage\\layout.php')
 7 SYSTEMPATH\View\View.php(216): CodeIgniter\View\View->CodeIgniter\View\{closure}()
 8 SYSTEMPATH\Common.php(1134): CodeIgniter\View\View->render('manage/layout', [], true)
 9 APPPATH\Controllers\manage\Permission.php(40): view('manage/layout', [...])
10 SYSTEMPATH\CodeIgniter.php(927): App\Controllers\manage\Permission->index('1')
11 SYSTEMPATH\CodeIgniter.php(482): CodeIgniter\CodeIgniter->runController(Object(App\Controllers\manage\Permission))
12 SYSTEMPATH\CodeIgniter.php(351): CodeIgniter\CodeIgniter->handleRequest(null, Object(Config\Cache), false)
13 FCPATH\index.php(67): CodeIgniter\CodeIgniter->run()
CRITICAL - 2022-11-30 04:39:21 --> Undefined variable $countpagepublic
in APPPATH\Views\manage\contents\seo\seo_view.php on line 13.
 1 APPPATH\Views\manage\contents\seo\seo_view.php(13): CodeIgniter\Debug\Exceptions->errorHandler(2, 'Undefined variable $countpagepublic', 'APPPATH\\Views\\manage\\contents\\seo\\seo_view.php', 13)
 2 SYSTEMPATH\View\View.php(213): include('APPPATH\\Views\\manage\\contents\\seo\\seo_view.php')
 3 SYSTEMPATH\View\View.php(216): CodeIgniter\View\View->CodeIgniter\View\{closure}()
 4 SYSTEMPATH\Common.php(1134): CodeIgniter\View\View->render('/manage/contents/seo/seo_view', [], true)
 5 APPPATH\Views\manage\layout.php(57): view('/manage/contents/seo/seo_view', [...])
 6 SYSTEMPATH\View\View.php(213): include('APPPATH\\Views\\manage\\layout.php')
 7 SYSTEMPATH\View\View.php(216): CodeIgniter\View\View->CodeIgniter\View\{closure}()
 8 SYSTEMPATH\Common.php(1134): CodeIgniter\View\View->render('manage/layout', [], true)
 9 APPPATH\Controllers\manage\Seo.php(33): view('manage/layout', [...])
10 SYSTEMPATH\CodeIgniter.php(927): App\Controllers\manage\Seo->index()
11 SYSTEMPATH\CodeIgniter.php(482): CodeIgniter\CodeIgniter->runController(Object(App\Controllers\manage\Seo))
12 SYSTEMPATH\CodeIgniter.php(351): CodeIgniter\CodeIgniter->handleRequest(null, Object(Config\Cache), false)
13 FCPATH\index.php(67): CodeIgniter\CodeIgniter->run()
ERROR - 2022-11-30 04:44:36 --> mysqli_sql_exception: Unknown column 'content' in 'field list' in C:\xampp\htdocs\ci4cty\system\Database\MySQLi\Connection.php:292
Stack trace:
#0 C:\xampp\htdocs\ci4cty\system\Database\MySQLi\Connection.php(292): mysqli->query('INSERT INTO `ca...', 0)
#1 C:\xampp\htdocs\ci4cty\system\Database\BaseConnection.php(666): CodeIgniter\Database\MySQLi\Connection->execute('INSERT INTO `ca...')
#2 C:\xampp\htdocs\ci4cty\system\Database\BaseConnection.php(593): CodeIgniter\Database\BaseConnection->simpleQuery('INSERT INTO `ca...')
#3 C:\xampp\htdocs\ci4cty\system\Database\BaseBuilder.php(1916): CodeIgniter\Database\BaseConnection->query('INSERT INTO `ca...', Array, false)
#4 C:\xampp\htdocs\ci4cty\app\Models\manage\Category_model.php(26): CodeIgniter\Database\BaseBuilder->insert(Array)
#5 C:\xampp\htdocs\ci4cty\app\Controllers\manage\Category.php(75): App\Models\manage\Category_model->saveCategory(Array)
#6 C:\xampp\htdocs\ci4cty\system\CodeIgniter.php(927): App\Controllers\manage\Category->save()
#7 C:\xampp\htdocs\ci4cty\system\CodeIgniter.php(482): CodeIgniter\CodeIgniter->runController(Object(App\Controllers\manage\Category))
#8 C:\xampp\htdocs\ci4cty\system\CodeIgniter.php(351): CodeIgniter\CodeIgniter->handleRequest(NULL, Object(Config\Cache), false)
#9 C:\xampp\htdocs\ci4cty\index.php(67): CodeIgniter\CodeIgniter->run()
#10 {main}
CRITICAL - 2022-11-30 04:44:36 --> Unknown column 'content' in 'field list'
in SYSTEMPATH\Database\MySQLi\Connection.php on line 292.
 1 SYSTEMPATH\Database\MySQLi\Connection.php(292): mysqli->query('INSERT INTO `category` (`title`, `slug`, `content`) VALUES (\'Tin công nghệ\', \'tin-cong-nghe\', NULL)', 0)
 2 SYSTEMPATH\Database\BaseConnection.php(666): CodeIgniter\Database\MySQLi\Connection->execute('INSERT INTO `category` (`title`, `slug`, `content`) VALUES (\'Tin công nghệ\', \'tin-cong-nghe\', NULL)')
 3 SYSTEMPATH\Database\BaseConnection.php(593): CodeIgniter\Database\BaseConnection->simpleQuery('INSERT INTO `category` (`title`, `slug`, `content`) VALUES (\'Tin công nghệ\', \'tin-cong-nghe\', NULL)')
 4 SYSTEMPATH\Database\BaseBuilder.php(1916): CodeIgniter\Database\BaseConnection->query('INSERT INTO `category` (`title`, `slug`, `content`) VALUES (:title:, :slug:, :content:)', [...], false)
 5 APPPATH\Models\manage\Category_model.php(26): CodeIgniter\Database\BaseBuilder->insert([...])
 6 APPPATH\Controllers\manage\Category.php(75): App\Models\manage\Category_model->saveCategory([...])
 7 SYSTEMPATH\CodeIgniter.php(927): App\Controllers\manage\Category->save()
 8 SYSTEMPATH\CodeIgniter.php(482): CodeIgniter\CodeIgniter->runController(Object(App\Controllers\manage\Category))
 9 SYSTEMPATH\CodeIgniter.php(351): CodeIgniter\CodeIgniter->handleRequest(null, Object(Config\Cache), false)
10 FCPATH\index.php(67): CodeIgniter\CodeIgniter->run()
CRITICAL - 2022-11-30 06:18:37 --> Undefined array key "content_name"
in APPPATH\Views\manage\contents\seo\seo_view.php on line 29.
 1 APPPATH\Views\manage\contents\seo\seo_view.php(29): CodeIgniter\Debug\Exceptions->errorHandler(2, 'Undefined array key "content_name"', 'APPPATH\\Views\\manage\\contents\\seo\\seo_view.php', 29)
 2 SYSTEMPATH\View\View.php(213): include('APPPATH\\Views\\manage\\contents\\seo\\seo_view.php')
 3 SYSTEMPATH\View\View.php(216): CodeIgniter\View\View->CodeIgniter\View\{closure}()
 4 SYSTEMPATH\Common.php(1134): CodeIgniter\View\View->render('/manage/contents/seo/seo_view', [], true)
 5 APPPATH\Views\manage\layout.php(57): view('/manage/contents/seo/seo_view', [...])
 6 SYSTEMPATH\View\View.php(213): include('APPPATH\\Views\\manage\\layout.php')
 7 SYSTEMPATH\View\View.php(216): CodeIgniter\View\View->CodeIgniter\View\{closure}()
 8 SYSTEMPATH\Common.php(1134): CodeIgniter\View\View->render('manage/layout', [], true)
 9 APPPATH\Controllers\manage\Seo.php(33): view('manage/layout', [...])
10 SYSTEMPATH\CodeIgniter.php(927): App\Controllers\manage\Seo->index()
11 SYSTEMPATH\CodeIgniter.php(482): CodeIgniter\CodeIgniter->runController(Object(App\Controllers\manage\Seo))
12 SYSTEMPATH\CodeIgniter.php(351): CodeIgniter\CodeIgniter->handleRequest(null, Object(Config\Cache), false)
13 FCPATH\index.php(67): CodeIgniter\CodeIgniter->run()
CRITICAL - 2022-11-30 06:18:38 --> Undefined array key "content_name"
in APPPATH\Views\manage\contents\seo\seo_view.php on line 29.
 1 APPPATH\Views\manage\contents\seo\seo_view.php(29): CodeIgniter\Debug\Exceptions->errorHandler(2, 'Undefined array key "content_name"', 'APPPATH\\Views\\manage\\contents\\seo\\seo_view.php', 29)
 2 SYSTEMPATH\View\View.php(213): include('APPPATH\\Views\\manage\\contents\\seo\\seo_view.php')
 3 SYSTEMPATH\View\View.php(216): CodeIgniter\View\View->CodeIgniter\View\{closure}()
 4 SYSTEMPATH\Common.php(1134): CodeIgniter\View\View->render('/manage/contents/seo/seo_view', [], true)
 5 APPPATH\Views\manage\layout.php(57): view('/manage/contents/seo/seo_view', [...])
 6 SYSTEMPATH\View\View.php(213): include('APPPATH\\Views\\manage\\layout.php')
 7 SYSTEMPATH\View\View.php(216): CodeIgniter\View\View->CodeIgniter\View\{closure}()
 8 SYSTEMPATH\Common.php(1134): CodeIgniter\View\View->render('manage/layout', [], true)
 9 APPPATH\Controllers\manage\Seo.php(33): view('manage/layout', [...])
10 SYSTEMPATH\CodeIgniter.php(927): App\Controllers\manage\Seo->index()
11 SYSTEMPATH\CodeIgniter.php(482): CodeIgniter\CodeIgniter->runController(Object(App\Controllers\manage\Seo))
12 SYSTEMPATH\CodeIgniter.php(351): CodeIgniter\CodeIgniter->handleRequest(null, Object(Config\Cache), false)
13 FCPATH\index.php(67): CodeIgniter\CodeIgniter->run()
CRITICAL - 2022-11-30 06:19:01 --> Undefined array key "type"
in APPPATH\Views\manage\contents\seo\seo_view.php on line 28.
 1 APPPATH\Views\manage\contents\seo\seo_view.php(28): CodeIgniter\Debug\Exceptions->errorHandler(2, 'Undefined array key "type"', 'APPPATH\\Views\\manage\\contents\\seo\\seo_view.php', 28)
 2 SYSTEMPATH\View\View.php(213): include('APPPATH\\Views\\manage\\contents\\seo\\seo_view.php')
 3 SYSTEMPATH\View\View.php(216): CodeIgniter\View\View->CodeIgniter\View\{closure}()
 4 SYSTEMPATH\Common.php(1134): CodeIgniter\View\View->render('/manage/contents/seo/seo_view', [], true)
 5 APPPATH\Views\manage\layout.php(57): view('/manage/contents/seo/seo_view', [...])
 6 SYSTEMPATH\View\View.php(213): include('APPPATH\\Views\\manage\\layout.php')
 7 SYSTEMPATH\View\View.php(216): CodeIgniter\View\View->CodeIgniter\View\{closure}()
 8 SYSTEMPATH\Common.php(1134): CodeIgniter\View\View->render('manage/layout', [], true)
 9 APPPATH\Controllers\manage\Seo.php(33): view('manage/layout', [...])
10 SYSTEMPATH\CodeIgniter.php(927): App\Controllers\manage\Seo->index()
11 SYSTEMPATH\CodeIgniter.php(482): CodeIgniter\CodeIgniter->runController(Object(App\Controllers\manage\Seo))
12 SYSTEMPATH\CodeIgniter.php(351): CodeIgniter\CodeIgniter->handleRequest(null, Object(Config\Cache), false)
13 FCPATH\index.php(67): CodeIgniter\CodeIgniter->run()
CRITICAL - 2022-11-30 06:19:53 --> Undefined variable $page
in APPPATH\Views\manage\contents\seo\edit_seo_view.php on line 18.
 1 APPPATH\Views\manage\contents\seo\edit_seo_view.php(18): CodeIgniter\Debug\Exceptions->errorHandler(2, 'Undefined variable $page', 'APPPATH\\Views\\manage\\contents\\seo\\edit_seo_view.php', 18)
 2 SYSTEMPATH\View\View.php(213): include('APPPATH\\Views\\manage\\contents\\seo\\edit_seo_view.php')
 3 SYSTEMPATH\View\View.php(216): CodeIgniter\View\View->CodeIgniter\View\{closure}()
 4 SYSTEMPATH\Common.php(1134): CodeIgniter\View\View->render('/manage/contents/seo/edit_seo_view', [], true)
 5 APPPATH\Views\manage\layout.php(57): view('/manage/contents/seo/edit_seo_view', [...])
 6 SYSTEMPATH\View\View.php(213): include('APPPATH\\Views\\manage\\layout.php')
 7 SYSTEMPATH\View\View.php(216): CodeIgniter\View\View->CodeIgniter\View\{closure}()
 8 SYSTEMPATH\Common.php(1134): CodeIgniter\View\View->render('manage/layout', [], true)
 9 APPPATH\Controllers\manage\Seo.php(141): view('manage/layout', [...])
10 SYSTEMPATH\CodeIgniter.php(927): App\Controllers\manage\Seo->edit('1')
11 SYSTEMPATH\CodeIgniter.php(482): CodeIgniter\CodeIgniter->runController(Object(App\Controllers\manage\Seo))
12 SYSTEMPATH\CodeIgniter.php(351): CodeIgniter\CodeIgniter->handleRequest(null, Object(Config\Cache), false)
13 FCPATH\index.php(67): CodeIgniter\CodeIgniter->run()
CRITICAL - 2022-11-30 06:41:31 --> Attempt to read property "content_tye" on null
in APPPATH\Controllers\manage\Seo.php on line 45.
 1 APPPATH\Controllers\manage\Seo.php(45): CodeIgniter\Debug\Exceptions->errorHandler(2, 'Attempt to read property "content_tye" on null', 'APPPATH\\Controllers\\manage\\Seo.php', 45)
 2 SYSTEMPATH\CodeIgniter.php(927): App\Controllers\manage\Seo->edit('1')
 3 SYSTEMPATH\CodeIgniter.php(482): CodeIgniter\CodeIgniter->runController(Object(App\Controllers\manage\Seo))
 4 SYSTEMPATH\CodeIgniter.php(351): CodeIgniter\CodeIgniter->handleRequest(null, Object(Config\Cache), false)
 5 FCPATH\index.php(67): CodeIgniter\CodeIgniter->run()
CRITICAL - 2022-11-30 06:49:01 --> Undefined property: stdClass::$content_tye
in APPPATH\Controllers\manage\Seo.php on line 44.
 1 APPPATH\Controllers\manage\Seo.php(44): CodeIgniter\Debug\Exceptions->errorHandler(2, 'Undefined property: stdClass::$content_tye', 'APPPATH\\Controllers\\manage\\Seo.php', 44)
 2 SYSTEMPATH\CodeIgniter.php(927): App\Controllers\manage\Seo->edit('1')
 3 SYSTEMPATH\CodeIgniter.php(482): CodeIgniter\CodeIgniter->runController(Object(App\Controllers\manage\Seo))
 4 SYSTEMPATH\CodeIgniter.php(351): CodeIgniter\CodeIgniter->handleRequest(null, Object(Config\Cache), false)
 5 FCPATH\index.php(67): CodeIgniter\CodeIgniter->run()
CRITICAL - 2022-11-30 06:49:15 --> Undefined property: stdClass::$content_tye
in APPPATH\Controllers\manage\Seo.php on line 45.
 1 APPPATH\Controllers\manage\Seo.php(45): CodeIgniter\Debug\Exceptions->errorHandler(2, 'Undefined property: stdClass::$content_tye', 'APPPATH\\Controllers\\manage\\Seo.php', 45)
 2 SYSTEMPATH\CodeIgniter.php(927): App\Controllers\manage\Seo->edit('1')
 3 SYSTEMPATH\CodeIgniter.php(482): CodeIgniter\CodeIgniter->runController(Object(App\Controllers\manage\Seo))
 4 SYSTEMPATH\CodeIgniter.php(351): CodeIgniter\CodeIgniter->handleRequest(null, Object(Config\Cache), false)
 5 FCPATH\index.php(67): CodeIgniter\CodeIgniter->run()
CRITICAL - 2022-11-30 06:50:05 --> Undefined variable $tem
in APPPATH\Views\manage\contents\seo\edit_seo_view.php on line 12.
 1 APPPATH\Views\manage\contents\seo\edit_seo_view.php(12): CodeIgniter\Debug\Exceptions->errorHandler(2, 'Undefined variable $tem', 'APPPATH\\Views\\manage\\contents\\seo\\edit_seo_view.php', 12)
 2 SYSTEMPATH\View\View.php(213): include('APPPATH\\Views\\manage\\contents\\seo\\edit_seo_view.php')
 3 SYSTEMPATH\View\View.php(216): CodeIgniter\View\View->CodeIgniter\View\{closure}()
 4 SYSTEMPATH\Common.php(1134): CodeIgniter\View\View->render('/manage/contents/seo/edit_seo_view', [], true)
 5 APPPATH\Views\manage\layout.php(57): view('/manage/contents/seo/edit_seo_view', [...])
 6 SYSTEMPATH\View\View.php(213): include('APPPATH\\Views\\manage\\layout.php')
 7 SYSTEMPATH\View\View.php(216): CodeIgniter\View\View->CodeIgniter\View\{closure}()
 8 SYSTEMPATH\Common.php(1134): CodeIgniter\View\View->render('manage/layout', [], true)
 9 APPPATH\Controllers\manage\Seo.php(67): view('manage/layout', [...])
10 SYSTEMPATH\CodeIgniter.php(927): App\Controllers\manage\Seo->edit('1')
11 SYSTEMPATH\CodeIgniter.php(482): CodeIgniter\CodeIgniter->runController(Object(App\Controllers\manage\Seo))
12 SYSTEMPATH\CodeIgniter.php(351): CodeIgniter\CodeIgniter->handleRequest(null, Object(Config\Cache), false)
13 FCPATH\index.php(67): CodeIgniter\CodeIgniter->run()
CRITICAL - 2022-11-30 06:51:56 --> Cannot use object of type stdClass as array
in APPPATH\Controllers\manage\Seo.php on line 62.
 1 SYSTEMPATH\CodeIgniter.php(927): App\Controllers\manage\Seo->edit('1')
 2 SYSTEMPATH\CodeIgniter.php(482): CodeIgniter\CodeIgniter->runController(Object(App\Controllers\manage\Seo))
 3 SYSTEMPATH\CodeIgniter.php(351): CodeIgniter\CodeIgniter->handleRequest(null, Object(Config\Cache), false)
 4 FCPATH\index.php(67): CodeIgniter\CodeIgniter->run()
CRITICAL - 2022-11-30 06:57:31 --> Object of class CodeIgniter\Database\MySQLi\Builder could not be converted to string
in APPPATH\Models\manage\Category_model.php on line 15.
 1 APPPATH\Controllers\manage\Seo.php(49): App\Models\manage\Category_model->getCategory('1')
 2 SYSTEMPATH\CodeIgniter.php(927): App\Controllers\manage\Seo->edit('1')
 3 SYSTEMPATH\CodeIgniter.php(482): CodeIgniter\CodeIgniter->runController(Object(App\Controllers\manage\Seo))
 4 SYSTEMPATH\CodeIgniter.php(351): CodeIgniter\CodeIgniter->handleRequest(null, Object(Config\Cache), false)
 5 FCPATH\index.php(67): CodeIgniter\CodeIgniter->run()
CRITICAL - 2022-11-30 06:58:41 --> Undefined variable $tem
in APPPATH\Views\manage\contents\seo\edit_seo_view.php on line 12.
 1 APPPATH\Views\manage\contents\seo\edit_seo_view.php(12): CodeIgniter\Debug\Exceptions->errorHandler(2, 'Undefined variable $tem', 'APPPATH\\Views\\manage\\contents\\seo\\edit_seo_view.php', 12)
 2 SYSTEMPATH\View\View.php(213): include('APPPATH\\Views\\manage\\contents\\seo\\edit_seo_view.php')
 3 SYSTEMPATH\View\View.php(216): CodeIgniter\View\View->CodeIgniter\View\{closure}()
 4 SYSTEMPATH\Common.php(1134): CodeIgniter\View\View->render('/manage/contents/seo/edit_seo_view', [], true)
 5 APPPATH\Views\manage\layout.php(57): view('/manage/contents/seo/edit_seo_view', [...])
 6 SYSTEMPATH\View\View.php(213): include('APPPATH\\Views\\manage\\layout.php')
 7 SYSTEMPATH\View\View.php(216): CodeIgniter\View\View->CodeIgniter\View\{closure}()
 8 SYSTEMPATH\Common.php(1134): CodeIgniter\View\View->render('manage/layout', [], true)
 9 APPPATH\Controllers\manage\Seo.php(74): view('manage/layout', [...])
10 SYSTEMPATH\CodeIgniter.php(927): App\Controllers\manage\Seo->edit('1')
11 SYSTEMPATH\CodeIgniter.php(482): CodeIgniter\CodeIgniter->runController(Object(App\Controllers\manage\Seo))
12 SYSTEMPATH\CodeIgniter.php(351): CodeIgniter\CodeIgniter->handleRequest(null, Object(Config\Cache), false)
13 FCPATH\index.php(67): CodeIgniter\CodeIgniter->run()
CRITICAL - 2022-11-30 06:59:31 --> Call to undefined method stdClass::getRow()
in APPPATH\Controllers\manage\Category.php on line 99.
 1 SYSTEMPATH\CodeIgniter.php(927): App\Controllers\manage\Category->edit('1')
 2 SYSTEMPATH\CodeIgniter.php(482): CodeIgniter\CodeIgniter->runController(Object(App\Controllers\manage\Category))
 3 SYSTEMPATH\CodeIgniter.php(351): CodeIgniter\CodeIgniter->handleRequest(null, Object(Config\Cache), false)
 4 FCPATH\index.php(67): CodeIgniter\CodeIgniter->run()
CRITICAL - 2022-11-30 07:00:08 --> Undefined property: CodeIgniter\Database\MySQLi\Result::$title
in APPPATH\Views\manage\contents\seo\edit_seo_view.php on line 12.
 1 APPPATH\Views\manage\contents\seo\edit_seo_view.php(12): CodeIgniter\Debug\Exceptions->errorHandler(2, 'Undefined property: CodeIgniter\\Database\\MySQLi\\Result::$title', 'APPPATH\\Views\\manage\\contents\\seo\\edit_seo_view.php', 12)
 2 SYSTEMPATH\View\View.php(213): include('APPPATH\\Views\\manage\\contents\\seo\\edit_seo_view.php')
 3 SYSTEMPATH\View\View.php(216): CodeIgniter\View\View->CodeIgniter\View\{closure}()
 4 SYSTEMPATH\Common.php(1134): CodeIgniter\View\View->render('/manage/contents/seo/edit_seo_view', [], true)
 5 APPPATH\Views\manage\layout.php(57): view('/manage/contents/seo/edit_seo_view', [...])
 6 SYSTEMPATH\View\View.php(213): include('APPPATH\\Views\\manage\\layout.php')
 7 SYSTEMPATH\View\View.php(216): CodeIgniter\View\View->CodeIgniter\View\{closure}()
 8 SYSTEMPATH\Common.php(1134): CodeIgniter\View\View->render('manage/layout', [], true)
 9 APPPATH\Controllers\manage\Seo.php(74): view('manage/layout', [...])
10 SYSTEMPATH\CodeIgniter.php(927): App\Controllers\manage\Seo->edit('1')
11 SYSTEMPATH\CodeIgniter.php(482): CodeIgniter\CodeIgniter->runController(Object(App\Controllers\manage\Seo))
12 SYSTEMPATH\CodeIgniter.php(351): CodeIgniter\CodeIgniter->handleRequest(null, Object(Config\Cache), false)
13 FCPATH\index.php(67): CodeIgniter\CodeIgniter->run()
CRITICAL - 2022-11-30 07:00:37 --> Call to undefined method stdClass::getRow()
in APPPATH\Controllers\manage\Category.php on line 99.
 1 SYSTEMPATH\CodeIgniter.php(927): App\Controllers\manage\Category->edit('1')
 2 SYSTEMPATH\CodeIgniter.php(482): CodeIgniter\CodeIgniter->runController(Object(App\Controllers\manage\Category))
 3 SYSTEMPATH\CodeIgniter.php(351): CodeIgniter\CodeIgniter->handleRequest(null, Object(Config\Cache), false)
 4 FCPATH\index.php(67): CodeIgniter\CodeIgniter->run()
CRITICAL - 2022-11-30 07:00:38 --> Call to undefined method stdClass::getRow()
in APPPATH\Controllers\manage\Category.php on line 99.
 1 SYSTEMPATH\CodeIgniter.php(927): App\Controllers\manage\Category->edit('1')
 2 SYSTEMPATH\CodeIgniter.php(482): CodeIgniter\CodeIgniter->runController(Object(App\Controllers\manage\Category))
 3 SYSTEMPATH\CodeIgniter.php(351): CodeIgniter\CodeIgniter->handleRequest(null, Object(Config\Cache), false)
 4 FCPATH\index.php(67): CodeIgniter\CodeIgniter->run()
CRITICAL - 2022-11-30 07:28:01 --> Call to a member function isValid() on null
in APPPATH\Controllers\manage\Seo.php on line 89.
 1 SYSTEMPATH\CodeIgniter.php(927): App\Controllers\manage\Seo->update()
 2 SYSTEMPATH\CodeIgniter.php(482): CodeIgniter\CodeIgniter->runController(Object(App\Controllers\manage\Seo))
 3 SYSTEMPATH\CodeIgniter.php(351): CodeIgniter\CodeIgniter->handleRequest(null, Object(Config\Cache), false)
 4 FCPATH\index.php(67): CodeIgniter\CodeIgniter->run()
CRITICAL - 2022-11-30 10:45:39 --> Unmatched '}'
in APPPATH\Views\manage\contents\permission\permission_view.php on line 86.
 1 SYSTEMPATH\View\View.php(216): CodeIgniter\View\View->CodeIgniter\View\{closure}()
 2 SYSTEMPATH\Common.php(1134): CodeIgniter\View\View->render('/manage/contents/permission/permission_view', [], true)
 3 APPPATH\Views\manage\layout.php(57): view('/manage/contents/permission/permission_view', [...])
 4 SYSTEMPATH\View\View.php(213): include('APPPATH\\Views\\manage\\layout.php')
 5 SYSTEMPATH\View\View.php(216): CodeIgniter\View\View->CodeIgniter\View\{closure}()
 6 SYSTEMPATH\Common.php(1134): CodeIgniter\View\View->render('manage/layout', [], true)
 7 APPPATH\Controllers\manage\Permission.php(40): view('manage/layout', [...])
 8 SYSTEMPATH\CodeIgniter.php(927): App\Controllers\manage\Permission->index('1')
 9 SYSTEMPATH\CodeIgniter.php(482): CodeIgniter\CodeIgniter->runController(Object(App\Controllers\manage\Permission))
10 SYSTEMPATH\CodeIgniter.php(351): CodeIgniter\CodeIgniter->handleRequest(null, Object(Config\Cache), false)
11 FCPATH\index.php(67): CodeIgniter\CodeIgniter->run()
CRITICAL - 2022-11-30 14:18:14 --> Unmatched '}'
in APPPATH\Views\manage\contents\permission\permission_view.php on line 86.
 1 SYSTEMPATH\View\View.php(216): CodeIgniter\View\View->CodeIgniter\View\{closure}()
 2 SYSTEMPATH\Common.php(1134): CodeIgniter\View\View->render('/manage/contents/permission/permission_view', [], true)
 3 APPPATH\Views\manage\layout.php(58): view('/manage/contents/permission/permission_view', [...])
 4 SYSTEMPATH\View\View.php(213): include('APPPATH\\Views\\manage\\layout.php')
 5 SYSTEMPATH\View\View.php(216): CodeIgniter\View\View->CodeIgniter\View\{closure}()
 6 SYSTEMPATH\Common.php(1134): CodeIgniter\View\View->render('manage/layout', [], true)
 7 APPPATH\Controllers\manage\Permission.php(40): view('manage/layout', [...])
 8 SYSTEMPATH\CodeIgniter.php(927): App\Controllers\manage\Permission->index('1')
 9 SYSTEMPATH\CodeIgniter.php(482): CodeIgniter\CodeIgniter->runController(Object(App\Controllers\manage\Permission))
10 SYSTEMPATH\CodeIgniter.php(351): CodeIgniter\CodeIgniter->handleRequest(null, Object(Config\Cache), false)
11 FCPATH\index.php(67): CodeIgniter\CodeIgniter->run()
CRITICAL - 2022-11-30 18:40:05 --> The namespace delimiter is a backslash (\), not a slash (/). Route handler: \App\Controllers\auth/Forgot::updatepassword
in SYSTEMPATH\Router\Router.php on line 466.
 1 SYSTEMPATH\Router\Router.php(466): CodeIgniter\Router\Exceptions\RouterException::forInvalidControllerName('\\App\\Controllers\\auth/Forgot::updatepassword')
 2 SYSTEMPATH\Router\Router.php(181): CodeIgniter\Router\Router->checkRoutes('auth/resetpassword')
 3 SYSTEMPATH\CodeIgniter.php(802): CodeIgniter\Router\Router->handle('/auth/resetpassword')
 4 SYSTEMPATH\CodeIgniter.php(430): CodeIgniter\CodeIgniter->tryToRouteIt(Object(CodeIgniter\Router\RouteCollection))
 5 SYSTEMPATH\CodeIgniter.php(351): CodeIgniter\CodeIgniter->handleRequest(null, Object(Config\Cache), false)
 6 FCPATH\index.php(67): CodeIgniter\CodeIgniter->run()
CRITICAL - 2022-11-30 22:00:48 --> Attempt to read property "content_type" on null
in APPPATH\Controllers\manage\Seo.php on line 47.
 1 APPPATH\Controllers\manage\Seo.php(47): CodeIgniter\Debug\Exceptions->errorHandler(2, 'Attempt to read property "content_type" on null', 'APPPATH\\Controllers\\manage\\Seo.php', 47)
 2 SYSTEMPATH\CodeIgniter.php(927): App\Controllers\manage\Seo->edit('4')
 3 SYSTEMPATH\CodeIgniter.php(482): CodeIgniter\CodeIgniter->runController(Object(App\Controllers\manage\Seo))
 4 SYSTEMPATH\CodeIgniter.php(351): CodeIgniter\CodeIgniter->handleRequest(null, Object(Config\Cache), false)
 5 FCPATH\index.php(67): CodeIgniter\CodeIgniter->run()
CRITICAL - 2022-11-30 22:02:59 --> Attempt to read property "content_type" on null
in APPPATH\Controllers\manage\Seo.php on line 47.
 1 APPPATH\Controllers\manage\Seo.php(47): CodeIgniter\Debug\Exceptions->errorHandler(2, 'Attempt to read property "content_type" on null', 'APPPATH\\Controllers\\manage\\Seo.php', 47)
 2 SYSTEMPATH\CodeIgniter.php(927): App\Controllers\manage\Seo->edit('4')
 3 SYSTEMPATH\CodeIgniter.php(482): CodeIgniter\CodeIgniter->runController(Object(App\Controllers\manage\Seo))
 4 SYSTEMPATH\CodeIgniter.php(351): CodeIgniter\CodeIgniter->handleRequest(null, Object(Config\Cache), false)
 5 FCPATH\index.php(67): CodeIgniter\CodeIgniter->run()
CRITICAL - 2022-11-30 22:07:39 --> Call to undefined method stdClass::getRow()
in APPPATH\Controllers\manage\Seo.php on line 44.
 1 SYSTEMPATH\CodeIgniter.php(927): App\Controllers\manage\Seo->edit('4')
 2 SYSTEMPATH\CodeIgniter.php(482): CodeIgniter\CodeIgniter->runController(Object(App\Controllers\manage\Seo))
 3 SYSTEMPATH\CodeIgniter.php(351): CodeIgniter\CodeIgniter->handleRequest(null, Object(Config\Cache), false)
 4 FCPATH\index.php(67): CodeIgniter\CodeIgniter->run()
CRITICAL - 2022-11-30 22:07:55 --> Undefined variable $cat_md
in APPPATH\Controllers\manage\Seo.php on line 54.
 1 APPPATH\Controllers\manage\Seo.php(54): CodeIgniter\Debug\Exceptions->errorHandler(2, 'Undefined variable $cat_md', 'APPPATH\\Controllers\\manage\\Seo.php', 54)
 2 SYSTEMPATH\CodeIgniter.php(927): App\Controllers\manage\Seo->edit('4')
 3 SYSTEMPATH\CodeIgniter.php(482): CodeIgniter\CodeIgniter->runController(Object(App\Controllers\manage\Seo))
 4 SYSTEMPATH\CodeIgniter.php(351): CodeIgniter\CodeIgniter->handleRequest(null, Object(Config\Cache), false)
 5 FCPATH\index.php(67): CodeIgniter\CodeIgniter->run()
CRITICAL - 2022-11-30 22:26:07 --> The namespace delimiter is a backslash (\), not a slash (/). Route handler: \App\Controllers\manage/Options::save
in SYSTEMPATH\Router\Router.php on line 466.
 1 SYSTEMPATH\Router\Router.php(466): CodeIgniter\Router\Exceptions\RouterException::forInvalidControllerName('\\App\\Controllers\\manage/Options::save')
 2 SYSTEMPATH\Router\Router.php(181): CodeIgniter\Router\Router->checkRoutes('manage/options/save')
 3 SYSTEMPATH\CodeIgniter.php(802): CodeIgniter\Router\Router->handle('/manage/options/save')
 4 SYSTEMPATH\CodeIgniter.php(430): CodeIgniter\CodeIgniter->tryToRouteIt(Object(CodeIgniter\Router\RouteCollection))
 5 SYSTEMPATH\CodeIgniter.php(351): CodeIgniter\CodeIgniter->handleRequest(null, Object(Config\Cache), false)
 6 FCPATH\index.php(67): CodeIgniter\CodeIgniter->run()
