CRITICAL - 2022-11-28 02:24:14 --> Tập tin không hợp lệ:backend/contents/menu/item.php
in SYSTEMPATH\Exceptions\FrameworkException.php on line 33.
 1 SYSTEMPATH\View\View.php(201): CodeIgniter\Exceptions\FrameworkException::forInvalidFile('backend/contents/menu/item.php')
 2 SYSTEMPATH\Common.php(1134): CodeIgniter\View\View->render('backend/contents/menu/item', [], true)
 3 APPPATH\Controllers\manage\Menu.php(143): view('backend/contents/menu/item')
 4 SYSTEMPATH\CodeIgniter.php(927): App\Controllers\manage\Menu->item()
 5 SYSTEMPATH\CodeIgniter.php(482): CodeIgniter\CodeIgniter->runController(Object(App\Controllers\manage\Menu))
 6 SYSTEMPATH\CodeIgniter.php(351): CodeIgniter\CodeIgniter->handleRequest(null, Object(Config\Cache), false)
 7 FCPATH\index.php(67): CodeIgniter\CodeIgniter->run()
CRITICAL - 2022-11-28 02:54:36 --> Object of class CodeIgniter\Database\MySQLi\Result could not be converted to string
in APPPATH\Controllers\manage\Menu.php on line 158.
 1 SYSTEMPATH\CodeIgniter.php(927): App\Controllers\manage\Menu->item('1')
 2 SYSTEMPATH\CodeIgniter.php(482): CodeIgniter\CodeIgniter->runController(Object(App\Controllers\manage\Menu))
 3 SYSTEMPATH\CodeIgniter.php(351): CodeIgniter\CodeIgniter->handleRequest(null, Object(Config\Cache), false)
 4 FCPATH\index.php(67): CodeIgniter\CodeIgniter->run()
CRITICAL - 2022-11-28 02:55:52 --> Undefined property: CodeIgniter\Database\MySQLi\Result::$name
in APPPATH\Controllers\manage\Menu.php on line 158.
 1 APPPATH\Controllers\manage\Menu.php(158): CodeIgniter\Debug\Exceptions->errorHandler(2, 'Undefined property: CodeIgniter\\Database\\MySQLi\\Result::$name', 'APPPATH\\Controllers\\manage\\Menu.php', 158)
 2 SYSTEMPATH\CodeIgniter.php(927): App\Controllers\manage\Menu->item('1')
 3 SYSTEMPATH\CodeIgniter.php(482): CodeIgniter\CodeIgniter->runController(Object(App\Controllers\manage\Menu))
 4 SYSTEMPATH\CodeIgniter.php(351): CodeIgniter\CodeIgniter->handleRequest(null, Object(Config\Cache), false)
 5 FCPATH\index.php(67): CodeIgniter\CodeIgniter->run()
CRITICAL - 2022-11-28 03:25:30 --> Attempt to read property "json" on null
in APPPATH\Views\manage\layout.php on line 332.
 1 APPPATH\Views\manage\layout.php(332): CodeIgniter\Debug\Exceptions->errorHandler(2, 'Attempt to read property "json" on null', 'APPPATH\\Views\\manage\\layout.php', 332)
 2 SYSTEMPATH\View\View.php(213): include('APPPATH\\Views\\manage\\layout.php')
 3 SYSTEMPATH\View\View.php(216): CodeIgniter\View\View->CodeIgniter\View\{closure}()
 4 SYSTEMPATH\Common.php(1134): CodeIgniter\View\View->render('manage/layout', [], true)
 5 APPPATH\Controllers\manage\Menu.php(161): view('manage/layout', [...])
 6 SYSTEMPATH\CodeIgniter.php(927): App\Controllers\manage\Menu->item('1')
 7 SYSTEMPATH\CodeIgniter.php(482): CodeIgniter\CodeIgniter->runController(Object(App\Controllers\manage\Menu))
 8 SYSTEMPATH\CodeIgniter.php(351): CodeIgniter\CodeIgniter->handleRequest(null, Object(Config\Cache), false)
 9 FCPATH\index.php(67): CodeIgniter\CodeIgniter->run()
CRITICAL - 2022-11-28 03:35:59 --> Undefined array key "menuitem"
in APPPATH\Controllers\manage\Menu.php on line 179.
 1 APPPATH\Controllers\manage\Menu.php(179): CodeIgniter\Debug\Exceptions->errorHandler(2, 'Undefined array key "menuitem"', 'APPPATH\\Controllers\\manage\\Menu.php', 179)
 2 SYSTEMPATH\CodeIgniter.php(927): App\Controllers\manage\Menu->saveitem()
 3 SYSTEMPATH\CodeIgniter.php(482): CodeIgniter\CodeIgniter->runController(Object(App\Controllers\manage\Menu))
 4 SYSTEMPATH\CodeIgniter.php(351): CodeIgniter\CodeIgniter->handleRequest(null, Object(Config\Cache), false)
 5 FCPATH\index.php(67): CodeIgniter\CodeIgniter->run()
CRITICAL - 2022-11-28 03:37:58 --> Undefined array key "menuitem"
in APPPATH\Controllers\manage\Menu.php on line 179.
 1 APPPATH\Controllers\manage\Menu.php(179): CodeIgniter\Debug\Exceptions->errorHandler(2, 'Undefined array key "menuitem"', 'APPPATH\\Controllers\\manage\\Menu.php', 179)
 2 SYSTEMPATH\CodeIgniter.php(927): App\Controllers\manage\Menu->saveitem()
 3 SYSTEMPATH\CodeIgniter.php(482): CodeIgniter\CodeIgniter->runController(Object(App\Controllers\manage\Menu))
 4 SYSTEMPATH\CodeIgniter.php(351): CodeIgniter\CodeIgniter->handleRequest(null, Object(Config\Cache), false)
 5 FCPATH\index.php(67): CodeIgniter\CodeIgniter->run()
CRITICAL - 2022-11-28 03:39:34 --> Undefined variable $id
in APPPATH\Controllers\manage\Menu.php on line 170.
 1 APPPATH\Controllers\manage\Menu.php(170): CodeIgniter\Debug\Exceptions->errorHandler(2, 'Undefined variable $id', 'APPPATH\\Controllers\\manage\\Menu.php', 170)
 2 SYSTEMPATH\CodeIgniter.php(927): App\Controllers\manage\Menu->saveitem()
 3 SYSTEMPATH\CodeIgniter.php(482): CodeIgniter\CodeIgniter->runController(Object(App\Controllers\manage\Menu))
 4 SYSTEMPATH\CodeIgniter.php(351): CodeIgniter\CodeIgniter->handleRequest(null, Object(Config\Cache), false)
 5 FCPATH\index.php(67): CodeIgniter\CodeIgniter->run()
CRITICAL - 2022-11-28 03:39:38 --> Undefined variable $id
in APPPATH\Controllers\manage\Menu.php on line 170.
 1 APPPATH\Controllers\manage\Menu.php(170): CodeIgniter\Debug\Exceptions->errorHandler(2, 'Undefined variable $id', 'APPPATH\\Controllers\\manage\\Menu.php', 170)
 2 SYSTEMPATH\CodeIgniter.php(927): App\Controllers\manage\Menu->saveitem()
 3 SYSTEMPATH\CodeIgniter.php(482): CodeIgniter\CodeIgniter->runController(Object(App\Controllers\manage\Menu))
 4 SYSTEMPATH\CodeIgniter.php(351): CodeIgniter\CodeIgniter->handleRequest(null, Object(Config\Cache), false)
 5 FCPATH\index.php(67): CodeIgniter\CodeIgniter->run()
CRITICAL - 2022-11-28 03:40:27 --> Cannot use object of type stdClass as array
in APPPATH\Controllers\manage\Menu.php on line 170.
 1 SYSTEMPATH\CodeIgniter.php(927): App\Controllers\manage\Menu->saveitem()
 2 SYSTEMPATH\CodeIgniter.php(482): CodeIgniter\CodeIgniter->runController(Object(App\Controllers\manage\Menu))
 3 SYSTEMPATH\CodeIgniter.php(351): CodeIgniter\CodeIgniter->handleRequest(null, Object(Config\Cache), false)
 4 FCPATH\index.php(67): CodeIgniter\CodeIgniter->run()
CRITICAL - 2022-11-28 03:44:43 --> Undefined variable $menuitem
in APPPATH\Views\manage\layout.php on line 329.
 1 APPPATH\Views\manage\layout.php(329): CodeIgniter\Debug\Exceptions->errorHandler(2, 'Undefined variable $menuitem', 'APPPATH\\Views\\manage\\layout.php', 329)
 2 SYSTEMPATH\View\View.php(213): include('APPPATH\\Views\\manage\\layout.php')
 3 SYSTEMPATH\View\View.php(216): CodeIgniter\View\View->CodeIgniter\View\{closure}()
 4 SYSTEMPATH\Common.php(1134): CodeIgniter\View\View->render('manage/layout', [], true)
 5 APPPATH\Controllers\manage\Menu.php(33): view('manage/layout', [...])
 6 SYSTEMPATH\CodeIgniter.php(927): App\Controllers\manage\Menu->index()
 7 SYSTEMPATH\CodeIgniter.php(482): CodeIgniter\CodeIgniter->runController(Object(App\Controllers\manage\Menu))
 8 SYSTEMPATH\CodeIgniter.php(351): CodeIgniter\CodeIgniter->handleRequest(null, Object(Config\Cache), false)
 9 FCPATH\index.php(67): CodeIgniter\CodeIgniter->run()
CRITICAL - 2022-11-28 08:19:16 --> Call to undefined method App\Models\manage\Option_model::getOptions
in SYSTEMPATH\Model.php on line 774.
 1 APPPATH\Controllers\Home.php(12): CodeIgniter\Model->__call('getOptions', [])
 2 SYSTEMPATH\CodeIgniter.php(889): App\Controllers\Home->__construct()
 3 SYSTEMPATH\CodeIgniter.php(473): CodeIgniter\CodeIgniter->createController()
 4 SYSTEMPATH\CodeIgniter.php(351): CodeIgniter\CodeIgniter->handleRequest(null, Object(Config\Cache), false)
 5 FCPATH\index.php(67): CodeIgniter\CodeIgniter->run()
CRITICAL - 2022-11-28 08:21:02 --> Undefined array key "site_status"
in APPPATH\Controllers\Home.php on line 14.
 1 APPPATH\Controllers\Home.php(14): CodeIgniter\Debug\Exceptions->errorHandler(2, 'Undefined array key "site_status"', 'APPPATH\\Controllers\\Home.php', 14)
 2 SYSTEMPATH\CodeIgniter.php(889): App\Controllers\Home->__construct()
 3 SYSTEMPATH\CodeIgniter.php(473): CodeIgniter\CodeIgniter->createController()
 4 SYSTEMPATH\CodeIgniter.php(351): CodeIgniter\CodeIgniter->handleRequest(null, Object(Config\Cache), false)
 5 FCPATH\index.php(67): CodeIgniter\CodeIgniter->run()
CRITICAL - 2022-11-28 08:28:57 --> Undefined variable $status
in APPPATH\Controllers\Home.php on line 17.
 1 APPPATH\Controllers\Home.php(17): CodeIgniter\Debug\Exceptions->errorHandler(2, 'Undefined variable $status', 'APPPATH\\Controllers\\Home.php', 17)
 2 SYSTEMPATH\CodeIgniter.php(889): App\Controllers\Home->__construct()
 3 SYSTEMPATH\CodeIgniter.php(473): CodeIgniter\CodeIgniter->createController()
 4 SYSTEMPATH\CodeIgniter.php(351): CodeIgniter\CodeIgniter->handleRequest(null, Object(Config\Cache), false)
 5 FCPATH\index.php(67): CodeIgniter\CodeIgniter->run()
CRITICAL - 2022-11-28 08:29:31 --> Undefined variable $status
in APPPATH\Controllers\Home.php on line 18.
 1 APPPATH\Controllers\Home.php(18): CodeIgniter\Debug\Exceptions->errorHandler(2, 'Undefined variable $status', 'APPPATH\\Controllers\\Home.php', 18)
 2 SYSTEMPATH\CodeIgniter.php(889): App\Controllers\Home->__construct()
 3 SYSTEMPATH\CodeIgniter.php(473): CodeIgniter\CodeIgniter->createController()
 4 SYSTEMPATH\CodeIgniter.php(351): CodeIgniter\CodeIgniter->handleRequest(null, Object(Config\Cache), false)
 5 FCPATH\index.php(67): CodeIgniter\CodeIgniter->run()
CRITICAL - 2022-11-28 08:30:44 --> Undefined variable $status
in APPPATH\Controllers\Home.php on line 20.
 1 APPPATH\Controllers\Home.php(20): CodeIgniter\Debug\Exceptions->errorHandler(2, 'Undefined variable $status', 'APPPATH\\Controllers\\Home.php', 20)
 2 SYSTEMPATH\CodeIgniter.php(889): App\Controllers\Home->__construct()
 3 SYSTEMPATH\CodeIgniter.php(473): CodeIgniter\CodeIgniter->createController()
 4 SYSTEMPATH\CodeIgniter.php(351): CodeIgniter\CodeIgniter->handleRequest(null, Object(Config\Cache), false)
 5 FCPATH\index.php(67): CodeIgniter\CodeIgniter->run()
CRITICAL - 2022-11-28 08:31:22 --> Undefined variable $status
in APPPATH\Controllers\Home.php on line 21.
 1 APPPATH\Controllers\Home.php(21): CodeIgniter\Debug\Exceptions->errorHandler(2, 'Undefined variable $status', 'APPPATH\\Controllers\\Home.php', 21)
 2 SYSTEMPATH\CodeIgniter.php(889): App\Controllers\Home->__construct()
 3 SYSTEMPATH\CodeIgniter.php(473): CodeIgniter\CodeIgniter->createController()
 4 SYSTEMPATH\CodeIgniter.php(351): CodeIgniter\CodeIgniter->handleRequest(null, Object(Config\Cache), false)
 5 FCPATH\index.php(67): CodeIgniter\CodeIgniter->run()
CRITICAL - 2022-11-28 08:31:43 --> Undefined variable $status
in APPPATH\Controllers\Home.php on line 21.
 1 APPPATH\Controllers\Home.php(21): CodeIgniter\Debug\Exceptions->errorHandler(2, 'Undefined variable $status', 'APPPATH\\Controllers\\Home.php', 21)
 2 SYSTEMPATH\CodeIgniter.php(889): App\Controllers\Home->__construct()
 3 SYSTEMPATH\CodeIgniter.php(473): CodeIgniter\CodeIgniter->createController()
 4 SYSTEMPATH\CodeIgniter.php(351): CodeIgniter\CodeIgniter->handleRequest(null, Object(Config\Cache), false)
 5 FCPATH\index.php(67): CodeIgniter\CodeIgniter->run()
CRITICAL - 2022-11-28 08:31:44 --> Undefined variable $status
in APPPATH\Controllers\Home.php on line 21.
 1 APPPATH\Controllers\Home.php(21): CodeIgniter\Debug\Exceptions->errorHandler(2, 'Undefined variable $status', 'APPPATH\\Controllers\\Home.php', 21)
 2 SYSTEMPATH\CodeIgniter.php(889): App\Controllers\Home->__construct()
 3 SYSTEMPATH\CodeIgniter.php(473): CodeIgniter\CodeIgniter->createController()
 4 SYSTEMPATH\CodeIgniter.php(351): CodeIgniter\CodeIgniter->handleRequest(null, Object(Config\Cache), false)
 5 FCPATH\index.php(67): CodeIgniter\CodeIgniter->run()
CRITICAL - 2022-11-28 08:31:57 --> Undefined variable $status
in APPPATH\Controllers\Home.php on line 21.
 1 APPPATH\Controllers\Home.php(21): CodeIgniter\Debug\Exceptions->errorHandler(2, 'Undefined variable $status', 'APPPATH\\Controllers\\Home.php', 21)
 2 SYSTEMPATH\CodeIgniter.php(889): App\Controllers\Home->__construct()
 3 SYSTEMPATH\CodeIgniter.php(473): CodeIgniter\CodeIgniter->createController()
 4 SYSTEMPATH\CodeIgniter.php(351): CodeIgniter\CodeIgniter->handleRequest(null, Object(Config\Cache), false)
 5 FCPATH\index.php(67): CodeIgniter\CodeIgniter->run()
CRITICAL - 2022-11-28 08:32:50 --> Cannot access offset of type string on string
in APPPATH\Controllers\Home.php on line 17.
 1 SYSTEMPATH\CodeIgniter.php(889): App\Controllers\Home->__construct()
 2 SYSTEMPATH\CodeIgniter.php(473): CodeIgniter\CodeIgniter->createController()
 3 SYSTEMPATH\CodeIgniter.php(351): CodeIgniter\CodeIgniter->handleRequest(null, Object(Config\Cache), false)
 4 FCPATH\index.php(67): CodeIgniter\CodeIgniter->run()
CRITICAL - 2022-11-28 08:34:44 --> Cannot access offset of type string on string
in APPPATH\Controllers\Home.php on line 16.
 1 SYSTEMPATH\CodeIgniter.php(889): App\Controllers\Home->__construct()
 2 SYSTEMPATH\CodeIgniter.php(473): CodeIgniter\CodeIgniter->createController()
 3 SYSTEMPATH\CodeIgniter.php(351): CodeIgniter\CodeIgniter->handleRequest(null, Object(Config\Cache), false)
 4 FCPATH\index.php(67): CodeIgniter\CodeIgniter->run()
CRITICAL - 2022-11-28 08:35:01 --> Cannot access offset of type string on string
in APPPATH\Controllers\Home.php on line 16.
 1 SYSTEMPATH\CodeIgniter.php(889): App\Controllers\Home->__construct()
 2 SYSTEMPATH\CodeIgniter.php(473): CodeIgniter\CodeIgniter->createController()
 3 SYSTEMPATH\CodeIgniter.php(351): CodeIgniter\CodeIgniter->handleRequest(null, Object(Config\Cache), false)
 4 FCPATH\index.php(67): CodeIgniter\CodeIgniter->run()
CRITICAL - 2022-11-28 08:35:27 --> Cannot access offset of type string on string
in APPPATH\Controllers\Home.php on line 16.
 1 SYSTEMPATH\CodeIgniter.php(889): App\Controllers\Home->__construct()
 2 SYSTEMPATH\CodeIgniter.php(473): CodeIgniter\CodeIgniter->createController()
 3 SYSTEMPATH\CodeIgniter.php(351): CodeIgniter\CodeIgniter->handleRequest(null, Object(Config\Cache), false)
 4 FCPATH\index.php(67): CodeIgniter\CodeIgniter->run()
CRITICAL - 2022-11-28 08:35:28 --> Cannot access offset of type string on string
in APPPATH\Controllers\Home.php on line 16.
 1 SYSTEMPATH\CodeIgniter.php(889): App\Controllers\Home->__construct()
 2 SYSTEMPATH\CodeIgniter.php(473): CodeIgniter\CodeIgniter->createController()
 3 SYSTEMPATH\CodeIgniter.php(351): CodeIgniter\CodeIgniter->handleRequest(null, Object(Config\Cache), false)
 4 FCPATH\index.php(67): CodeIgniter\CodeIgniter->run()
CRITICAL - 2022-11-28 08:39:04 --> Cannot access offset of type string on string
in APPPATH\Controllers\Home.php on line 16.
 1 SYSTEMPATH\CodeIgniter.php(889): App\Controllers\Home->__construct()
 2 SYSTEMPATH\CodeIgniter.php(473): CodeIgniter\CodeIgniter->createController()
 3 SYSTEMPATH\CodeIgniter.php(351): CodeIgniter\CodeIgniter->handleRequest(null, Object(Config\Cache), false)
 4 FCPATH\index.php(67): CodeIgniter\CodeIgniter->run()
CRITICAL - 2022-11-28 08:39:12 --> Cannot access offset of type string on string
in APPPATH\Controllers\Home.php on line 16.
 1 SYSTEMPATH\CodeIgniter.php(889): App\Controllers\Home->__construct()
 2 SYSTEMPATH\CodeIgniter.php(473): CodeIgniter\CodeIgniter->createController()
 3 SYSTEMPATH\CodeIgniter.php(351): CodeIgniter\CodeIgniter->handleRequest(null, Object(Config\Cache), false)
 4 FCPATH\index.php(67): CodeIgniter\CodeIgniter->run()
CRITICAL - 2022-11-28 08:44:43 --> Cannot access offset of type string on string
in APPPATH\Controllers\Home.php on line 16.
 1 SYSTEMPATH\CodeIgniter.php(889): App\Controllers\Home->__construct()
 2 SYSTEMPATH\CodeIgniter.php(473): CodeIgniter\CodeIgniter->createController()
 3 SYSTEMPATH\CodeIgniter.php(351): CodeIgniter\CodeIgniter->handleRequest(null, Object(Config\Cache), false)
 4 FCPATH\index.php(67): CodeIgniter\CodeIgniter->run()
CRITICAL - 2022-11-28 08:45:10 --> Cannot access offset of type string on string
in APPPATH\Controllers\Home.php on line 16.
 1 SYSTEMPATH\CodeIgniter.php(889): App\Controllers\Home->__construct()
 2 SYSTEMPATH\CodeIgniter.php(473): CodeIgniter\CodeIgniter->createController()
 3 SYSTEMPATH\CodeIgniter.php(351): CodeIgniter\CodeIgniter->handleRequest(null, Object(Config\Cache), false)
 4 FCPATH\index.php(67): CodeIgniter\CodeIgniter->run()
CRITICAL - 2022-11-28 09:21:38 --> Undefined variable $type
in APPPATH\Views\manage\layout.php on line 126.
 1 APPPATH\Views\manage\layout.php(126): CodeIgniter\Debug\Exceptions->errorHandler(2, 'Undefined variable $type', 'APPPATH\\Views\\manage\\layout.php', 126)
 2 SYSTEMPATH\View\View.php(213): include('APPPATH\\Views\\manage\\layout.php')
 3 SYSTEMPATH\View\View.php(216): CodeIgniter\View\View->CodeIgniter\View\{closure}()
 4 SYSTEMPATH\Common.php(1134): CodeIgniter\View\View->render('manage/layout', [], true)
 5 APPPATH\Controllers\manage\Category.php(34): view('manage/layout', [...])
 6 SYSTEMPATH\CodeIgniter.php(927): App\Controllers\manage\Category->index()
 7 SYSTEMPATH\CodeIgniter.php(482): CodeIgniter\CodeIgniter->runController(Object(App\Controllers\manage\Category))
 8 SYSTEMPATH\CodeIgniter.php(351): CodeIgniter\CodeIgniter->handleRequest(null, Object(Config\Cache), false)
 9 FCPATH\index.php(67): CodeIgniter\CodeIgniter->run()
CRITICAL - 2022-11-28 09:22:48 --> Undefined array key "table"
in APPPATH\Views\manage\layout.php on line 126.
 1 APPPATH\Views\manage\layout.php(126): CodeIgniter\Debug\Exceptions->errorHandler(2, 'Undefined array key "table"', 'APPPATH\\Views\\manage\\layout.php', 126)
 2 SYSTEMPATH\View\View.php(213): include('APPPATH\\Views\\manage\\layout.php')
 3 SYSTEMPATH\View\View.php(216): CodeIgniter\View\View->CodeIgniter\View\{closure}()
 4 SYSTEMPATH\Common.php(1134): CodeIgniter\View\View->render('manage/layout', [], true)
 5 APPPATH\Controllers\manage\Category.php(34): view('manage/layout', [...])
 6 SYSTEMPATH\CodeIgniter.php(927): App\Controllers\manage\Category->index()
 7 SYSTEMPATH\CodeIgniter.php(482): CodeIgniter\CodeIgniter->runController(Object(App\Controllers\manage\Category))
 8 SYSTEMPATH\CodeIgniter.php(351): CodeIgniter\CodeIgniter->handleRequest(null, Object(Config\Cache), false)
 9 FCPATH\index.php(67): CodeIgniter\CodeIgniter->run()
CRITICAL - 2022-11-28 10:22:18 --> Undefined array key "type"
in APPPATH\Views\manage\layout.php on line 127.
 1 APPPATH\Views\manage\layout.php(127): CodeIgniter\Debug\Exceptions->errorHandler(2, 'Undefined array key "type"', 'APPPATH\\Views\\manage\\layout.php', 127)
 2 SYSTEMPATH\View\View.php(213): include('APPPATH\\Views\\manage\\layout.php')
 3 SYSTEMPATH\View\View.php(216): CodeIgniter\View\View->CodeIgniter\View\{closure}()
 4 SYSTEMPATH\Common.php(1134): CodeIgniter\View\View->render('manage/layout', [], true)
 5 APPPATH\Controllers\manage\Menu.php(164): view('manage/layout', [...])
 6 SYSTEMPATH\CodeIgniter.php(927): App\Controllers\manage\Menu->item('1')
 7 SYSTEMPATH\CodeIgniter.php(482): CodeIgniter\CodeIgniter->runController(Object(App\Controllers\manage\Menu))
 8 SYSTEMPATH\CodeIgniter.php(351): CodeIgniter\CodeIgniter->handleRequest(null, Object(Config\Cache), false)
 9 FCPATH\index.php(67): CodeIgniter\CodeIgniter->run()
CRITICAL - 2022-11-28 10:24:20 --> The namespace delimiter is a backslash (\), not a slash (/). Route handler: \App\Controllers\auth/Login::logout
in SYSTEMPATH\Router\Router.php on line 466.
 1 SYSTEMPATH\Router\Router.php(466): CodeIgniter\Router\Exceptions\RouterException::forInvalidControllerName('\\App\\Controllers\\auth/Login::logout')
 2 SYSTEMPATH\Router\Router.php(181): CodeIgniter\Router\Router->checkRoutes('auth/logout')
 3 SYSTEMPATH\CodeIgniter.php(802): CodeIgniter\Router\Router->handle('/auth/logout')
 4 SYSTEMPATH\CodeIgniter.php(430): CodeIgniter\CodeIgniter->tryToRouteIt(Object(CodeIgniter\Router\RouteCollection))
 5 SYSTEMPATH\CodeIgniter.php(351): CodeIgniter\CodeIgniter->handleRequest(null, Object(Config\Cache), false)
 6 FCPATH\index.php(67): CodeIgniter\CodeIgniter->run()
CRITICAL - 2022-11-28 10:24:45 --> The namespace delimiter is a backslash (\), not a slash (/). Route handler: \App\Controllers\auth/Login::logout
in SYSTEMPATH\Router\Router.php on line 466.
 1 SYSTEMPATH\Router\Router.php(466): CodeIgniter\Router\Exceptions\RouterException::forInvalidControllerName('\\App\\Controllers\\auth/Login::logout')
 2 SYSTEMPATH\Router\Router.php(181): CodeIgniter\Router\Router->checkRoutes('auth/logout')
 3 SYSTEMPATH\CodeIgniter.php(802): CodeIgniter\Router\Router->handle('/auth/logout')
 4 SYSTEMPATH\CodeIgniter.php(430): CodeIgniter\CodeIgniter->tryToRouteIt(Object(CodeIgniter\Router\RouteCollection))
 5 SYSTEMPATH\CodeIgniter.php(351): CodeIgniter\CodeIgniter->handleRequest(null, Object(Config\Cache), false)
 6 FCPATH\index.php(67): CodeIgniter\CodeIgniter->run()
CRITICAL - 2022-11-28 10:24:50 --> The namespace delimiter is a backslash (\), not a slash (/). Route handler: \App\Controllers\auth/Login::logout
in SYSTEMPATH\Router\Router.php on line 466.
 1 SYSTEMPATH\Router\Router.php(466): CodeIgniter\Router\Exceptions\RouterException::forInvalidControllerName('\\App\\Controllers\\auth/Login::logout')
 2 SYSTEMPATH\Router\Router.php(181): CodeIgniter\Router\Router->checkRoutes('auth/logout')
 3 SYSTEMPATH\CodeIgniter.php(802): CodeIgniter\Router\Router->handle('/auth/logout')
 4 SYSTEMPATH\CodeIgniter.php(430): CodeIgniter\CodeIgniter->tryToRouteIt(Object(CodeIgniter\Router\RouteCollection))
 5 SYSTEMPATH\CodeIgniter.php(351): CodeIgniter\CodeIgniter->handleRequest(null, Object(Config\Cache), false)
 6 FCPATH\index.php(67): CodeIgniter\CodeIgniter->run()
CRITICAL - 2022-11-28 10:25:08 --> The namespace delimiter is a backslash (\), not a slash (/). Route handler: \App\Controllers\auth/Login::logout
in SYSTEMPATH\Router\Router.php on line 466.
 1 SYSTEMPATH\Router\Router.php(466): CodeIgniter\Router\Exceptions\RouterException::forInvalidControllerName('\\App\\Controllers\\auth/Login::logout')
 2 SYSTEMPATH\Router\Router.php(181): CodeIgniter\Router\Router->checkRoutes('auth/logout')
 3 SYSTEMPATH\CodeIgniter.php(802): CodeIgniter\Router\Router->handle('/auth/logout')
 4 SYSTEMPATH\CodeIgniter.php(430): CodeIgniter\CodeIgniter->tryToRouteIt(Object(CodeIgniter\Router\RouteCollection))
 5 SYSTEMPATH\CodeIgniter.php(351): CodeIgniter\CodeIgniter->handleRequest(null, Object(Config\Cache), false)
 6 FCPATH\index.php(67): CodeIgniter\CodeIgniter->run()
CRITICAL - 2022-11-28 10:28:25 --> Undefined array key "type"
in APPPATH\Views\manage\layout.php on line 127.
 1 APPPATH\Views\manage\layout.php(127): CodeIgniter\Debug\Exceptions->errorHandler(2, 'Undefined array key "type"', 'APPPATH\\Views\\manage\\layout.php', 127)
 2 SYSTEMPATH\View\View.php(213): include('APPPATH\\Views\\manage\\layout.php')
 3 SYSTEMPATH\View\View.php(216): CodeIgniter\View\View->CodeIgniter\View\{closure}()
 4 SYSTEMPATH\Common.php(1134): CodeIgniter\View\View->render('manage/layout', [], true)
 5 APPPATH\Controllers\manage\Dashboard.php(30): view('manage/layout', [...])
 6 SYSTEMPATH\CodeIgniter.php(927): App\Controllers\manage\Dashboard->index()
 7 SYSTEMPATH\CodeIgniter.php(482): CodeIgniter\CodeIgniter->runController(Object(App\Controllers\manage\Dashboard))
 8 SYSTEMPATH\CodeIgniter.php(351): CodeIgniter\CodeIgniter->handleRequest(null, Object(Config\Cache), false)
 9 FCPATH\index.php(67): CodeIgniter\CodeIgniter->run()
CRITICAL - 2022-11-28 10:28:48 --> Undefined array key "type"
in APPPATH\Views\manage\layout.php on line 127.
 1 APPPATH\Views\manage\layout.php(127): CodeIgniter\Debug\Exceptions->errorHandler(2, 'Undefined array key "type"', 'APPPATH\\Views\\manage\\layout.php', 127)
 2 SYSTEMPATH\View\View.php(213): include('APPPATH\\Views\\manage\\layout.php')
 3 SYSTEMPATH\View\View.php(216): CodeIgniter\View\View->CodeIgniter\View\{closure}()
 4 SYSTEMPATH\Common.php(1134): CodeIgniter\View\View->render('manage/layout', [], true)
 5 APPPATH\Controllers\manage\Dashboard.php(30): view('manage/layout', [...])
 6 SYSTEMPATH\CodeIgniter.php(927): App\Controllers\manage\Dashboard->index()
 7 SYSTEMPATH\CodeIgniter.php(482): CodeIgniter\CodeIgniter->runController(Object(App\Controllers\manage\Dashboard))
 8 SYSTEMPATH\CodeIgniter.php(351): CodeIgniter\CodeIgniter->handleRequest(null, Object(Config\Cache), false)
 9 FCPATH\index.php(67): CodeIgniter\CodeIgniter->run()
CRITICAL - 2022-11-28 10:29:02 --> Undefined array key "type"
in APPPATH\Views\manage\layout.php on line 127.
 1 APPPATH\Views\manage\layout.php(127): CodeIgniter\Debug\Exceptions->errorHandler(2, 'Undefined array key "type"', 'APPPATH\\Views\\manage\\layout.php', 127)
 2 SYSTEMPATH\View\View.php(213): include('APPPATH\\Views\\manage\\layout.php')
 3 SYSTEMPATH\View\View.php(216): CodeIgniter\View\View->CodeIgniter\View\{closure}()
 4 SYSTEMPATH\Common.php(1134): CodeIgniter\View\View->render('manage/layout', [], true)
 5 APPPATH\Controllers\manage\Dashboard.php(30): view('manage/layout', [...])
 6 SYSTEMPATH\CodeIgniter.php(927): App\Controllers\manage\Dashboard->index()
 7 SYSTEMPATH\CodeIgniter.php(482): CodeIgniter\CodeIgniter->runController(Object(App\Controllers\manage\Dashboard))
 8 SYSTEMPATH\CodeIgniter.php(351): CodeIgniter\CodeIgniter->handleRequest(null, Object(Config\Cache), false)
 9 FCPATH\index.php(67): CodeIgniter\CodeIgniter->run()
CRITICAL - 2022-11-28 20:28:03 --> Undefined array key "type"
in APPPATH\Views\manage\layout.php on line 127.
 1 APPPATH\Views\manage\layout.php(127): CodeIgniter\Debug\Exceptions->errorHandler(2, 'Undefined array key "type"', 'APPPATH\\Views\\manage\\layout.php', 127)
 2 SYSTEMPATH\View\View.php(213): include('APPPATH\\Views\\manage\\layout.php')
 3 SYSTEMPATH\View\View.php(216): CodeIgniter\View\View->CodeIgniter\View\{closure}()
 4 SYSTEMPATH\Common.php(1134): CodeIgniter\View\View->render('manage/layout', [], true)
 5 APPPATH\Controllers\manage\Dashboard.php(30): view('manage/layout', [...])
 6 SYSTEMPATH\CodeIgniter.php(927): App\Controllers\manage\Dashboard->index()
 7 SYSTEMPATH\CodeIgniter.php(482): CodeIgniter\CodeIgniter->runController(Object(App\Controllers\manage\Dashboard))
 8 SYSTEMPATH\CodeIgniter.php(351): CodeIgniter\CodeIgniter->handleRequest(null, Object(Config\Cache), false)
 9 FCPATH\index.php(67): CodeIgniter\CodeIgniter->run()
CRITICAL - 2022-11-28 23:11:55 --> Undefined variable $session
in APPPATH\Views\manage\contents\post\add_post_view.php on line 3.
 1 APPPATH\Views\manage\contents\post\add_post_view.php(3): CodeIgniter\Debug\Exceptions->errorHandler(2, 'Undefined variable $session', 'APPPATH\\Views\\manage\\contents\\post\\add_post_view.php', 3)
 2 SYSTEMPATH\View\View.php(213): include('APPPATH\\Views\\manage\\contents\\post\\add_post_view.php')
 3 SYSTEMPATH\View\View.php(216): CodeIgniter\View\View->CodeIgniter\View\{closure}()
 4 SYSTEMPATH\Common.php(1134): CodeIgniter\View\View->render('/manage/contents/post/add_post_view', [], true)
 5 APPPATH\Views\manage\layout.php(57): view('/manage/contents/post/add_post_view', [...])
 6 SYSTEMPATH\View\View.php(213): include('APPPATH\\Views\\manage\\layout.php')
 7 SYSTEMPATH\View\View.php(216): CodeIgniter\View\View->CodeIgniter\View\{closure}()
 8 SYSTEMPATH\Common.php(1134): CodeIgniter\View\View->render('manage/layout', [], true)
 9 APPPATH\Controllers\manage\Post.php(55): view('manage/layout', [...])
10 SYSTEMPATH\CodeIgniter.php(927): App\Controllers\manage\Post->add()
11 SYSTEMPATH\CodeIgniter.php(482): CodeIgniter\CodeIgniter->runController(Object(App\Controllers\manage\Post))
12 SYSTEMPATH\CodeIgniter.php(351): CodeIgniter\CodeIgniter->handleRequest(null, Object(Config\Cache), false)
13 FCPATH\index.php(67): CodeIgniter\CodeIgniter->run()
