CRITICAL - 2022-12-06 07:53:23 --> Undefined array key "dob"
in APPPATH\Views\manage\contents\customer\customer_view.php on line 30.
 1 APPPATH\Views\manage\contents\customer\customer_view.php(30): CodeIgniter\Debug\Exceptions->errorHandler(2, 'Undefined array key "dob"', 'APPPATH\\Views\\manage\\contents\\customer\\customer_view.php', 30)
 2 SYSTEMPATH\View\View.php(213): include('APPPATH\\Views\\manage\\contents\\customer\\customer_view.php')
 3 SYSTEMPATH\View\View.php(216): CodeIgniter\View\View->CodeIgniter\View\{closure}()
 4 SYSTEMPATH\Common.php(1134): CodeIgniter\View\View->render('/manage/contents/customer/customer_view', [], true)
 5 APPPATH\Views\manage\layout.php(59): view('/manage/contents/customer/customer_view', [...])
 6 SYSTEMPATH\View\View.php(213): include('APPPATH\\Views\\manage\\layout.php')
 7 SYSTEMPATH\View\View.php(216): CodeIgniter\View\View->CodeIgniter\View\{closure}()
 8 SYSTEMPATH\Common.php(1134): CodeIgniter\View\View->render('manage/layout', [], true)
 9 APPPATH\Controllers\manage\Customer.php(39): view('manage/layout', [...])
10 SYSTEMPATH\CodeIgniter.php(927): App\Controllers\manage\Customer->index()
11 SYSTEMPATH\CodeIgniter.php(482): CodeIgniter\CodeIgniter->runController(Object(App\Controllers\manage\Customer))
12 SYSTEMPATH\CodeIgniter.php(351): CodeIgniter\CodeIgniter->handleRequest(null, Object(Config\Cache), false)
13 FCPATH\index.php(67): CodeIgniter\CodeIgniter->run()
CRITICAL - 2022-12-06 08:57:03 --> Undefined array key "dob"
in APPPATH\Views\manage\contents\customer\customer_view.php on line 30.
 1 APPPATH\Views\manage\contents\customer\customer_view.php(30): CodeIgniter\Debug\Exceptions->errorHandler(2, 'Undefined array key "dob"', 'APPPATH\\Views\\manage\\contents\\customer\\customer_view.php', 30)
 2 SYSTEMPATH\View\View.php(213): include('APPPATH\\Views\\manage\\contents\\customer\\customer_view.php')
 3 SYSTEMPATH\View\View.php(216): CodeIgniter\View\View->CodeIgniter\View\{closure}()
 4 SYSTEMPATH\Common.php(1134): CodeIgniter\View\View->render('/manage/contents/customer/customer_view', [], true)
 5 APPPATH\Views\manage\layout.php(59): view('/manage/contents/customer/customer_view', [...])
 6 SYSTEMPATH\View\View.php(213): include('APPPATH\\Views\\manage\\layout.php')
 7 SYSTEMPATH\View\View.php(216): CodeIgniter\View\View->CodeIgniter\View\{closure}()
 8 SYSTEMPATH\Common.php(1134): CodeIgniter\View\View->render('manage/layout', [], true)
 9 APPPATH\Controllers\manage\Customer.php(39): view('manage/layout', [...])
10 SYSTEMPATH\CodeIgniter.php(927): App\Controllers\manage\Customer->index()
11 SYSTEMPATH\CodeIgniter.php(482): CodeIgniter\CodeIgniter->runController(Object(App\Controllers\manage\Customer))
12 SYSTEMPATH\CodeIgniter.php(351): CodeIgniter\CodeIgniter->handleRequest(null, Object(Config\Cache), false)
13 FCPATH\index.php(67): CodeIgniter\CodeIgniter->run()
CRITICAL - 2022-12-06 09:23:22 --> Undefined array key "dob"
in APPPATH\Views\manage\contents\customer\customer_view.php on line 30.
 1 APPPATH\Views\manage\contents\customer\customer_view.php(30): CodeIgniter\Debug\Exceptions->errorHandler(2, 'Undefined array key "dob"', 'APPPATH\\Views\\manage\\contents\\customer\\customer_view.php', 30)
 2 SYSTEMPATH\View\View.php(213): include('APPPATH\\Views\\manage\\contents\\customer\\customer_view.php')
 3 SYSTEMPATH\View\View.php(216): CodeIgniter\View\View->CodeIgniter\View\{closure}()
 4 SYSTEMPATH\Common.php(1134): CodeIgniter\View\View->render('/manage/contents/customer/customer_view', [], true)
 5 APPPATH\Views\manage\layout.php(59): view('/manage/contents/customer/customer_view', [...])
 6 SYSTEMPATH\View\View.php(213): include('APPPATH\\Views\\manage\\layout.php')
 7 SYSTEMPATH\View\View.php(216): CodeIgniter\View\View->CodeIgniter\View\{closure}()
 8 SYSTEMPATH\Common.php(1134): CodeIgniter\View\View->render('manage/layout', [], true)
 9 APPPATH\Controllers\manage\Customer.php(39): view('manage/layout', [...])
10 SYSTEMPATH\CodeIgniter.php(927): App\Controllers\manage\Customer->index()
11 SYSTEMPATH\CodeIgniter.php(482): CodeIgniter\CodeIgniter->runController(Object(App\Controllers\manage\Customer))
12 SYSTEMPATH\CodeIgniter.php(351): CodeIgniter\CodeIgniter->handleRequest(null, Object(Config\Cache), false)
13 FCPATH\index.php(67): CodeIgniter\CodeIgniter->run()
CRITICAL - 2022-12-06 18:31:08 --> Undefined array key "dob"
in APPPATH\Views\manage\contents\customer\customer_view.php on line 30.
 1 APPPATH\Views\manage\contents\customer\customer_view.php(30): CodeIgniter\Debug\Exceptions->errorHandler(2, 'Undefined array key "dob"', 'APPPATH\\Views\\manage\\contents\\customer\\customer_view.php', 30)
 2 SYSTEMPATH\View\View.php(213): include('APPPATH\\Views\\manage\\contents\\customer\\customer_view.php')
 3 SYSTEMPATH\View\View.php(216): CodeIgniter\View\View->CodeIgniter\View\{closure}()
 4 SYSTEMPATH\Common.php(1134): CodeIgniter\View\View->render('/manage/contents/customer/customer_view', [], true)
 5 APPPATH\Views\manage\layout.php(59): view('/manage/contents/customer/customer_view', [...])
 6 SYSTEMPATH\View\View.php(213): include('APPPATH\\Views\\manage\\layout.php')
 7 SYSTEMPATH\View\View.php(216): CodeIgniter\View\View->CodeIgniter\View\{closure}()
 8 SYSTEMPATH\Common.php(1134): CodeIgniter\View\View->render('manage/layout', [], true)
 9 APPPATH\Controllers\manage\Customer.php(39): view('manage/layout', [...])
10 SYSTEMPATH\CodeIgniter.php(927): App\Controllers\manage\Customer->index()
11 SYSTEMPATH\CodeIgniter.php(482): CodeIgniter\CodeIgniter->runController(Object(App\Controllers\manage\Customer))
12 SYSTEMPATH\CodeIgniter.php(351): CodeIgniter\CodeIgniter->handleRequest(null, Object(Config\Cache), false)
13 FCPATH\index.php(67): CodeIgniter\CodeIgniter->run()
CRITICAL - 2022-12-06 18:35:41 --> Undefined array key "dob"
in APPPATH\Views\manage\contents\customer\customer_view.php on line 30.
 1 APPPATH\Views\manage\contents\customer\customer_view.php(30): CodeIgniter\Debug\Exceptions->errorHandler(2, 'Undefined array key "dob"', 'APPPATH\\Views\\manage\\contents\\customer\\customer_view.php', 30)
 2 SYSTEMPATH\View\View.php(213): include('APPPATH\\Views\\manage\\contents\\customer\\customer_view.php')
 3 SYSTEMPATH\View\View.php(216): CodeIgniter\View\View->CodeIgniter\View\{closure}()
 4 SYSTEMPATH\Common.php(1134): CodeIgniter\View\View->render('/manage/contents/customer/customer_view', [], true)
 5 APPPATH\Views\manage\layout.php(59): view('/manage/contents/customer/customer_view', [...])
 6 SYSTEMPATH\View\View.php(213): include('APPPATH\\Views\\manage\\layout.php')
 7 SYSTEMPATH\View\View.php(216): CodeIgniter\View\View->CodeIgniter\View\{closure}()
 8 SYSTEMPATH\Common.php(1134): CodeIgniter\View\View->render('manage/layout', [], true)
 9 APPPATH\Controllers\manage\Customer.php(39): view('manage/layout', [...])
10 SYSTEMPATH\CodeIgniter.php(927): App\Controllers\manage\Customer->index()
11 SYSTEMPATH\CodeIgniter.php(482): CodeIgniter\CodeIgniter->runController(Object(App\Controllers\manage\Customer))
12 SYSTEMPATH\CodeIgniter.php(351): CodeIgniter\CodeIgniter->handleRequest(null, Object(Config\Cache), false)
13 FCPATH\index.php(67): CodeIgniter\CodeIgniter->run()
CRITICAL - 2022-12-06 18:36:00 --> Undefined array key "dob"
in APPPATH\Views\manage\contents\customer\customer_view.php on line 30.
 1 APPPATH\Views\manage\contents\customer\customer_view.php(30): CodeIgniter\Debug\Exceptions->errorHandler(2, 'Undefined array key "dob"', 'APPPATH\\Views\\manage\\contents\\customer\\customer_view.php', 30)
 2 SYSTEMPATH\View\View.php(213): include('APPPATH\\Views\\manage\\contents\\customer\\customer_view.php')
 3 SYSTEMPATH\View\View.php(216): CodeIgniter\View\View->CodeIgniter\View\{closure}()
 4 SYSTEMPATH\Common.php(1134): CodeIgniter\View\View->render('/manage/contents/customer/customer_view', [], true)
 5 APPPATH\Views\manage\layout.php(59): view('/manage/contents/customer/customer_view', [...])
 6 SYSTEMPATH\View\View.php(213): include('APPPATH\\Views\\manage\\layout.php')
 7 SYSTEMPATH\View\View.php(216): CodeIgniter\View\View->CodeIgniter\View\{closure}()
 8 SYSTEMPATH\Common.php(1134): CodeIgniter\View\View->render('manage/layout', [], true)
 9 APPPATH\Controllers\manage\Customer.php(39): view('manage/layout', [...])
10 SYSTEMPATH\CodeIgniter.php(927): App\Controllers\manage\Customer->index()
11 SYSTEMPATH\CodeIgniter.php(482): CodeIgniter\CodeIgniter->runController(Object(App\Controllers\manage\Customer))
12 SYSTEMPATH\CodeIgniter.php(351): CodeIgniter\CodeIgniter->handleRequest(null, Object(Config\Cache), false)
13 FCPATH\index.php(67): CodeIgniter\CodeIgniter->run()
CRITICAL - 2022-12-06 18:37:19 --> mktime(): Argument #6 ($year) must be of type ?int, string given
in APPPATH\Helpers\common_helper.php on line 106.
 1 APPPATH\Helpers\common_helper.php(106): mktime(0, 0, 0, '30', '11', 'C:\\xampp\\htdocs\\macstore')
 2 APPPATH\Views\manage\contents\customer\customer_view.php(31): calc_age('30-11--0001')
 3 SYSTEMPATH\View\View.php(213): include('APPPATH\\Views\\manage\\contents\\customer\\customer_view.php')
 4 SYSTEMPATH\View\View.php(216): CodeIgniter\View\View->CodeIgniter\View\{closure}()
 5 SYSTEMPATH\Common.php(1134): CodeIgniter\View\View->render('/manage/contents/customer/customer_view', [], true)
 6 APPPATH\Views\manage\layout.php(59): view('/manage/contents/customer/customer_view', [...])
 7 SYSTEMPATH\View\View.php(213): include('APPPATH\\Views\\manage\\layout.php')
 8 SYSTEMPATH\View\View.php(216): CodeIgniter\View\View->CodeIgniter\View\{closure}()
 9 SYSTEMPATH\Common.php(1134): CodeIgniter\View\View->render('manage/layout', [], true)
10 APPPATH\Controllers\manage\Customer.php(40): view('manage/layout', [...])
11 SYSTEMPATH\CodeIgniter.php(927): App\Controllers\manage\Customer->index()
12 SYSTEMPATH\CodeIgniter.php(482): CodeIgniter\CodeIgniter->runController(Object(App\Controllers\manage\Customer))
13 SYSTEMPATH\CodeIgniter.php(351): CodeIgniter\CodeIgniter->handleRequest(null, Object(Config\Cache), false)
14 FCPATH\index.php(67): CodeIgniter\CodeIgniter->run()
CRITICAL - 2022-12-06 18:41:35 --> 'break' not in the 'loop' or 'switch' context
in APPPATH\Helpers\common_helper.php on line 107.
 1 [internal function]: CodeIgniter\Debug\Exceptions->shutdownHandler()
CRITICAL - 2022-12-06 18:58:43 --> syntax error, unexpected token "else", expecting "function" or "const"
in APPPATH\Controllers\manage\ShopOrder.php on line 106.
 1 SYSTEMPATH\Autoloader\Autoloader.php(259): CodeIgniter\Autoloader\Autoloader->includeFile('APPPATH\\Controllers\\manage\\ShopOrder.php')
 2 SYSTEMPATH\Autoloader\Autoloader.php(237): CodeIgniter\Autoloader\Autoloader->loadInNamespace('App\\Controllers\\manage\\ShopOrder')
 3 [internal function]: CodeIgniter\Autoloader\Autoloader->loadClass('App\\Controllers\\manage\\ShopOrder')
 4 SYSTEMPATH\CodeIgniter.php(877): class_exists('\\App\\Controllers\\manage\\ShopOrder', true)
 5 SYSTEMPATH\CodeIgniter.php(469): CodeIgniter\CodeIgniter->startController()
 6 SYSTEMPATH\CodeIgniter.php(351): CodeIgniter\CodeIgniter->handleRequest(null, Object(Config\Cache), false)
 7 FCPATH\index.php(67): CodeIgniter\CodeIgniter->run()
CRITICAL - 2022-12-06 18:59:31 --> Cannot use isset() on the result of an expression (you can use "null !== expression" instead)
in APPPATH\Controllers\manage\ShopOrder.php on line 83.
 1 [internal function]: CodeIgniter\Debug\Exceptions->shutdownHandler()
CRITICAL - 2022-12-06 19:03:09 --> Call to undefined method App\Models\manage\Shop_Product_model::discount_md
in SYSTEMPATH\Model.php on line 774.
 1 APPPATH\Controllers\manage\ShopOrder.php(55): CodeIgniter\Model->__call('discount_md', [])
 2 SYSTEMPATH\CodeIgniter.php(927): App\Controllers\manage\ShopOrder->add()
 3 SYSTEMPATH\CodeIgniter.php(482): CodeIgniter\CodeIgniter->runController(Object(App\Controllers\manage\ShopOrder))
 4 SYSTEMPATH\CodeIgniter.php(351): CodeIgniter\CodeIgniter->handleRequest(null, Object(Config\Cache), false)
 5 FCPATH\index.php(67): CodeIgniter\CodeIgniter->run()
CRITICAL - 2022-12-06 19:03:34 --> Call to undefined method App\Models\manage\Shop_Product_model::getdiscount
in SYSTEMPATH\Model.php on line 774.
 1 APPPATH\Controllers\manage\ShopOrder.php(55): CodeIgniter\Model->__call('getdiscount', [])
 2 SYSTEMPATH\CodeIgniter.php(927): App\Controllers\manage\ShopOrder->add()
 3 SYSTEMPATH\CodeIgniter.php(482): CodeIgniter\CodeIgniter->runController(Object(App\Controllers\manage\ShopOrder))
 4 SYSTEMPATH\CodeIgniter.php(351): CodeIgniter\CodeIgniter->handleRequest(null, Object(Config\Cache), false)
 5 FCPATH\index.php(67): CodeIgniter\CodeIgniter->run()
