CRITICAL - 2022-11-27 02:24:45 --> The namespace delimiter is a backslash (\), not a slash (/). Route handler: \App\Controllers\manage/Dashboard::index
in SYSTEMPATH\Router\Router.php on line 466.
 1 SYSTEMPATH\Router\Router.php(466): CodeIgniter\Router\Exceptions\RouterException::forInvalidControllerName('\\App\\Controllers\\manage/Dashboard::index')
 2 SYSTEMPATH\Router\Router.php(181): CodeIgniter\Router\Router->checkRoutes('manage/dashboard')
 3 SYSTEMPATH\CodeIgniter.php(802): CodeIgniter\Router\Router->handle('/manage/dashboard')
 4 SYSTEMPATH\CodeIgniter.php(430): CodeIgniter\CodeIgniter->tryToRouteIt(Object(CodeIgniter\Router\RouteCollection))
 5 SYSTEMPATH\CodeIgniter.php(351): CodeIgniter\CodeIgniter->handleRequest(null, Object(Config\Cache), false)
 6 FCPATH\index.php(67): CodeIgniter\CodeIgniter->run()
CRITICAL - 2022-11-27 02:24:50 --> The namespace delimiter is a backslash (\), not a slash (/). Route handler: \App\Controllers\manage/Dashboard::index
in SYSTEMPATH\Router\Router.php on line 466.
 1 SYSTEMPATH\Router\Router.php(466): CodeIgniter\Router\Exceptions\RouterException::forInvalidControllerName('\\App\\Controllers\\manage/Dashboard::index')
 2 SYSTEMPATH\Router\Router.php(181): CodeIgniter\Router\Router->checkRoutes('manage/dashboard')
 3 SYSTEMPATH\CodeIgniter.php(802): CodeIgniter\Router\Router->handle('/manage/dashboard')
 4 SYSTEMPATH\CodeIgniter.php(430): CodeIgniter\CodeIgniter->tryToRouteIt(Object(CodeIgniter\Router\RouteCollection))
 5 SYSTEMPATH\CodeIgniter.php(351): CodeIgniter\CodeIgniter->handleRequest(null, Object(Config\Cache), false)
 6 FCPATH\index.php(67): CodeIgniter\CodeIgniter->run()
CRITICAL - 2022-11-27 02:25:00 --> Class "App\Controllers\manage\BaseController" not found
in APPPATH\Controllers\manage\Dashboard.php on line 7.
 1 SYSTEMPATH\Autoloader\Autoloader.php(282): include_once()
 2 SYSTEMPATH\Autoloader\Autoloader.php(259): CodeIgniter\Autoloader\Autoloader->includeFile('APPPATH\\Controllers\\manage\\Dashboard.php')
 3 SYSTEMPATH\Autoloader\Autoloader.php(237): CodeIgniter\Autoloader\Autoloader->loadInNamespace('App\\Controllers\\manage\\Dashboard')
 4 [internal function]: CodeIgniter\Autoloader\Autoloader->loadClass('App\\Controllers\\manage\\Dashboard')
 5 SYSTEMPATH\CodeIgniter.php(877): class_exists('\\App\\Controllers\\manage\\Dashboard', true)
 6 SYSTEMPATH\CodeIgniter.php(469): CodeIgniter\CodeIgniter->startController()
 7 SYSTEMPATH\CodeIgniter.php(351): CodeIgniter\CodeIgniter->handleRequest(null, Object(Config\Cache), false)
 8 FCPATH\index.php(67): CodeIgniter\CodeIgniter->run()
CRITICAL - 2022-11-27 02:25:27 --> Undefined variable $title
in APPPATH\Views\manage\layout.php on line 6.
 1 APPPATH\Views\manage\layout.php(6): CodeIgniter\Debug\Exceptions->errorHandler(2, 'Undefined variable $title', 'APPPATH\\Views\\manage\\layout.php', 6)
 2 SYSTEMPATH\View\View.php(213): include('APPPATH\\Views\\manage\\layout.php')
 3 SYSTEMPATH\View\View.php(216): CodeIgniter\View\View->CodeIgniter\View\{closure}()
 4 SYSTEMPATH\Common.php(1134): CodeIgniter\View\View->render('manage/layout', [], true)
 5 APPPATH\Controllers\manage\Dashboard.php(22): view('manage/layout', [...])
 6 SYSTEMPATH\CodeIgniter.php(927): App\Controllers\manage\Dashboard->index()
 7 SYSTEMPATH\CodeIgniter.php(482): CodeIgniter\CodeIgniter->runController(Object(App\Controllers\manage\Dashboard))
 8 SYSTEMPATH\CodeIgniter.php(351): CodeIgniter\CodeIgniter->handleRequest(null, Object(Config\Cache), false)
 9 FCPATH\index.php(67): CodeIgniter\CodeIgniter->run()
CRITICAL - 2022-11-27 02:58:56 --> Invalid file: /manage/contents/dashboard.php
in SYSTEMPATH\Exceptions\FrameworkException.php on line 33.
 1 SYSTEMPATH\View\View.php(201): CodeIgniter\Exceptions\FrameworkException::forInvalidFile('/manage/contents/dashboard.php')
 2 SYSTEMPATH\Common.php(1134): CodeIgniter\View\View->render('/manage/contents/dashboard', [], true)
 3 APPPATH\Views\manage\layout.php(42): view('/manage/contents/dashboard')
 4 SYSTEMPATH\View\View.php(213): include('APPPATH\\Views\\manage\\layout.php')
 5 SYSTEMPATH\View\View.php(216): CodeIgniter\View\View->CodeIgniter\View\{closure}()
 6 SYSTEMPATH\Common.php(1134): CodeIgniter\View\View->render('manage/layout', [], true)
 7 APPPATH\Controllers\manage\Dashboard.php(20): view('manage/layout', [...])
 8 SYSTEMPATH\CodeIgniter.php(927): App\Controllers\manage\Dashboard->index()
 9 SYSTEMPATH\CodeIgniter.php(482): CodeIgniter\CodeIgniter->runController(Object(App\Controllers\manage\Dashboard))
10 SYSTEMPATH\CodeIgniter.php(351): CodeIgniter\CodeIgniter->handleRequest(null, Object(Config\Cache), false)
11 FCPATH\index.php(67): CodeIgniter\CodeIgniter->run()
CRITICAL - 2022-11-27 02:59:34 --> Invalid file: /manage/contents/index.php
in SYSTEMPATH\Exceptions\FrameworkException.php on line 33.
 1 SYSTEMPATH\View\View.php(201): CodeIgniter\Exceptions\FrameworkException::forInvalidFile('/manage/contents/index.php')
 2 SYSTEMPATH\Common.php(1134): CodeIgniter\View\View->render('/manage/contents/index', [], true)
 3 APPPATH\Views\manage\layout.php(42): view('/manage/contents/index')
 4 SYSTEMPATH\View\View.php(213): include('APPPATH\\Views\\manage\\layout.php')
 5 SYSTEMPATH\View\View.php(216): CodeIgniter\View\View->CodeIgniter\View\{closure}()
 6 SYSTEMPATH\Common.php(1134): CodeIgniter\View\View->render('manage/layout', [], true)
 7 APPPATH\Controllers\manage\Dashboard.php(18): view('manage/layout', [...])
 8 SYSTEMPATH\CodeIgniter.php(927): App\Controllers\manage\Dashboard->index()
 9 SYSTEMPATH\CodeIgniter.php(482): CodeIgniter\CodeIgniter->runController(Object(App\Controllers\manage\Dashboard))
10 SYSTEMPATH\CodeIgniter.php(351): CodeIgniter\CodeIgniter->handleRequest(null, Object(Config\Cache), false)
11 FCPATH\index.php(67): CodeIgniter\CodeIgniter->run()
CRITICAL - 2022-11-27 03:00:14 --> Invalid file: manage/contents/index.php
in SYSTEMPATH\Exceptions\FrameworkException.php on line 33.
 1 SYSTEMPATH\View\View.php(201): CodeIgniter\Exceptions\FrameworkException::forInvalidFile('manage/contents/index.php')
 2 SYSTEMPATH\Common.php(1134): CodeIgniter\View\View->render('manage/contents/index', [], true)
 3 APPPATH\Views\manage\layout.php(42): view('manage/contents/index')
 4 SYSTEMPATH\View\View.php(213): include('APPPATH\\Views\\manage\\layout.php')
 5 SYSTEMPATH\View\View.php(216): CodeIgniter\View\View->CodeIgniter\View\{closure}()
 6 SYSTEMPATH\Common.php(1134): CodeIgniter\View\View->render('manage/layout', [], true)
 7 APPPATH\Controllers\manage\Dashboard.php(18): view('manage/layout', [...])
 8 SYSTEMPATH\CodeIgniter.php(927): App\Controllers\manage\Dashboard->index()
 9 SYSTEMPATH\CodeIgniter.php(482): CodeIgniter\CodeIgniter->runController(Object(App\Controllers\manage\Dashboard))
10 SYSTEMPATH\CodeIgniter.php(351): CodeIgniter\CodeIgniter->handleRequest(null, Object(Config\Cache), false)
11 FCPATH\index.php(67): CodeIgniter\CodeIgniter->run()
CRITICAL - 2022-11-27 03:10:06 --> Undefined variable $data
in APPPATH\Views\manage\layout.php on line 45.
 1 APPPATH\Views\manage\layout.php(45): CodeIgniter\Debug\Exceptions->errorHandler(2, 'Undefined variable $data', 'APPPATH\\Views\\manage\\layout.php', 45)
 2 SYSTEMPATH\View\View.php(213): include('APPPATH\\Views\\manage\\layout.php')
 3 SYSTEMPATH\View\View.php(216): CodeIgniter\View\View->CodeIgniter\View\{closure}()
 4 SYSTEMPATH\Common.php(1134): CodeIgniter\View\View->render('manage/layout', [], true)
 5 APPPATH\Controllers\manage\Dashboard.php(18): view('manage/layout', [...])
 6 SYSTEMPATH\CodeIgniter.php(927): App\Controllers\manage\Dashboard->index()
 7 SYSTEMPATH\CodeIgniter.php(482): CodeIgniter\CodeIgniter->runController(Object(App\Controllers\manage\Dashboard))
 8 SYSTEMPATH\CodeIgniter.php(351): CodeIgniter\CodeIgniter->handleRequest(null, Object(Config\Cache), false)
 9 FCPATH\index.php(67): CodeIgniter\CodeIgniter->run()
CRITICAL - 2022-11-27 03:11:18 --> Undefined variable $name
in APPPATH\Views\manage\components\menu.php on line 38.
 1 APPPATH\Views\manage\components\menu.php(38): CodeIgniter\Debug\Exceptions->errorHandler(2, 'Undefined variable $name', 'APPPATH\\Views\\manage\\components\\menu.php', 38)
 2 SYSTEMPATH\View\View.php(213): include('APPPATH\\Views\\manage\\components\\menu.php')
 3 SYSTEMPATH\View\View.php(216): CodeIgniter\View\View->CodeIgniter\View\{closure}()
 4 SYSTEMPATH\Common.php(1134): CodeIgniter\View\View->render('manage/components/menu', [], true)
 5 APPPATH\Views\manage\layout.php(41): view('manage/components/menu')
 6 SYSTEMPATH\View\View.php(213): include('APPPATH\\Views\\manage\\layout.php')
 7 SYSTEMPATH\View\View.php(216): CodeIgniter\View\View->CodeIgniter\View\{closure}()
 8 SYSTEMPATH\Common.php(1134): CodeIgniter\View\View->render('manage/layout', [], true)
 9 APPPATH\Controllers\manage\Dashboard.php(18): view('manage/layout', [...])
10 SYSTEMPATH\CodeIgniter.php(927): App\Controllers\manage\Dashboard->index()
11 SYSTEMPATH\CodeIgniter.php(482): CodeIgniter\CodeIgniter->runController(Object(App\Controllers\manage\Dashboard))
12 SYSTEMPATH\CodeIgniter.php(351): CodeIgniter\CodeIgniter->handleRequest(null, Object(Config\Cache), false)
13 FCPATH\index.php(67): CodeIgniter\CodeIgniter->run()
CRITICAL - 2022-11-27 03:13:55 --> Undefined variable $name
in APPPATH\Views\manage\components\menu.php on line 38.
 1 APPPATH\Views\manage\components\menu.php(38): CodeIgniter\Debug\Exceptions->errorHandler(2, 'Undefined variable $name', 'APPPATH\\Views\\manage\\components\\menu.php', 38)
 2 SYSTEMPATH\View\View.php(213): include('APPPATH\\Views\\manage\\components\\menu.php')
 3 SYSTEMPATH\View\View.php(216): CodeIgniter\View\View->CodeIgniter\View\{closure}()
 4 SYSTEMPATH\Common.php(1134): CodeIgniter\View\View->render('manage/components/menu', [], true)
 5 APPPATH\Views\manage\layout.php(41): view('manage/components/menu')
 6 SYSTEMPATH\View\View.php(213): include('APPPATH\\Views\\manage\\layout.php')
 7 SYSTEMPATH\View\View.php(216): CodeIgniter\View\View->CodeIgniter\View\{closure}()
 8 SYSTEMPATH\Common.php(1134): CodeIgniter\View\View->render('manage/layout', [], true)
 9 APPPATH\Controllers\manage\Dashboard.php(18): view('manage/layout', [...])
10 SYSTEMPATH\CodeIgniter.php(927): App\Controllers\manage\Dashboard->index()
11 SYSTEMPATH\CodeIgniter.php(482): CodeIgniter\CodeIgniter->runController(Object(App\Controllers\manage\Dashboard))
12 SYSTEMPATH\CodeIgniter.php(351): CodeIgniter\CodeIgniter->handleRequest(null, Object(Config\Cache), false)
13 FCPATH\index.php(67): CodeIgniter\CodeIgniter->run()
CRITICAL - 2022-11-27 03:14:25 --> Undefined variable $subview
in APPPATH\Views\manage\layout.php on line 45.
 1 APPPATH\Views\manage\layout.php(45): CodeIgniter\Debug\Exceptions->errorHandler(2, 'Undefined variable $subview', 'APPPATH\\Views\\manage\\layout.php', 45)
 2 SYSTEMPATH\View\View.php(213): include('APPPATH\\Views\\manage\\layout.php')
 3 SYSTEMPATH\View\View.php(216): CodeIgniter\View\View->CodeIgniter\View\{closure}()
 4 SYSTEMPATH\Common.php(1134): CodeIgniter\View\View->render('manage/layout', [], true)
 5 APPPATH\Controllers\manage\Dashboard.php(18): view('manage/layout', [...])
 6 SYSTEMPATH\CodeIgniter.php(927): App\Controllers\manage\Dashboard->index()
 7 SYSTEMPATH\CodeIgniter.php(482): CodeIgniter\CodeIgniter->runController(Object(App\Controllers\manage\Dashboard))
 8 SYSTEMPATH\CodeIgniter.php(351): CodeIgniter\CodeIgniter->handleRequest(null, Object(Config\Cache), false)
 9 FCPATH\index.php(67): CodeIgniter\CodeIgniter->run()
CRITICAL - 2022-11-27 03:14:36 --> view(): Argument #2 ($data) must be of type array, string given, called in C:\xampp\htdocs\ci4cty\app\Views\manage\contents\dashboard\index.php on line 1
in SYSTEMPATH\Common.php on line 1120.
 1 APPPATH\Views\manage\contents\dashboard\index.php(1): view('manage/components/breadcrumb', 'Bảng điều khiển')
 2 SYSTEMPATH\View\View.php(213): include('APPPATH\\Views\\manage\\contents\\dashboard\\index.php')
 3 SYSTEMPATH\View\View.php(216): CodeIgniter\View\View->CodeIgniter\View\{closure}()
 4 SYSTEMPATH\Common.php(1134): CodeIgniter\View\View->render('manage/contents/dashboard/index', [], true)
 5 APPPATH\Views\manage\layout.php(45): view('manage/contents/dashboard/index', [...])
 6 SYSTEMPATH\View\View.php(213): include('APPPATH\\Views\\manage\\layout.php')
 7 SYSTEMPATH\View\View.php(216): CodeIgniter\View\View->CodeIgniter\View\{closure}()
 8 SYSTEMPATH\Common.php(1134): CodeIgniter\View\View->render('manage/layout', [], true)
 9 APPPATH\Controllers\manage\Dashboard.php(18): view('manage/layout', [...])
10 SYSTEMPATH\CodeIgniter.php(927): App\Controllers\manage\Dashboard->index()
11 SYSTEMPATH\CodeIgniter.php(482): CodeIgniter\CodeIgniter->runController(Object(App\Controllers\manage\Dashboard))
12 SYSTEMPATH\CodeIgniter.php(351): CodeIgniter\CodeIgniter->handleRequest(null, Object(Config\Cache), false)
13 FCPATH\index.php(67): CodeIgniter\CodeIgniter->run()
CRITICAL - 2022-11-27 03:39:46 --> Undefined variable $data
in APPPATH\Views\manage\layout.php on line 6.
 1 APPPATH\Views\manage\layout.php(6): CodeIgniter\Debug\Exceptions->errorHandler(2, 'Undefined variable $data', 'APPPATH\\Views\\manage\\layout.php', 6)
 2 SYSTEMPATH\View\View.php(213): include('APPPATH\\Views\\manage\\layout.php')
 3 SYSTEMPATH\View\View.php(216): CodeIgniter\View\View->CodeIgniter\View\{closure}()
 4 SYSTEMPATH\Common.php(1134): CodeIgniter\View\View->render('manage/layout', [], true)
 5 APPPATH\Controllers\manage\Category.php(25): view('manage/layout', [...])
 6 SYSTEMPATH\CodeIgniter.php(927): App\Controllers\manage\Category->index()
 7 SYSTEMPATH\CodeIgniter.php(482): CodeIgniter\CodeIgniter->runController(Object(App\Controllers\manage\Category))
 8 SYSTEMPATH\CodeIgniter.php(351): CodeIgniter\CodeIgniter->handleRequest(null, Object(Config\Cache), false)
 9 FCPATH\index.php(67): CodeIgniter\CodeIgniter->run()
CRITICAL - 2022-11-27 05:21:46 --> Call to undefined function cat_table()
in APPPATH\Views\manage\contents\category\category_view.php on line 21.
 1 SYSTEMPATH\View\View.php(213): include()
 2 SYSTEMPATH\View\View.php(216): CodeIgniter\View\View->CodeIgniter\View\{closure}()
 3 SYSTEMPATH\Common.php(1134): CodeIgniter\View\View->render('/manage/contents/category/category_view', [], true)
 4 APPPATH\Views\manage\layout.php(45): view('/manage/contents/category/category_view', [...])
 5 SYSTEMPATH\View\View.php(213): include('APPPATH\\Views\\manage\\layout.php')
 6 SYSTEMPATH\View\View.php(216): CodeIgniter\View\View->CodeIgniter\View\{closure}()
 7 SYSTEMPATH\Common.php(1134): CodeIgniter\View\View->render('manage/layout', [], true)
 8 APPPATH\Controllers\manage\Category.php(22): view('manage/layout', [...])
 9 SYSTEMPATH\CodeIgniter.php(927): App\Controllers\manage\Category->index()
10 SYSTEMPATH\CodeIgniter.php(482): CodeIgniter\CodeIgniter->runController(Object(App\Controllers\manage\Category))
11 SYSTEMPATH\CodeIgniter.php(351): CodeIgniter\CodeIgniter->handleRequest(null, Object(Config\Cache), false)
12 FCPATH\index.php(67): CodeIgniter\CodeIgniter->run()
CRITICAL - 2022-11-27 07:21:33 --> Undefined variable $data
in APPPATH\Views\manage\layout.php on line 7.
 1 APPPATH\Views\manage\layout.php(7): CodeIgniter\Debug\Exceptions->errorHandler(2, 'Undefined variable $data', 'APPPATH\\Views\\manage\\layout.php', 7)
 2 SYSTEMPATH\View\View.php(213): include('APPPATH\\Views\\manage\\layout.php')
 3 SYSTEMPATH\View\View.php(216): CodeIgniter\View\View->CodeIgniter\View\{closure}()
 4 SYSTEMPATH\Common.php(1134): CodeIgniter\View\View->render('manage/layout', [], true)
 5 APPPATH\Controllers\manage\Category.php(35): view('manage/layout', [...])
 6 SYSTEMPATH\CodeIgniter.php(927): App\Controllers\manage\Category->add()
 7 SYSTEMPATH\CodeIgniter.php(482): CodeIgniter\CodeIgniter->runController(Object(App\Controllers\manage\Category))
 8 SYSTEMPATH\CodeIgniter.php(351): CodeIgniter\CodeIgniter->handleRequest(null, Object(Config\Cache), false)
 9 FCPATH\index.php(67): CodeIgniter\CodeIgniter->run()
CRITICAL - 2022-11-27 07:22:02 --> Undefined variable $test
in APPPATH\Views\manage\contents\category\add_category_view.php on line 60.
 1 APPPATH\Views\manage\contents\category\add_category_view.php(60): CodeIgniter\Debug\Exceptions->errorHandler(2, 'Undefined variable $test', 'APPPATH\\Views\\manage\\contents\\category\\add_category_view.php', 60)
 2 SYSTEMPATH\View\View.php(213): include('APPPATH\\Views\\manage\\contents\\category\\add_category_view.php')
 3 SYSTEMPATH\View\View.php(216): CodeIgniter\View\View->CodeIgniter\View\{closure}()
 4 SYSTEMPATH\Common.php(1134): CodeIgniter\View\View->render('/manage/contents/category/add_category_view', [], true)
 5 APPPATH\Views\manage\layout.php(48): view('/manage/contents/category/add_category_view', [...])
 6 SYSTEMPATH\View\View.php(213): include('APPPATH\\Views\\manage\\layout.php')
 7 SYSTEMPATH\View\View.php(216): CodeIgniter\View\View->CodeIgniter\View\{closure}()
 8 SYSTEMPATH\Common.php(1134): CodeIgniter\View\View->render('manage/layout', [], true)
 9 APPPATH\Controllers\manage\Category.php(35): view('manage/layout', [...])
10 SYSTEMPATH\CodeIgniter.php(927): App\Controllers\manage\Category->add()
11 SYSTEMPATH\CodeIgniter.php(482): CodeIgniter\CodeIgniter->runController(Object(App\Controllers\manage\Category))
12 SYSTEMPATH\CodeIgniter.php(351): CodeIgniter\CodeIgniter->handleRequest(null, Object(Config\Cache), false)
13 FCPATH\index.php(67): CodeIgniter\CodeIgniter->run()
CRITICAL - 2022-11-27 07:32:47 --> Undefined variable $data
in APPPATH\Views\manage\layout.php on line 7.
 1 APPPATH\Views\manage\layout.php(7): CodeIgniter\Debug\Exceptions->errorHandler(2, 'Undefined variable $data', 'APPPATH\\Views\\manage\\layout.php', 7)
 2 SYSTEMPATH\View\View.php(213): include('APPPATH\\Views\\manage\\layout.php')
 3 SYSTEMPATH\View\View.php(216): CodeIgniter\View\View->CodeIgniter\View\{closure}()
 4 SYSTEMPATH\Common.php(1134): CodeIgniter\View\View->render('manage/layout', [], true)
 5 APPPATH\Controllers\manage\Category.php(95): view('manage/layout', [...])
 6 SYSTEMPATH\CodeIgniter.php(927): App\Controllers\manage\Category->edit('1')
 7 SYSTEMPATH\CodeIgniter.php(482): CodeIgniter\CodeIgniter->runController(Object(App\Controllers\manage\Category))
 8 SYSTEMPATH\CodeIgniter.php(351): CodeIgniter\CodeIgniter->handleRequest(null, Object(Config\Cache), false)
 9 FCPATH\index.php(67): CodeIgniter\CodeIgniter->run()
CRITICAL - 2022-11-27 07:34:04 --> Cannot redeclare showCategories() (previously declared in C:\xampp\htdocs\ci4cty\app\Helpers\common_helper.php:185)
in APPPATH\Views\manage\contents\category\edit_category_view.php on line 71.
 1 [internal function]: CodeIgniter\Debug\Exceptions->shutdownHandler()
CRITICAL - 2022-11-27 07:35:30 --> foreach() argument must be of type array|object, string given
in APPPATH\Helpers\common_helper.php on line 187.
 1 APPPATH\Helpers\common_helper.php(187): CodeIgniter\Debug\Exceptions->errorHandler(2, 'foreach() argument must be of type array|object, string given', 'APPPATH\\Helpers\\common_helper.php', 187)
 2 APPPATH\Helpers\common_helper.php(227): showCategories('0', [...], '1', '— ')
 3 APPPATH\Views\manage\contents\category\edit_category_view.php(25): showCategoriesEdit('0', [...])
 4 SYSTEMPATH\View\View.php(213): include('APPPATH\\Views\\manage\\contents\\category\\edit_category_view.php')
 5 SYSTEMPATH\View\View.php(216): CodeIgniter\View\View->CodeIgniter\View\{closure}()
 6 SYSTEMPATH\Common.php(1134): CodeIgniter\View\View->render('/manage/contents/category/edit_category_view', [], true)
 7 APPPATH\Views\manage\layout.php(48): view('/manage/contents/category/edit_category_view', [...])
 8 SYSTEMPATH\View\View.php(213): include('APPPATH\\Views\\manage\\layout.php')
 9 SYSTEMPATH\View\View.php(216): CodeIgniter\View\View->CodeIgniter\View\{closure}()
10 SYSTEMPATH\Common.php(1134): CodeIgniter\View\View->render('manage/layout', [], true)
11 APPPATH\Controllers\manage\Category.php(95): view('manage/layout', [...])
12 SYSTEMPATH\CodeIgniter.php(927): App\Controllers\manage\Category->edit('1')
13 SYSTEMPATH\CodeIgniter.php(482): CodeIgniter\CodeIgniter->runController(Object(App\Controllers\manage\Category))
14 SYSTEMPATH\CodeIgniter.php(351): CodeIgniter\CodeIgniter->handleRequest(null, Object(Config\Cache), false)
15 FCPATH\index.php(67): CodeIgniter\CodeIgniter->run()
CRITICAL - 2022-11-27 07:36:19 --> foreach() argument must be of type array|object, string given
in APPPATH\Helpers\common_helper.php on line 187.
 1 APPPATH\Helpers\common_helper.php(187): CodeIgniter\Debug\Exceptions->errorHandler(2, 'foreach() argument must be of type array|object, string given', 'APPPATH\\Helpers\\common_helper.php', 187)
 2 APPPATH\Helpers\common_helper.php(227): showCategories('0', [...], '1', '— ')
 3 APPPATH\Views\manage\contents\category\edit_category_view.php(25): showCategoriesEdit('0', [...])
 4 SYSTEMPATH\View\View.php(213): include('APPPATH\\Views\\manage\\contents\\category\\edit_category_view.php')
 5 SYSTEMPATH\View\View.php(216): CodeIgniter\View\View->CodeIgniter\View\{closure}()
 6 SYSTEMPATH\Common.php(1134): CodeIgniter\View\View->render('/manage/contents/category/edit_category_view', [], true)
 7 APPPATH\Views\manage\layout.php(48): view('/manage/contents/category/edit_category_view', [...])
 8 SYSTEMPATH\View\View.php(213): include('APPPATH\\Views\\manage\\layout.php')
 9 SYSTEMPATH\View\View.php(216): CodeIgniter\View\View->CodeIgniter\View\{closure}()
10 SYSTEMPATH\Common.php(1134): CodeIgniter\View\View->render('manage/layout', [], true)
11 APPPATH\Controllers\manage\Category.php(95): view('manage/layout', [...])
12 SYSTEMPATH\CodeIgniter.php(927): App\Controllers\manage\Category->edit('1')
13 SYSTEMPATH\CodeIgniter.php(482): CodeIgniter\CodeIgniter->runController(Object(App\Controllers\manage\Category))
14 SYSTEMPATH\CodeIgniter.php(351): CodeIgniter\CodeIgniter->handleRequest(null, Object(Config\Cache), false)
15 FCPATH\index.php(67): CodeIgniter\CodeIgniter->run()
ERROR - 2022-11-27 07:47:13 --> mysqli_sql_exception: Table 'ci4_cty.post' doesn't exist in C:\xampp\htdocs\ci4cty\system\Database\MySQLi\Connection.php:292
Stack trace:
#0 C:\xampp\htdocs\ci4cty\system\Database\MySQLi\Connection.php(292): mysqli->query('SELECT `post`.*...', 0)
#1 C:\xampp\htdocs\ci4cty\system\Database\BaseConnection.php(666): CodeIgniter\Database\MySQLi\Connection->execute('SELECT `post`.*...')
#2 C:\xampp\htdocs\ci4cty\system\Database\BaseConnection.php(593): CodeIgniter\Database\BaseConnection->simpleQuery('SELECT `post`.*...')
#3 C:\xampp\htdocs\ci4cty\system\Database\BaseBuilder.php(1585): CodeIgniter\Database\BaseConnection->query('SELECT `post`.*...', Array, false)
#4 C:\xampp\htdocs\ci4cty\app\Models\manage\Post_model.php(19): CodeIgniter\Database\BaseBuilder->get()
#5 C:\xampp\htdocs\ci4cty\app\Controllers\manage\Post.php(13): App\Models\manage\Post_model->getPost()
#6 C:\xampp\htdocs\ci4cty\system\CodeIgniter.php(927): App\Controllers\manage\Post->index()
#7 C:\xampp\htdocs\ci4cty\system\CodeIgniter.php(482): CodeIgniter\CodeIgniter->runController(Object(App\Controllers\manage\Post))
#8 C:\xampp\htdocs\ci4cty\system\CodeIgniter.php(351): CodeIgniter\CodeIgniter->handleRequest(NULL, Object(Config\Cache), false)
#9 C:\xampp\htdocs\ci4cty\index.php(67): CodeIgniter\CodeIgniter->run()
#10 {main}
CRITICAL - 2022-11-27 07:47:13 --> Table 'ci4_cty.post' doesn't exist
in SYSTEMPATH\Database\MySQLi\Connection.php on line 292.
 1 SYSTEMPATH\Database\MySQLi\Connection.php(292): mysqli->query('SELECT `post`.*, `category`.`title` as `cattitle`, `user`.`nicename` as `username`
FROM `post`
JOIN `category` ON `category`.`id` = `post`.`parentid`
JOIN `user` ON `user`.`id` = `post`.`authorid`
ORDER BY `id` DESC', 0)
 2 SYSTEMPATH\Database\BaseConnection.php(666): CodeIgniter\Database\MySQLi\Connection->execute('SELECT `post`.*, `category`.`title` as `cattitle`, `user`.`nicename` as `username`
FROM `post`
JOIN `category` ON `category`.`id` = `post`.`parentid`
JOIN `user` ON `user`.`id` = `post`.`authorid`
ORDER BY `id` DESC')
 3 SYSTEMPATH\Database\BaseConnection.php(593): CodeIgniter\Database\BaseConnection->simpleQuery('SELECT `post`.*, `category`.`title` as `cattitle`, `user`.`nicename` as `username`
FROM `post`
JOIN `category` ON `category`.`id` = `post`.`parentid`
JOIN `user` ON `user`.`id` = `post`.`authorid`
ORDER BY `id` DESC')
 4 SYSTEMPATH\Database\BaseBuilder.php(1585): CodeIgniter\Database\BaseConnection->query('SELECT `post`.*, `category`.`title` as `cattitle`, `user`.`nicename` as `username`
FROM `post`
JOIN `category` ON `category`.`id` = `post`.`parentid`
JOIN `user` ON `user`.`id` = `post`.`authorid`
ORDER BY `id` DESC', [], false)
 5 APPPATH\Models\manage\Post_model.php(19): CodeIgniter\Database\BaseBuilder->get()
 6 APPPATH\Controllers\manage\Post.php(13): App\Models\manage\Post_model->getPost()
 7 SYSTEMPATH\CodeIgniter.php(927): App\Controllers\manage\Post->index()
 8 SYSTEMPATH\CodeIgniter.php(482): CodeIgniter\CodeIgniter->runController(Object(App\Controllers\manage\Post))
 9 SYSTEMPATH\CodeIgniter.php(351): CodeIgniter\CodeIgniter->handleRequest(null, Object(Config\Cache), false)
10 FCPATH\index.php(67): CodeIgniter\CodeIgniter->run()
CRITICAL - 2022-11-27 07:50:06 --> Undefined variable $data
in APPPATH\Views\manage\layout.php on line 7.
 1 APPPATH\Views\manage\layout.php(7): CodeIgniter\Debug\Exceptions->errorHandler(2, 'Undefined variable $data', 'APPPATH\\Views\\manage\\layout.php', 7)
 2 SYSTEMPATH\View\View.php(213): include('APPPATH\\Views\\manage\\layout.php')
 3 SYSTEMPATH\View\View.php(216): CodeIgniter\View\View->CodeIgniter\View\{closure}()
 4 SYSTEMPATH\Common.php(1134): CodeIgniter\View\View->render('manage/layout', [], true)
 5 APPPATH\Controllers\manage\Post.php(27): view('manage/layout', [...])
 6 SYSTEMPATH\CodeIgniter.php(927): App\Controllers\manage\Post->index()
 7 SYSTEMPATH\CodeIgniter.php(482): CodeIgniter\CodeIgniter->runController(Object(App\Controllers\manage\Post))
 8 SYSTEMPATH\CodeIgniter.php(351): CodeIgniter\CodeIgniter->handleRequest(null, Object(Config\Cache), false)
 9 FCPATH\index.php(67): CodeIgniter\CodeIgniter->run()
CRITICAL - 2022-11-27 09:52:38 --> Class "App\Models\manage\Seo_model" not found
in APPPATH\Controllers\manage\Post.php on line 127.
 1 SYSTEMPATH\CodeIgniter.php(927): App\Controllers\manage\Post->edit('3')
 2 SYSTEMPATH\CodeIgniter.php(482): CodeIgniter\CodeIgniter->runController(Object(App\Controllers\manage\Post))
 3 SYSTEMPATH\CodeIgniter.php(351): CodeIgniter\CodeIgniter->handleRequest(null, Object(Config\Cache), false)
 4 FCPATH\index.php(67): CodeIgniter\CodeIgniter->run()
CRITICAL - 2022-11-27 09:53:08 --> Undefined variable $test
in APPPATH\Views\manage\contents\post\edit_post_view.php on line 102.
 1 APPPATH\Views\manage\contents\post\edit_post_view.php(102): CodeIgniter\Debug\Exceptions->errorHandler(2, 'Undefined variable $test', 'APPPATH\\Views\\manage\\contents\\post\\edit_post_view.php', 102)
 2 SYSTEMPATH\View\View.php(213): include('APPPATH\\Views\\manage\\contents\\post\\edit_post_view.php')
 3 SYSTEMPATH\View\View.php(216): CodeIgniter\View\View->CodeIgniter\View\{closure}()
 4 SYSTEMPATH\Common.php(1134): CodeIgniter\View\View->render('/manage/contents/post/edit_post_view', [], true)
 5 APPPATH\Views\manage\layout.php(48): view('/manage/contents/post/edit_post_view', [...])
 6 SYSTEMPATH\View\View.php(213): include('APPPATH\\Views\\manage\\layout.php')
 7 SYSTEMPATH\View\View.php(216): CodeIgniter\View\View->CodeIgniter\View\{closure}()
 8 SYSTEMPATH\Common.php(1134): CodeIgniter\View\View->render('manage/layout', [], true)
 9 APPPATH\Controllers\manage\Post.php(139): view('manage/layout', [...])
10 SYSTEMPATH\CodeIgniter.php(927): App\Controllers\manage\Post->edit('3')
11 SYSTEMPATH\CodeIgniter.php(482): CodeIgniter\CodeIgniter->runController(Object(App\Controllers\manage\Post))
12 SYSTEMPATH\CodeIgniter.php(351): CodeIgniter\CodeIgniter->handleRequest(null, Object(Config\Cache), false)
13 FCPATH\index.php(67): CodeIgniter\CodeIgniter->run()
CRITICAL - 2022-11-27 10:03:28 --> Cannot redeclare showCategories() (previously declared in C:\xampp\htdocs\ci4cty\app\Helpers\common_helper.php:185)
in APPPATH\Views\manage\contents\post\add_post_view.php on line 78.
 1 [internal function]: CodeIgniter\Debug\Exceptions->shutdownHandler()
CRITICAL - 2022-11-27 10:03:47 --> Cannot redeclare showCategories() (previously declared in C:\xampp\htdocs\ci4cty\app\Helpers\common_helper.php:185)
in APPPATH\Views\manage\contents\post\add_post_view.php on line 79.
 1 [internal function]: CodeIgniter\Debug\Exceptions->shutdownHandler()
CRITICAL - 2022-11-27 10:04:15 --> Undefined variable $test
in APPPATH\Views\manage\contents\post\add_post_view.php on line 71.
 1 APPPATH\Views\manage\contents\post\add_post_view.php(71): CodeIgniter\Debug\Exceptions->errorHandler(2, 'Undefined variable $test', 'APPPATH\\Views\\manage\\contents\\post\\add_post_view.php', 71)
 2 SYSTEMPATH\View\View.php(213): include('APPPATH\\Views\\manage\\contents\\post\\add_post_view.php')
 3 SYSTEMPATH\View\View.php(216): CodeIgniter\View\View->CodeIgniter\View\{closure}()
 4 SYSTEMPATH\Common.php(1134): CodeIgniter\View\View->render('/manage/contents/post/add_post_view', [], true)
 5 APPPATH\Views\manage\layout.php(48): view('/manage/contents/post/add_post_view', [...])
 6 SYSTEMPATH\View\View.php(213): include('APPPATH\\Views\\manage\\layout.php')
 7 SYSTEMPATH\View\View.php(216): CodeIgniter\View\View->CodeIgniter\View\{closure}()
 8 SYSTEMPATH\Common.php(1134): CodeIgniter\View\View->render('manage/layout', [], true)
 9 APPPATH\Controllers\manage\Post.php(40): view('manage/layout', [...])
10 SYSTEMPATH\CodeIgniter.php(927): App\Controllers\manage\Post->add()
11 SYSTEMPATH\CodeIgniter.php(482): CodeIgniter\CodeIgniter->runController(Object(App\Controllers\manage\Post))
12 SYSTEMPATH\CodeIgniter.php(351): CodeIgniter\CodeIgniter->handleRequest(null, Object(Config\Cache), false)
13 FCPATH\index.php(67): CodeIgniter\CodeIgniter->run()
CRITICAL - 2022-11-27 12:24:29 --> Undefined variable $data
in APPPATH\Views\manage\layout.php on line 7.
 1 APPPATH\Views\manage\layout.php(7): CodeIgniter\Debug\Exceptions->errorHandler(2, 'Undefined variable $data', 'APPPATH\\Views\\manage\\layout.php', 7)
 2 SYSTEMPATH\View\View.php(213): include('APPPATH\\Views\\manage\\layout.php')
 3 SYSTEMPATH\View\View.php(216): CodeIgniter\View\View->CodeIgniter\View\{closure}()
 4 SYSTEMPATH\Common.php(1134): CodeIgniter\View\View->render('manage/layout', [], true)
 5 APPPATH\Controllers\manage\Page.php(30): view('manage/layout', [...])
 6 SYSTEMPATH\CodeIgniter.php(927): App\Controllers\manage\Page->index()
 7 SYSTEMPATH\CodeIgniter.php(482): CodeIgniter\CodeIgniter->runController(Object(App\Controllers\manage\Page))
 8 SYSTEMPATH\CodeIgniter.php(351): CodeIgniter\CodeIgniter->handleRequest(null, Object(Config\Cache), false)
 9 FCPATH\index.php(67): CodeIgniter\CodeIgniter->run()
CRITICAL - 2022-11-27 12:33:32 --> Class "App\Models\manage\PageCat_model" not found
in APPPATH\Controllers\manage\Page.php on line 123.
 1 SYSTEMPATH\CodeIgniter.php(927): App\Controllers\manage\Page->edit('6')
 2 SYSTEMPATH\CodeIgniter.php(482): CodeIgniter\CodeIgniter->runController(Object(App\Controllers\manage\Page))
 3 SYSTEMPATH\CodeIgniter.php(351): CodeIgniter\CodeIgniter->handleRequest(null, Object(Config\Cache), false)
 4 FCPATH\index.php(67): CodeIgniter\CodeIgniter->run()
CRITICAL - 2022-11-27 12:34:08 --> Undefined variable $pagecat
in APPPATH\Views\manage\contents\page\edit_page_view.php on line 50.
 1 APPPATH\Views\manage\contents\page\edit_page_view.php(50): CodeIgniter\Debug\Exceptions->errorHandler(2, 'Undefined variable $pagecat', 'APPPATH\\Views\\manage\\contents\\page\\edit_page_view.php', 50)
 2 SYSTEMPATH\View\View.php(213): include('APPPATH\\Views\\manage\\contents\\page\\edit_page_view.php')
 3 SYSTEMPATH\View\View.php(216): CodeIgniter\View\View->CodeIgniter\View\{closure}()
 4 SYSTEMPATH\Common.php(1134): CodeIgniter\View\View->render('/manage/contents/page/edit_page_view', [], true)
 5 APPPATH\Views\manage\layout.php(48): view('/manage/contents/page/edit_page_view', [...])
 6 SYSTEMPATH\View\View.php(213): include('APPPATH\\Views\\manage\\layout.php')
 7 SYSTEMPATH\View\View.php(216): CodeIgniter\View\View->CodeIgniter\View\{closure}()
 8 SYSTEMPATH\Common.php(1134): CodeIgniter\View\View->render('manage/layout', [], true)
 9 APPPATH\Controllers\manage\Page.php(129): view('manage/layout', [...])
10 SYSTEMPATH\CodeIgniter.php(927): App\Controllers\manage\Page->edit('6')
11 SYSTEMPATH\CodeIgniter.php(482): CodeIgniter\CodeIgniter->runController(Object(App\Controllers\manage\Page))
12 SYSTEMPATH\CodeIgniter.php(351): CodeIgniter\CodeIgniter->handleRequest(null, Object(Config\Cache), false)
13 FCPATH\index.php(67): CodeIgniter\CodeIgniter->run()
CRITICAL - 2022-11-27 12:34:23 --> Undefined variable $pagecat
in APPPATH\Views\manage\contents\page\edit_page_view.php on line 50.
 1 APPPATH\Views\manage\contents\page\edit_page_view.php(50): CodeIgniter\Debug\Exceptions->errorHandler(2, 'Undefined variable $pagecat', 'APPPATH\\Views\\manage\\contents\\page\\edit_page_view.php', 50)
 2 SYSTEMPATH\View\View.php(213): include('APPPATH\\Views\\manage\\contents\\page\\edit_page_view.php')
 3 SYSTEMPATH\View\View.php(216): CodeIgniter\View\View->CodeIgniter\View\{closure}()
 4 SYSTEMPATH\Common.php(1134): CodeIgniter\View\View->render('/manage/contents/page/edit_page_view', [], true)
 5 APPPATH\Views\manage\layout.php(48): view('/manage/contents/page/edit_page_view', [...])
 6 SYSTEMPATH\View\View.php(213): include('APPPATH\\Views\\manage\\layout.php')
 7 SYSTEMPATH\View\View.php(216): CodeIgniter\View\View->CodeIgniter\View\{closure}()
 8 SYSTEMPATH\Common.php(1134): CodeIgniter\View\View->render('manage/layout', [], true)
 9 APPPATH\Controllers\manage\Page.php(129): view('manage/layout', [...])
10 SYSTEMPATH\CodeIgniter.php(927): App\Controllers\manage\Page->edit('6')
11 SYSTEMPATH\CodeIgniter.php(482): CodeIgniter\CodeIgniter->runController(Object(App\Controllers\manage\Page))
12 SYSTEMPATH\CodeIgniter.php(351): CodeIgniter\CodeIgniter->handleRequest(null, Object(Config\Cache), false)
13 FCPATH\index.php(67): CodeIgniter\CodeIgniter->run()
CRITICAL - 2022-11-27 12:34:36 --> Undefined variable $test
in APPPATH\Views\manage\contents\page\edit_page_view.php on line 83.
 1 APPPATH\Views\manage\contents\page\edit_page_view.php(83): CodeIgniter\Debug\Exceptions->errorHandler(2, 'Undefined variable $test', 'APPPATH\\Views\\manage\\contents\\page\\edit_page_view.php', 83)
 2 SYSTEMPATH\View\View.php(213): include('APPPATH\\Views\\manage\\contents\\page\\edit_page_view.php')
 3 SYSTEMPATH\View\View.php(216): CodeIgniter\View\View->CodeIgniter\View\{closure}()
 4 SYSTEMPATH\Common.php(1134): CodeIgniter\View\View->render('/manage/contents/page/edit_page_view', [], true)
 5 APPPATH\Views\manage\layout.php(48): view('/manage/contents/page/edit_page_view', [...])
 6 SYSTEMPATH\View\View.php(213): include('APPPATH\\Views\\manage\\layout.php')
 7 SYSTEMPATH\View\View.php(216): CodeIgniter\View\View->CodeIgniter\View\{closure}()
 8 SYSTEMPATH\Common.php(1134): CodeIgniter\View\View->render('manage/layout', [], true)
 9 APPPATH\Controllers\manage\Page.php(129): view('manage/layout', [...])
10 SYSTEMPATH\CodeIgniter.php(927): App\Controllers\manage\Page->edit('6')
11 SYSTEMPATH\CodeIgniter.php(482): CodeIgniter\CodeIgniter->runController(Object(App\Controllers\manage\Page))
12 SYSTEMPATH\CodeIgniter.php(351): CodeIgniter\CodeIgniter->handleRequest(null, Object(Config\Cache), false)
13 FCPATH\index.php(67): CodeIgniter\CodeIgniter->run()
CRITICAL - 2022-11-27 12:40:44 --> Undefined variable $data
in APPPATH\Views\manage\layout.php on line 7.
 1 APPPATH\Views\manage\layout.php(7): CodeIgniter\Debug\Exceptions->errorHandler(2, 'Undefined variable $data', 'APPPATH\\Views\\manage\\layout.php', 7)
 2 SYSTEMPATH\View\View.php(213): include('APPPATH\\Views\\manage\\layout.php')
 3 SYSTEMPATH\View\View.php(216): CodeIgniter\View\View->CodeIgniter\View\{closure}()
 4 SYSTEMPATH\Common.php(1134): CodeIgniter\View\View->render('manage/layout', [], true)
 5 APPPATH\Controllers\manage\Page.php(38): view('manage/layout', [...])
 6 SYSTEMPATH\CodeIgniter.php(927): App\Controllers\manage\Page->add()
 7 SYSTEMPATH\CodeIgniter.php(482): CodeIgniter\CodeIgniter->runController(Object(App\Controllers\manage\Page))
 8 SYSTEMPATH\CodeIgniter.php(351): CodeIgniter\CodeIgniter->handleRequest(null, Object(Config\Cache), false)
 9 FCPATH\index.php(67): CodeIgniter\CodeIgniter->run()
CRITICAL - 2022-11-27 12:52:42 --> Undefined variable $data
in APPPATH\Views\manage\layout.php on line 7.
 1 APPPATH\Views\manage\layout.php(7): CodeIgniter\Debug\Exceptions->errorHandler(2, 'Undefined variable $data', 'APPPATH\\Views\\manage\\layout.php', 7)
 2 SYSTEMPATH\View\View.php(213): include('APPPATH\\Views\\manage\\layout.php')
 3 SYSTEMPATH\View\View.php(216): CodeIgniter\View\View->CodeIgniter\View\{closure}()
 4 SYSTEMPATH\Common.php(1134): CodeIgniter\View\View->render('manage/layout', [], true)
 5 APPPATH\Controllers\manage\User.php(27): view('manage/layout', [...])
 6 SYSTEMPATH\CodeIgniter.php(927): App\Controllers\manage\User->index()
 7 SYSTEMPATH\CodeIgniter.php(482): CodeIgniter\CodeIgniter->runController(Object(App\Controllers\manage\User))
 8 SYSTEMPATH\CodeIgniter.php(351): CodeIgniter\CodeIgniter->handleRequest(null, Object(Config\Cache), false)
 9 FCPATH\index.php(67): CodeIgniter\CodeIgniter->run()
CRITICAL - 2022-11-27 12:55:36 --> Undefined variable $data
in APPPATH\Views\manage\layout.php on line 7.
 1 APPPATH\Views\manage\layout.php(7): CodeIgniter\Debug\Exceptions->errorHandler(2, 'Undefined variable $data', 'APPPATH\\Views\\manage\\layout.php', 7)
 2 SYSTEMPATH\View\View.php(213): include('APPPATH\\Views\\manage\\layout.php')
 3 SYSTEMPATH\View\View.php(216): CodeIgniter\View\View->CodeIgniter\View\{closure}()
 4 SYSTEMPATH\Common.php(1134): CodeIgniter\View\View->render('manage/layout', [], true)
 5 APPPATH\Controllers\manage\User.php(38): view('manage/layout', [...])
 6 SYSTEMPATH\CodeIgniter.php(927): App\Controllers\manage\User->add()
 7 SYSTEMPATH\CodeIgniter.php(482): CodeIgniter\CodeIgniter->runController(Object(App\Controllers\manage\User))
 8 SYSTEMPATH\CodeIgniter.php(351): CodeIgniter\CodeIgniter->handleRequest(null, Object(Config\Cache), false)
 9 FCPATH\index.php(67): CodeIgniter\CodeIgniter->run()
CRITICAL - 2022-11-27 13:19:11 --> The namespace delimiter is a backslash (\), not a slash (/). Route handler: \App\Controllers\manage/Site::index
in SYSTEMPATH\Router\Router.php on line 466.
 1 SYSTEMPATH\Router\Router.php(466): CodeIgniter\Router\Exceptions\RouterException::forInvalidControllerName('\\App\\Controllers\\manage/Site::index')
 2 SYSTEMPATH\Router\Router.php(181): CodeIgniter\Router\Router->checkRoutes('manage/options')
 3 SYSTEMPATH\CodeIgniter.php(802): CodeIgniter\Router\Router->handle('/manage/options')
 4 SYSTEMPATH\CodeIgniter.php(430): CodeIgniter\CodeIgniter->tryToRouteIt(Object(CodeIgniter\Router\RouteCollection))
 5 SYSTEMPATH\CodeIgniter.php(351): CodeIgniter\CodeIgniter->handleRequest(null, Object(Config\Cache), false)
 6 FCPATH\index.php(67): CodeIgniter\CodeIgniter->run()
CRITICAL - 2022-11-27 13:19:26 --> Undefined variable $data
in APPPATH\Views\manage\layout.php on line 7.
 1 APPPATH\Views\manage\layout.php(7): CodeIgniter\Debug\Exceptions->errorHandler(2, 'Undefined variable $data', 'APPPATH\\Views\\manage\\layout.php', 7)
 2 SYSTEMPATH\View\View.php(213): include('APPPATH\\Views\\manage\\layout.php')
 3 SYSTEMPATH\View\View.php(216): CodeIgniter\View\View->CodeIgniter\View\{closure}()
 4 SYSTEMPATH\Common.php(1134): CodeIgniter\View\View->render('manage/layout', [], true)
 5 APPPATH\Controllers\manage\Site.php(26): view('manage/layout', [...])
 6 SYSTEMPATH\CodeIgniter.php(927): App\Controllers\manage\Site->index()
 7 SYSTEMPATH\CodeIgniter.php(482): CodeIgniter\CodeIgniter->runController(Object(App\Controllers\manage\Site))
 8 SYSTEMPATH\CodeIgniter.php(351): CodeIgniter\CodeIgniter->handleRequest(null, Object(Config\Cache), false)
 9 FCPATH\index.php(67): CodeIgniter\CodeIgniter->run()
CRITICAL - 2022-11-27 13:31:31 --> Undefined variable $data
in APPPATH\Views\manage\layout.php on line 7.
 1 APPPATH\Views\manage\layout.php(7): CodeIgniter\Debug\Exceptions->errorHandler(2, 'Undefined variable $data', 'APPPATH\\Views\\manage\\layout.php', 7)
 2 SYSTEMPATH\View\View.php(213): include('APPPATH\\Views\\manage\\layout.php')
 3 SYSTEMPATH\View\View.php(216): CodeIgniter\View\View->CodeIgniter\View\{closure}()
 4 SYSTEMPATH\Common.php(1134): CodeIgniter\View\View->render('manage/layout', [], true)
 5 APPPATH\Controllers\manage\Info.php(20): view('manage/layout', [...])
 6 SYSTEMPATH\CodeIgniter.php(927): App\Controllers\manage\Info->index()
 7 SYSTEMPATH\CodeIgniter.php(482): CodeIgniter\CodeIgniter->runController(Object(App\Controllers\manage\Info))
 8 SYSTEMPATH\CodeIgniter.php(351): CodeIgniter\CodeIgniter->handleRequest(null, Object(Config\Cache), false)
 9 FCPATH\index.php(67): CodeIgniter\CodeIgniter->run()
CRITICAL - 2022-11-27 13:31:42 --> Invalid file: /manage/contents/info/edit_info_view.php
in SYSTEMPATH\Exceptions\FrameworkException.php on line 33.
 1 SYSTEMPATH\View\View.php(201): CodeIgniter\Exceptions\FrameworkException::forInvalidFile('/manage/contents/info/edit_info_view.php')
 2 SYSTEMPATH\Common.php(1134): CodeIgniter\View\View->render('/manage/contents/info/edit_info_view', [], true)
 3 APPPATH\Views\manage\layout.php(48): view('/manage/contents/info/edit_info_view', [...])
 4 SYSTEMPATH\View\View.php(213): include('APPPATH\\Views\\manage\\layout.php')
 5 SYSTEMPATH\View\View.php(216): CodeIgniter\View\View->CodeIgniter\View\{closure}()
 6 SYSTEMPATH\Common.php(1134): CodeIgniter\View\View->render('manage/layout', [], true)
 7 APPPATH\Controllers\manage\Info.php(20): view('manage/layout', [...])
 8 SYSTEMPATH\CodeIgniter.php(927): App\Controllers\manage\Info->index()
 9 SYSTEMPATH\CodeIgniter.php(482): CodeIgniter\CodeIgniter->runController(Object(App\Controllers\manage\Info))
10 SYSTEMPATH\CodeIgniter.php(351): CodeIgniter\CodeIgniter->handleRequest(null, Object(Config\Cache), false)
11 FCPATH\index.php(67): CodeIgniter\CodeIgniter->run()
CRITICAL - 2022-11-27 13:41:30 --> Undefined variable $data
in APPPATH\Views\manage\layout.php on line 7.
 1 APPPATH\Views\manage\layout.php(7): CodeIgniter\Debug\Exceptions->errorHandler(2, 'Undefined variable $data', 'APPPATH\\Views\\manage\\layout.php', 7)
 2 SYSTEMPATH\View\View.php(213): include('APPPATH\\Views\\manage\\layout.php')
 3 SYSTEMPATH\View\View.php(216): CodeIgniter\View\View->CodeIgniter\View\{closure}()
 4 SYSTEMPATH\Common.php(1134): CodeIgniter\View\View->render('manage/layout', [], true)
 5 APPPATH\Controllers\manage\Profile.php(19): view('manage/layout', [...])
 6 SYSTEMPATH\CodeIgniter.php(927): App\Controllers\manage\Profile->index()
 7 SYSTEMPATH\CodeIgniter.php(482): CodeIgniter\CodeIgniter->runController(Object(App\Controllers\manage\Profile))
 8 SYSTEMPATH\CodeIgniter.php(351): CodeIgniter\CodeIgniter->handleRequest(null, Object(Config\Cache), false)
 9 FCPATH\index.php(67): CodeIgniter\CodeIgniter->run()
CRITICAL - 2022-11-27 14:29:04 --> Undefined variable $test
in APPPATH\Views\manage\contents\category\add_category_view.php on line 38.
 1 APPPATH\Views\manage\contents\category\add_category_view.php(38): CodeIgniter\Debug\Exceptions->errorHandler(2, 'Undefined variable $test', 'APPPATH\\Views\\manage\\contents\\category\\add_category_view.php', 38)
 2 SYSTEMPATH\View\View.php(213): include('APPPATH\\Views\\manage\\contents\\category\\add_category_view.php')
 3 SYSTEMPATH\View\View.php(216): CodeIgniter\View\View->CodeIgniter\View\{closure}()
 4 SYSTEMPATH\Common.php(1134): CodeIgniter\View\View->render('/manage/contents/category/add_category_view', [], true)
 5 APPPATH\Views\manage\layout.php(48): view('/manage/contents/category/add_category_view', [...])
 6 SYSTEMPATH\View\View.php(213): include('APPPATH\\Views\\manage\\layout.php')
 7 SYSTEMPATH\View\View.php(216): CodeIgniter\View\View->CodeIgniter\View\{closure}()
 8 SYSTEMPATH\Common.php(1134): CodeIgniter\View\View->render('manage/layout', [], true)
 9 APPPATH\Controllers\manage\Category.php(35): view('manage/layout', [...])
10 SYSTEMPATH\CodeIgniter.php(927): App\Controllers\manage\Category->add()
11 SYSTEMPATH\CodeIgniter.php(482): CodeIgniter\CodeIgniter->runController(Object(App\Controllers\manage\Category))
12 SYSTEMPATH\CodeIgniter.php(351): CodeIgniter\CodeIgniter->handleRequest(null, Object(Config\Cache), false)
13 FCPATH\index.php(67): CodeIgniter\CodeIgniter->run()
CRITICAL - 2022-11-27 19:59:23 --> Class "App\Models\manage\Seo_model" not found
in APPPATH\Controllers\manage\Page.php on line 179.
 1 SYSTEMPATH\CodeIgniter.php(927): App\Controllers\manage\Page->update()
 2 SYSTEMPATH\CodeIgniter.php(482): CodeIgniter\CodeIgniter->runController(Object(App\Controllers\manage\Page))
 3 SYSTEMPATH\CodeIgniter.php(351): CodeIgniter\CodeIgniter->handleRequest(null, Object(Config\Cache), false)
 4 FCPATH\index.php(67): CodeIgniter\CodeIgniter->run()
CRITICAL - 2022-11-27 20:00:14 --> Call to undefined method App\Controllers\manage\Page::updateSeoContent()
in APPPATH\Controllers\manage\Page.php on line 188.
 1 SYSTEMPATH\CodeIgniter.php(927): App\Controllers\manage\Page->update()
 2 SYSTEMPATH\CodeIgniter.php(482): CodeIgniter\CodeIgniter->runController(Object(App\Controllers\manage\Page))
 3 SYSTEMPATH\CodeIgniter.php(351): CodeIgniter\CodeIgniter->handleRequest(null, Object(Config\Cache), false)
 4 FCPATH\index.php(67): CodeIgniter\CodeIgniter->run()
CRITICAL - 2022-11-27 20:14:48 --> syntax error, unexpected token "}", expecting "," or ";"
in APPPATH\Views\manage\components\menu.php on line 12.
 1 SYSTEMPATH\View\View.php(216): CodeIgniter\View\View->CodeIgniter\View\{closure}()
 2 SYSTEMPATH\Common.php(1134): CodeIgniter\View\View->render('manage/components/menu', [], true)
 3 APPPATH\Views\manage\layout.php(44): view('manage/components/menu', [...])
 4 SYSTEMPATH\View\View.php(213): include('APPPATH\\Views\\manage\\layout.php')
 5 SYSTEMPATH\View\View.php(216): CodeIgniter\View\View->CodeIgniter\View\{closure}()
 6 SYSTEMPATH\Common.php(1134): CodeIgniter\View\View->render('manage/layout', [], true)
 7 APPPATH\Controllers\manage\Post.php(27): view('manage/layout', [...])
 8 SYSTEMPATH\CodeIgniter.php(927): App\Controllers\manage\Post->index()
 9 SYSTEMPATH\CodeIgniter.php(482): CodeIgniter\CodeIgniter->runController(Object(App\Controllers\manage\Post))
10 SYSTEMPATH\CodeIgniter.php(351): CodeIgniter\CodeIgniter->handleRequest(null, Object(Config\Cache), false)
11 FCPATH\index.php(67): CodeIgniter\CodeIgniter->run()
CRITICAL - 2022-11-27 20:15:02 --> Undefined variable $site
in APPPATH\Views\manage\components\menu.php on line 5.
 1 APPPATH\Views\manage\components\menu.php(5): CodeIgniter\Debug\Exceptions->errorHandler(2, 'Undefined variable $site', 'APPPATH\\Views\\manage\\components\\menu.php', 5)
 2 SYSTEMPATH\View\View.php(213): include('APPPATH\\Views\\manage\\components\\menu.php')
 3 SYSTEMPATH\View\View.php(216): CodeIgniter\View\View->CodeIgniter\View\{closure}()
 4 SYSTEMPATH\Common.php(1134): CodeIgniter\View\View->render('manage/components/menu', [], true)
 5 APPPATH\Views\manage\layout.php(44): view('manage/components/menu', [...])
 6 SYSTEMPATH\View\View.php(213): include('APPPATH\\Views\\manage\\layout.php')
 7 SYSTEMPATH\View\View.php(216): CodeIgniter\View\View->CodeIgniter\View\{closure}()
 8 SYSTEMPATH\Common.php(1134): CodeIgniter\View\View->render('manage/layout', [], true)
 9 APPPATH\Controllers\manage\Post.php(27): view('manage/layout', [...])
10 SYSTEMPATH\CodeIgniter.php(927): App\Controllers\manage\Post->index()
11 SYSTEMPATH\CodeIgniter.php(482): CodeIgniter\CodeIgniter->runController(Object(App\Controllers\manage\Post))
12 SYSTEMPATH\CodeIgniter.php(351): CodeIgniter\CodeIgniter->handleRequest(null, Object(Config\Cache), false)
13 FCPATH\index.php(67): CodeIgniter\CodeIgniter->run()
CRITICAL - 2022-11-27 20:15:16 --> Attempt to read property "logo" on null
in APPPATH\Views\manage\components\menu.php on line 5.
 1 APPPATH\Views\manage\components\menu.php(5): CodeIgniter\Debug\Exceptions->errorHandler(2, 'Attempt to read property "logo" on null', 'APPPATH\\Views\\manage\\components\\menu.php', 5)
 2 SYSTEMPATH\View\View.php(213): include('APPPATH\\Views\\manage\\components\\menu.php')
 3 SYSTEMPATH\View\View.php(216): CodeIgniter\View\View->CodeIgniter\View\{closure}()
 4 SYSTEMPATH\Common.php(1134): CodeIgniter\View\View->render('manage/components/menu', [], true)
 5 APPPATH\Views\manage\layout.php(44): view('manage/components/menu', [...])
 6 SYSTEMPATH\View\View.php(213): include('APPPATH\\Views\\manage\\layout.php')
 7 SYSTEMPATH\View\View.php(216): CodeIgniter\View\View->CodeIgniter\View\{closure}()
 8 SYSTEMPATH\Common.php(1134): CodeIgniter\View\View->render('manage/layout', [], true)
 9 APPPATH\Controllers\manage\Category.php(32): view('manage/layout', [...])
10 SYSTEMPATH\CodeIgniter.php(927): App\Controllers\manage\Category->index()
11 SYSTEMPATH\CodeIgniter.php(482): CodeIgniter\CodeIgniter->runController(Object(App\Controllers\manage\Category))
12 SYSTEMPATH\CodeIgniter.php(351): CodeIgniter\CodeIgniter->handleRequest(null, Object(Config\Cache), false)
13 FCPATH\index.php(67): CodeIgniter\CodeIgniter->run()
CRITICAL - 2022-11-27 20:15:39 --> Attempt to read property "logo" on null
in APPPATH\Views\manage\components\menu.php on line 6.
 1 APPPATH\Views\manage\components\menu.php(6): CodeIgniter\Debug\Exceptions->errorHandler(2, 'Attempt to read property "logo" on null', 'APPPATH\\Views\\manage\\components\\menu.php', 6)
 2 SYSTEMPATH\View\View.php(213): include('APPPATH\\Views\\manage\\components\\menu.php')
 3 SYSTEMPATH\View\View.php(216): CodeIgniter\View\View->CodeIgniter\View\{closure}()
 4 SYSTEMPATH\Common.php(1134): CodeIgniter\View\View->render('manage/components/menu', [], true)
 5 APPPATH\Views\manage\layout.php(44): view('manage/components/menu', [...])
 6 SYSTEMPATH\View\View.php(213): include('APPPATH\\Views\\manage\\layout.php')
 7 SYSTEMPATH\View\View.php(216): CodeIgniter\View\View->CodeIgniter\View\{closure}()
 8 SYSTEMPATH\Common.php(1134): CodeIgniter\View\View->render('manage/layout', [], true)
 9 APPPATH\Controllers\manage\Category.php(32): view('manage/layout', [...])
10 SYSTEMPATH\CodeIgniter.php(927): App\Controllers\manage\Category->index()
11 SYSTEMPATH\CodeIgniter.php(482): CodeIgniter\CodeIgniter->runController(Object(App\Controllers\manage\Category))
12 SYSTEMPATH\CodeIgniter.php(351): CodeIgniter\CodeIgniter->handleRequest(null, Object(Config\Cache), false)
13 FCPATH\index.php(67): CodeIgniter\CodeIgniter->run()
CRITICAL - 2022-11-27 20:17:11 --> Attempt to read property "logo" on array
in APPPATH\Views\manage\components\menu.php on line 5.
 1 APPPATH\Views\manage\components\menu.php(5): CodeIgniter\Debug\Exceptions->errorHandler(2, 'Attempt to read property "logo" on array', 'APPPATH\\Views\\manage\\components\\menu.php', 5)
 2 SYSTEMPATH\View\View.php(213): include('APPPATH\\Views\\manage\\components\\menu.php')
 3 SYSTEMPATH\View\View.php(216): CodeIgniter\View\View->CodeIgniter\View\{closure}()
 4 SYSTEMPATH\Common.php(1134): CodeIgniter\View\View->render('manage/components/menu', [], true)
 5 APPPATH\Views\manage\layout.php(44): view('manage/components/menu', [...])
 6 SYSTEMPATH\View\View.php(213): include('APPPATH\\Views\\manage\\layout.php')
 7 SYSTEMPATH\View\View.php(216): CodeIgniter\View\View->CodeIgniter\View\{closure}()
 8 SYSTEMPATH\Common.php(1134): CodeIgniter\View\View->render('manage/layout', [], true)
 9 APPPATH\Controllers\manage\Category.php(32): view('manage/layout', [...])
10 SYSTEMPATH\CodeIgniter.php(927): App\Controllers\manage\Category->index()
11 SYSTEMPATH\CodeIgniter.php(482): CodeIgniter\CodeIgniter->runController(Object(App\Controllers\manage\Category))
12 SYSTEMPATH\CodeIgniter.php(351): CodeIgniter\CodeIgniter->handleRequest(null, Object(Config\Cache), false)
13 FCPATH\index.php(67): CodeIgniter\CodeIgniter->run()
CRITICAL - 2022-11-27 20:18:56 --> Undefined array key "logo"
in APPPATH\Views\manage\components\menu.php on line 5.
 1 APPPATH\Views\manage\components\menu.php(5): CodeIgniter\Debug\Exceptions->errorHandler(2, 'Undefined array key "logo"', 'APPPATH\\Views\\manage\\components\\menu.php', 5)
 2 SYSTEMPATH\View\View.php(213): include('APPPATH\\Views\\manage\\components\\menu.php')
 3 SYSTEMPATH\View\View.php(216): CodeIgniter\View\View->CodeIgniter\View\{closure}()
 4 SYSTEMPATH\Common.php(1134): CodeIgniter\View\View->render('manage/components/menu', [], true)
 5 APPPATH\Views\manage\layout.php(44): view('manage/components/menu', [...])
 6 SYSTEMPATH\View\View.php(213): include('APPPATH\\Views\\manage\\layout.php')
 7 SYSTEMPATH\View\View.php(216): CodeIgniter\View\View->CodeIgniter\View\{closure}()
 8 SYSTEMPATH\Common.php(1134): CodeIgniter\View\View->render('manage/layout', [], true)
 9 APPPATH\Controllers\manage\Category.php(32): view('manage/layout', [...])
10 SYSTEMPATH\CodeIgniter.php(927): App\Controllers\manage\Category->index()
11 SYSTEMPATH\CodeIgniter.php(482): CodeIgniter\CodeIgniter->runController(Object(App\Controllers\manage\Category))
12 SYSTEMPATH\CodeIgniter.php(351): CodeIgniter\CodeIgniter->handleRequest(null, Object(Config\Cache), false)
13 FCPATH\index.php(67): CodeIgniter\CodeIgniter->run()
CRITICAL - 2022-11-27 20:19:01 --> Undefined array key "logo"
in APPPATH\Views\manage\components\menu.php on line 5.
 1 APPPATH\Views\manage\components\menu.php(5): CodeIgniter\Debug\Exceptions->errorHandler(2, 'Undefined array key "logo"', 'APPPATH\\Views\\manage\\components\\menu.php', 5)
 2 SYSTEMPATH\View\View.php(213): include('APPPATH\\Views\\manage\\components\\menu.php')
 3 SYSTEMPATH\View\View.php(216): CodeIgniter\View\View->CodeIgniter\View\{closure}()
 4 SYSTEMPATH\Common.php(1134): CodeIgniter\View\View->render('manage/components/menu', [], true)
 5 APPPATH\Views\manage\layout.php(44): view('manage/components/menu', [...])
 6 SYSTEMPATH\View\View.php(213): include('APPPATH\\Views\\manage\\layout.php')
 7 SYSTEMPATH\View\View.php(216): CodeIgniter\View\View->CodeIgniter\View\{closure}()
 8 SYSTEMPATH\Common.php(1134): CodeIgniter\View\View->render('manage/layout', [], true)
 9 APPPATH\Controllers\manage\Category.php(32): view('manage/layout', [...])
10 SYSTEMPATH\CodeIgniter.php(927): App\Controllers\manage\Category->index()
11 SYSTEMPATH\CodeIgniter.php(482): CodeIgniter\CodeIgniter->runController(Object(App\Controllers\manage\Category))
12 SYSTEMPATH\CodeIgniter.php(351): CodeIgniter\CodeIgniter->handleRequest(null, Object(Config\Cache), false)
13 FCPATH\index.php(67): CodeIgniter\CodeIgniter->run()
CRITICAL - 2022-11-27 20:20:42 --> Cannot use object of type stdClass as array
in APPPATH\Views\manage\components\menu.php on line 5.
 1 SYSTEMPATH\View\View.php(213): include()
 2 SYSTEMPATH\View\View.php(216): CodeIgniter\View\View->CodeIgniter\View\{closure}()
 3 SYSTEMPATH\Common.php(1134): CodeIgniter\View\View->render('manage/components/menu', [], true)
 4 APPPATH\Views\manage\layout.php(44): view('manage/components/menu', [...])
 5 SYSTEMPATH\View\View.php(213): include('APPPATH\\Views\\manage\\layout.php')
 6 SYSTEMPATH\View\View.php(216): CodeIgniter\View\View->CodeIgniter\View\{closure}()
 7 SYSTEMPATH\Common.php(1134): CodeIgniter\View\View->render('manage/layout', [], true)
 8 APPPATH\Controllers\manage\Category.php(32): view('manage/layout', [...])
 9 SYSTEMPATH\CodeIgniter.php(927): App\Controllers\manage\Category->index()
10 SYSTEMPATH\CodeIgniter.php(482): CodeIgniter\CodeIgniter->runController(Object(App\Controllers\manage\Category))
11 SYSTEMPATH\CodeIgniter.php(351): CodeIgniter\CodeIgniter->handleRequest(null, Object(Config\Cache), false)
12 FCPATH\index.php(67): CodeIgniter\CodeIgniter->run()
CRITICAL - 2022-11-27 20:21:18 --> Cannot use object of type stdClass as array
in APPPATH\Views\manage\components\menu.php on line 6.
 1 SYSTEMPATH\View\View.php(213): include()
 2 SYSTEMPATH\View\View.php(216): CodeIgniter\View\View->CodeIgniter\View\{closure}()
 3 SYSTEMPATH\Common.php(1134): CodeIgniter\View\View->render('manage/components/menu', [], true)
 4 APPPATH\Views\manage\layout.php(44): view('manage/components/menu', [...])
 5 SYSTEMPATH\View\View.php(213): include('APPPATH\\Views\\manage\\layout.php')
 6 SYSTEMPATH\View\View.php(216): CodeIgniter\View\View->CodeIgniter\View\{closure}()
 7 SYSTEMPATH\Common.php(1134): CodeIgniter\View\View->render('manage/layout', [], true)
 8 APPPATH\Controllers\manage\Category.php(32): view('manage/layout', [...])
 9 SYSTEMPATH\CodeIgniter.php(927): App\Controllers\manage\Category->index()
10 SYSTEMPATH\CodeIgniter.php(482): CodeIgniter\CodeIgniter->runController(Object(App\Controllers\manage\Category))
11 SYSTEMPATH\CodeIgniter.php(351): CodeIgniter\CodeIgniter->handleRequest(null, Object(Config\Cache), false)
12 FCPATH\index.php(67): CodeIgniter\CodeIgniter->run()
CRITICAL - 2022-11-27 20:21:24 --> Cannot use object of type stdClass as array
in APPPATH\Views\manage\components\menu.php on line 6.
 1 SYSTEMPATH\View\View.php(213): include()
 2 SYSTEMPATH\View\View.php(216): CodeIgniter\View\View->CodeIgniter\View\{closure}()
 3 SYSTEMPATH\Common.php(1134): CodeIgniter\View\View->render('manage/components/menu', [], true)
 4 APPPATH\Views\manage\layout.php(44): view('manage/components/menu', [...])
 5 SYSTEMPATH\View\View.php(213): include('APPPATH\\Views\\manage\\layout.php')
 6 SYSTEMPATH\View\View.php(216): CodeIgniter\View\View->CodeIgniter\View\{closure}()
 7 SYSTEMPATH\Common.php(1134): CodeIgniter\View\View->render('manage/layout', [], true)
 8 APPPATH\Controllers\manage\Category.php(32): view('manage/layout', [...])
 9 SYSTEMPATH\CodeIgniter.php(927): App\Controllers\manage\Category->index()
10 SYSTEMPATH\CodeIgniter.php(482): CodeIgniter\CodeIgniter->runController(Object(App\Controllers\manage\Category))
11 SYSTEMPATH\CodeIgniter.php(351): CodeIgniter\CodeIgniter->handleRequest(null, Object(Config\Cache), false)
12 FCPATH\index.php(67): CodeIgniter\CodeIgniter->run()
CRITICAL - 2022-11-27 20:26:03 --> Undefined variable $site
in APPPATH\Views\manage\components\menu.php on line 5.
 1 APPPATH\Views\manage\components\menu.php(5): CodeIgniter\Debug\Exceptions->errorHandler(2, 'Undefined variable $site', 'APPPATH\\Views\\manage\\components\\menu.php', 5)
 2 SYSTEMPATH\View\View.php(213): include('APPPATH\\Views\\manage\\components\\menu.php')
 3 SYSTEMPATH\View\View.php(216): CodeIgniter\View\View->CodeIgniter\View\{closure}()
 4 SYSTEMPATH\Common.php(1134): CodeIgniter\View\View->render('manage/components/menu', [], true)
 5 APPPATH\Views\manage\layout.php(44): view('manage/components/menu', [...])
 6 SYSTEMPATH\View\View.php(213): include('APPPATH\\Views\\manage\\layout.php')
 7 SYSTEMPATH\View\View.php(216): CodeIgniter\View\View->CodeIgniter\View\{closure}()
 8 SYSTEMPATH\Common.php(1134): CodeIgniter\View\View->render('manage/layout', [], true)
 9 APPPATH\Controllers\manage\Site.php(26): view('manage/layout', [...])
10 SYSTEMPATH\CodeIgniter.php(927): App\Controllers\manage\Site->index()
11 SYSTEMPATH\CodeIgniter.php(482): CodeIgniter\CodeIgniter->runController(Object(App\Controllers\manage\Site))
12 SYSTEMPATH\CodeIgniter.php(351): CodeIgniter\CodeIgniter->handleRequest(null, Object(Config\Cache), false)
13 FCPATH\index.php(67): CodeIgniter\CodeIgniter->run()
CRITICAL - 2022-11-27 20:28:11 --> Undefined variable $site
in APPPATH\Views\manage\components\menu.php on line 5.
 1 APPPATH\Views\manage\components\menu.php(5): CodeIgniter\Debug\Exceptions->errorHandler(2, 'Undefined variable $site', 'APPPATH\\Views\\manage\\components\\menu.php', 5)
 2 SYSTEMPATH\View\View.php(213): include('APPPATH\\Views\\manage\\components\\menu.php')
 3 SYSTEMPATH\View\View.php(216): CodeIgniter\View\View->CodeIgniter\View\{closure}()
 4 SYSTEMPATH\Common.php(1134): CodeIgniter\View\View->render('manage/components/menu', [], true)
 5 APPPATH\Views\manage\layout.php(44): view('manage/components/menu', [...])
 6 SYSTEMPATH\View\View.php(213): include('APPPATH\\Views\\manage\\layout.php')
 7 SYSTEMPATH\View\View.php(216): CodeIgniter\View\View->CodeIgniter\View\{closure}()
 8 SYSTEMPATH\Common.php(1134): CodeIgniter\View\View->render('manage/layout', [], true)
 9 APPPATH\Controllers\manage\Site.php(33): view('manage/layout', [...])
10 SYSTEMPATH\CodeIgniter.php(927): App\Controllers\manage\Site->index()
11 SYSTEMPATH\CodeIgniter.php(482): CodeIgniter\CodeIgniter->runController(Object(App\Controllers\manage\Site))
12 SYSTEMPATH\CodeIgniter.php(351): CodeIgniter\CodeIgniter->handleRequest(null, Object(Config\Cache), false)
13 FCPATH\index.php(67): CodeIgniter\CodeIgniter->run()
CRITICAL - 2022-11-27 20:41:32 --> Undefined variable $site
in APPPATH\Views\manage\layout.php on line 9.
 1 APPPATH\Views\manage\layout.php(9): CodeIgniter\Debug\Exceptions->errorHandler(2, 'Undefined variable $site', 'APPPATH\\Views\\manage\\layout.php', 9)
 2 SYSTEMPATH\View\View.php(213): include('APPPATH\\Views\\manage\\layout.php')
 3 SYSTEMPATH\View\View.php(216): CodeIgniter\View\View->CodeIgniter\View\{closure}()
 4 SYSTEMPATH\Common.php(1134): CodeIgniter\View\View->render('manage/layout', [], true)
 5 APPPATH\Controllers\manage\Info.php(31): view('manage/layout', [...])
 6 SYSTEMPATH\CodeIgniter.php(927): App\Controllers\manage\Info->index()
 7 SYSTEMPATH\CodeIgniter.php(482): CodeIgniter\CodeIgniter->runController(Object(App\Controllers\manage\Info))
 8 SYSTEMPATH\CodeIgniter.php(351): CodeIgniter\CodeIgniter->handleRequest(null, Object(Config\Cache), false)
 9 FCPATH\index.php(67): CodeIgniter\CodeIgniter->run()
CRITICAL - 2022-11-27 20:44:56 --> Undefined array key "site"
in APPPATH\Views\manage\layout.php on line 9.
 1 APPPATH\Views\manage\layout.php(9): CodeIgniter\Debug\Exceptions->errorHandler(2, 'Undefined array key "site"', 'APPPATH\\Views\\manage\\layout.php', 9)
 2 SYSTEMPATH\View\View.php(213): include('APPPATH\\Views\\manage\\layout.php')
 3 SYSTEMPATH\View\View.php(216): CodeIgniter\View\View->CodeIgniter\View\{closure}()
 4 SYSTEMPATH\Common.php(1134): CodeIgniter\View\View->render('manage/layout', [], true)
 5 APPPATH\Controllers\manage\Page.php(37): view('manage/layout', [...])
 6 SYSTEMPATH\CodeIgniter.php(927): App\Controllers\manage\Page->index()
 7 SYSTEMPATH\CodeIgniter.php(482): CodeIgniter\CodeIgniter->runController(Object(App\Controllers\manage\Page))
 8 SYSTEMPATH\CodeIgniter.php(351): CodeIgniter\CodeIgniter->handleRequest(null, Object(Config\Cache), false)
 9 FCPATH\index.php(67): CodeIgniter\CodeIgniter->run()
CRITICAL - 2022-11-27 20:47:13 --> Undefined array key "site"
in APPPATH\Views\manage\layout.php on line 9.
 1 APPPATH\Views\manage\layout.php(9): CodeIgniter\Debug\Exceptions->errorHandler(2, 'Undefined array key "site"', 'APPPATH\\Views\\manage\\layout.php', 9)
 2 SYSTEMPATH\View\View.php(213): include('APPPATH\\Views\\manage\\layout.php')
 3 SYSTEMPATH\View\View.php(216): CodeIgniter\View\View->CodeIgniter\View\{closure}()
 4 SYSTEMPATH\Common.php(1134): CodeIgniter\View\View->render('manage/layout', [], true)
 5 APPPATH\Controllers\manage\User.php(119): view('manage/layout', [...])
 6 SYSTEMPATH\CodeIgniter.php(927): App\Controllers\manage\User->edit('1')
 7 SYSTEMPATH\CodeIgniter.php(482): CodeIgniter\CodeIgniter->runController(Object(App\Controllers\manage\User))
 8 SYSTEMPATH\CodeIgniter.php(351): CodeIgniter\CodeIgniter->handleRequest(null, Object(Config\Cache), false)
 9 FCPATH\index.php(67): CodeIgniter\CodeIgniter->run()
CRITICAL - 2022-11-27 20:49:30 --> Undefined array key "site"
in APPPATH\Views\manage\layout.php on line 9.
 1 APPPATH\Views\manage\layout.php(9): CodeIgniter\Debug\Exceptions->errorHandler(2, 'Undefined array key "site"', 'APPPATH\\Views\\manage\\layout.php', 9)
 2 SYSTEMPATH\View\View.php(213): include('APPPATH\\Views\\manage\\layout.php')
 3 SYSTEMPATH\View\View.php(216): CodeIgniter\View\View->CodeIgniter\View\{closure}()
 4 SYSTEMPATH\Common.php(1134): CodeIgniter\View\View->render('manage/layout', [], true)
 5 APPPATH\Controllers\manage\User.php(119): view('manage/layout', [...])
 6 SYSTEMPATH\CodeIgniter.php(927): App\Controllers\manage\User->edit('1')
 7 SYSTEMPATH\CodeIgniter.php(482): CodeIgniter\CodeIgniter->runController(Object(App\Controllers\manage\User))
 8 SYSTEMPATH\CodeIgniter.php(351): CodeIgniter\CodeIgniter->handleRequest(null, Object(Config\Cache), false)
 9 FCPATH\index.php(67): CodeIgniter\CodeIgniter->run()
CRITICAL - 2022-11-27 20:51:05 --> Undefined array key "site"
in APPPATH\Views\manage\layout.php on line 9.
 1 APPPATH\Views\manage\layout.php(9): CodeIgniter\Debug\Exceptions->errorHandler(2, 'Undefined array key "site"', 'APPPATH\\Views\\manage\\layout.php', 9)
 2 SYSTEMPATH\View\View.php(213): include('APPPATH\\Views\\manage\\layout.php')
 3 SYSTEMPATH\View\View.php(216): CodeIgniter\View\View->CodeIgniter\View\{closure}()
 4 SYSTEMPATH\Common.php(1134): CodeIgniter\View\View->render('manage/layout', [], true)
 5 APPPATH\Controllers\manage\User.php(119): view('manage/layout', [...])
 6 SYSTEMPATH\CodeIgniter.php(927): App\Controllers\manage\User->edit('1')
 7 SYSTEMPATH\CodeIgniter.php(482): CodeIgniter\CodeIgniter->runController(Object(App\Controllers\manage\User))
 8 SYSTEMPATH\CodeIgniter.php(351): CodeIgniter\CodeIgniter->handleRequest(null, Object(Config\Cache), false)
 9 FCPATH\index.php(67): CodeIgniter\CodeIgniter->run()
CRITICAL - 2022-11-27 21:56:59 --> Undefined variable $category
in APPPATH\Views\manage\contents\menu\menu_view.php on line 21.
 1 APPPATH\Views\manage\contents\menu\menu_view.php(21): CodeIgniter\Debug\Exceptions->errorHandler(2, 'Undefined variable $category', 'APPPATH\\Views\\manage\\contents\\menu\\menu_view.php', 21)
 2 SYSTEMPATH\View\View.php(213): include('APPPATH\\Views\\manage\\contents\\menu\\menu_view.php')
 3 SYSTEMPATH\View\View.php(216): CodeIgniter\View\View->CodeIgniter\View\{closure}()
 4 SYSTEMPATH\Common.php(1134): CodeIgniter\View\View->render('/manage/contents/menu/menu_view', [], true)
 5 APPPATH\Views\manage\layout.php(56): view('/manage/contents/menu/menu_view', [...])
 6 SYSTEMPATH\View\View.php(213): include('APPPATH\\Views\\manage\\layout.php')
 7 SYSTEMPATH\View\View.php(216): CodeIgniter\View\View->CodeIgniter\View\{closure}()
 8 SYSTEMPATH\Common.php(1134): CodeIgniter\View\View->render('manage/layout', [], true)
 9 APPPATH\Controllers\manage\Menu.php(33): view('manage/layout', [...])
10 SYSTEMPATH\CodeIgniter.php(927): App\Controllers\manage\Menu->index()
11 SYSTEMPATH\CodeIgniter.php(482): CodeIgniter\CodeIgniter->runController(Object(App\Controllers\manage\Menu))
12 SYSTEMPATH\CodeIgniter.php(351): CodeIgniter\CodeIgniter->handleRequest(null, Object(Config\Cache), false)
13 FCPATH\index.php(67): CodeIgniter\CodeIgniter->run()
CRITICAL - 2022-11-27 21:57:17 --> Undefined variable $category
in APPPATH\Views\manage\contents\menu\menu_view.php on line 21.
 1 APPPATH\Views\manage\contents\menu\menu_view.php(21): CodeIgniter\Debug\Exceptions->errorHandler(2, 'Undefined variable $category', 'APPPATH\\Views\\manage\\contents\\menu\\menu_view.php', 21)
 2 SYSTEMPATH\View\View.php(213): include('APPPATH\\Views\\manage\\contents\\menu\\menu_view.php')
 3 SYSTEMPATH\View\View.php(216): CodeIgniter\View\View->CodeIgniter\View\{closure}()
 4 SYSTEMPATH\Common.php(1134): CodeIgniter\View\View->render('/manage/contents/menu/menu_view', [], true)
 5 APPPATH\Views\manage\layout.php(56): view('/manage/contents/menu/menu_view', [...])
 6 SYSTEMPATH\View\View.php(213): include('APPPATH\\Views\\manage\\layout.php')
 7 SYSTEMPATH\View\View.php(216): CodeIgniter\View\View->CodeIgniter\View\{closure}()
 8 SYSTEMPATH\Common.php(1134): CodeIgniter\View\View->render('manage/layout', [], true)
 9 APPPATH\Controllers\manage\Menu.php(33): view('manage/layout', [...])
10 SYSTEMPATH\CodeIgniter.php(927): App\Controllers\manage\Menu->index()
11 SYSTEMPATH\CodeIgniter.php(482): CodeIgniter\CodeIgniter->runController(Object(App\Controllers\manage\Menu))
12 SYSTEMPATH\CodeIgniter.php(351): CodeIgniter\CodeIgniter->handleRequest(null, Object(Config\Cache), false)
13 FCPATH\index.php(67): CodeIgniter\CodeIgniter->run()
CRITICAL - 2022-11-27 22:02:23 --> Undefined variable $category
in APPPATH\Views\manage\contents\menu\add_menu_view.php on line 25.
 1 APPPATH\Views\manage\contents\menu\add_menu_view.php(25): CodeIgniter\Debug\Exceptions->errorHandler(2, 'Undefined variable $category', 'APPPATH\\Views\\manage\\contents\\menu\\add_menu_view.php', 25)
 2 SYSTEMPATH\View\View.php(213): include('APPPATH\\Views\\manage\\contents\\menu\\add_menu_view.php')
 3 SYSTEMPATH\View\View.php(216): CodeIgniter\View\View->CodeIgniter\View\{closure}()
 4 SYSTEMPATH\Common.php(1134): CodeIgniter\View\View->render('/manage/contents/menu/add_menu_view', [], true)
 5 APPPATH\Views\manage\layout.php(56): view('/manage/contents/menu/add_menu_view', [...])
 6 SYSTEMPATH\View\View.php(213): include('APPPATH\\Views\\manage\\layout.php')
 7 SYSTEMPATH\View\View.php(216): CodeIgniter\View\View->CodeIgniter\View\{closure}()
 8 SYSTEMPATH\Common.php(1134): CodeIgniter\View\View->render('manage/layout', [], true)
 9 APPPATH\Controllers\manage\Menu.php(47): view('manage/layout', [...])
10 SYSTEMPATH\CodeIgniter.php(927): App\Controllers\manage\Menu->add()
11 SYSTEMPATH\CodeIgniter.php(482): CodeIgniter\CodeIgniter->runController(Object(App\Controllers\manage\Menu))
12 SYSTEMPATH\CodeIgniter.php(351): CodeIgniter\CodeIgniter->handleRequest(null, Object(Config\Cache), false)
13 FCPATH\index.php(67): CodeIgniter\CodeIgniter->run()
CRITICAL - 2022-11-27 22:13:02 --> Undefined variable $category
in APPPATH\Views\manage\contents\menu\edit_menu_view.php on line 17.
 1 APPPATH\Views\manage\contents\menu\edit_menu_view.php(17): CodeIgniter\Debug\Exceptions->errorHandler(2, 'Undefined variable $category', 'APPPATH\\Views\\manage\\contents\\menu\\edit_menu_view.php', 17)
 2 SYSTEMPATH\View\View.php(213): include('APPPATH\\Views\\manage\\contents\\menu\\edit_menu_view.php')
 3 SYSTEMPATH\View\View.php(216): CodeIgniter\View\View->CodeIgniter\View\{closure}()
 4 SYSTEMPATH\Common.php(1134): CodeIgniter\View\View->render('/manage/contents/menu/edit_menu_view', [], true)
 5 APPPATH\Views\manage\layout.php(56): view('/manage/contents/menu/edit_menu_view', [...])
 6 SYSTEMPATH\View\View.php(213): include('APPPATH\\Views\\manage\\layout.php')
 7 SYSTEMPATH\View\View.php(216): CodeIgniter\View\View->CodeIgniter\View\{closure}()
 8 SYSTEMPATH\Common.php(1134): CodeIgniter\View\View->render('manage/layout', [], true)
 9 APPPATH\Controllers\manage\Menu.php(97): view('manage/layout', [...])
10 SYSTEMPATH\CodeIgniter.php(927): App\Controllers\manage\Menu->edit('1')
11 SYSTEMPATH\CodeIgniter.php(482): CodeIgniter\CodeIgniter->runController(Object(App\Controllers\manage\Menu))
12 SYSTEMPATH\CodeIgniter.php(351): CodeIgniter\CodeIgniter->handleRequest(null, Object(Config\Cache), false)
13 FCPATH\index.php(67): CodeIgniter\CodeIgniter->run()
CRITICAL - 2022-11-27 22:20:37 --> preg_replace(): Passing null to parameter #3 ($subject) of type array|string is deprecated
in APPPATH\Helpers\common_helper.php on line 104.
 1 [internal function]: CodeIgniter\Debug\Exceptions->errorHandler(8192, 'preg_replace(): Passing null to parameter #3 ($subject) of type array|string is deprecated', 'APPPATH\\Helpers\\common_helper.php', 104)
 2 APPPATH\Helpers\common_helper.php(104): preg_replace([...], [...], null)
 3 APPPATH\Controllers\manage\Menu.php(113): create_slug(null)
 4 SYSTEMPATH\CodeIgniter.php(927): App\Controllers\manage\Menu->update()
 5 SYSTEMPATH\CodeIgniter.php(482): CodeIgniter\CodeIgniter->runController(Object(App\Controllers\manage\Menu))
 6 SYSTEMPATH\CodeIgniter.php(351): CodeIgniter\CodeIgniter->handleRequest(null, Object(Config\Cache), false)
 7 FCPATH\index.php(67): CodeIgniter\CodeIgniter->run()
CRITICAL - 2022-11-27 22:25:01 --> preg_replace(): Passing null to parameter #3 ($subject) of type array|string is deprecated
in APPPATH\Helpers\common_helper.php on line 104.
 1 [internal function]: CodeIgniter\Debug\Exceptions->errorHandler(8192, 'preg_replace(): Passing null to parameter #3 ($subject) of type array|string is deprecated', 'APPPATH\\Helpers\\common_helper.php', 104)
 2 APPPATH\Helpers\common_helper.php(104): preg_replace([...], [...], null)
 3 APPPATH\Controllers\manage\Menu.php(113): create_slug(null)
 4 SYSTEMPATH\CodeIgniter.php(927): App\Controllers\manage\Menu->update()
 5 SYSTEMPATH\CodeIgniter.php(482): CodeIgniter\CodeIgniter->runController(Object(App\Controllers\manage\Menu))
 6 SYSTEMPATH\CodeIgniter.php(351): CodeIgniter\CodeIgniter->handleRequest(null, Object(Config\Cache), false)
 7 FCPATH\index.php(67): CodeIgniter\CodeIgniter->run()
CRITICAL - 2022-11-27 22:25:44 --> preg_replace(): Passing null to parameter #3 ($subject) of type array|string is deprecated
in APPPATH\Helpers\common_helper.php on line 104.
 1 [internal function]: CodeIgniter\Debug\Exceptions->errorHandler(8192, 'preg_replace(): Passing null to parameter #3 ($subject) of type array|string is deprecated', 'APPPATH\\Helpers\\common_helper.php', 104)
 2 APPPATH\Helpers\common_helper.php(104): preg_replace([...], [...], null)
 3 APPPATH\Controllers\manage\Menu.php(113): create_slug(null)
 4 SYSTEMPATH\CodeIgniter.php(927): App\Controllers\manage\Menu->update()
 5 SYSTEMPATH\CodeIgniter.php(482): CodeIgniter\CodeIgniter->runController(Object(App\Controllers\manage\Menu))
 6 SYSTEMPATH\CodeIgniter.php(351): CodeIgniter\CodeIgniter->handleRequest(null, Object(Config\Cache), false)
 7 FCPATH\index.php(67): CodeIgniter\CodeIgniter->run()
